01913cf564ad1e8fa71ff0645665771509cb33c5
==================================================
Ensure response is committed when AsyncContext#complete() is called.
==================================================
Mark Emlyn
==================================================
Sat Apr 23 21:27:54 2011 +0000
==================================================
AsyncContextImpl.java
Ensure response is committed when AsyncContext#complete() is called.

git-svn-id: https://svn.apache.org/repos/asf/tomcat/trunk@1096235 13f79535-47bb-0310-9956-ffa450edef68



==================================================
TestAsyncContextImpl.java
index 807b7f0ae7..b36ce22e19 100644
--- a/java/org/apache/catalina/core/AsyncContextImpl.java
+++ b/java/org/apache/catalina/core/AsyncContextImpl.java
@@ -80,6 +80,7 @@ public class AsyncContextImpl implements AsyncContext, AsyncContextCallback {
         if (log.isDebugEnabled()) {
             logDebug("complete   ");
         }
+        request.getCoyoteRequest().action(ActionCode.COMMIT, null);
         request.getCoyoteRequest().action(ActionCode.ASYNC_COMPLETE, null);
     }
 

==================================================
