04a01622595a97478cbc7728408158fc763483d1
==================================================
Update non-blocking test so it passes with current code.
==================================================
Mark Emlyn
==================================================
Fri May 3 12:03:33 2013 +0000
==================================================
OutputBuffer.java
Update non-blocking test so it passes with current code.

git-svn-id: https://svn.apache.org/repos/asf/tomcat/trunk@1478743 13f79535-47bb-0310-9956-ffa450edef68



==================================================
TestNonBlockingAPI.java
index bec826975d..2520f4e896 100644
--- a/java/org/apache/catalina/connector/OutputBuffer.java
+++ b/java/org/apache/catalina/connector/OutputBuffer.java
@@ -650,7 +650,8 @@ public class OutputBuffer extends Writer
         if (coyoteResponse.getWriteListener() == null) {
             throw new IllegalStateException("not in non blocking mode.");
         }
-        AtomicBoolean isReady = new AtomicBoolean(true);
+        // Assume write is not possible
+        AtomicBoolean isReady = new AtomicBoolean(false);
         coyoteResponse.action(ActionCode.NB_WRITE_INTEREST, isReady);
         return isReady.get();
     }

==================================================
