053742aa498e5555cf913fbb662ba5247a4078c0
==================================================
Remove unused attributes
==================================================
Mark Emlyn
==================================================
Thu Jan 17 09:12:56 2013 +0000
==================================================
Http11AprProtocol.java
Remove unused attributes

git-svn-id: https://svn.apache.org/repos/asf/tomcat/trunk@1434598 13f79535-47bb-0310-9956-ffa450edef68



==================================================
AprEndpoint.java
index 04c8cb806e..2d2e507285 100644
--- a/java/org/apache/coyote/http11/Http11AprProtocol.java
+++ b/java/org/apache/coyote/http11/Http11AprProtocol.java
@@ -82,9 +82,6 @@ public class Http11AprProtocol extends AbstractHttp11Protocol<Long> {
     public void setPollerSize(int pollerSize) { endpoint.setMaxConnections(pollerSize); }
     public int getPollerSize() { return endpoint.getMaxConnections(); }
 
-    public void setPollerThreadCount(int pollerThreadCount) { ((AprEndpoint)endpoint).setPollerThreadCount(pollerThreadCount); }
-    public int getPollerThreadCount() { return ((AprEndpoint)endpoint).getPollerThreadCount(); }
-
     public int getSendfileSize() { return ((AprEndpoint)endpoint).getSendfileSize(); }
     public void setSendfileSize(int sendfileSize) { ((AprEndpoint)endpoint).setSendfileSize(sendfileSize); }
 

==================================================
