06e3df04497b6346e4090689fe75ff69240f6b23
==================================================
Remove test loop
==================================================
remm remm@apache.org
==================================================
Wed Jun 5 16:06:00 2019 +0200
==================================================
TestAsyncFlush.java
Remove test loop


==================================================
TestHttp2Section_5_3.java
index 3c4373bb02..8de4c5476f 100644
--- a/test/org/apache/coyote/http2/TestAsyncFlush.java
+++ b/test/org/apache/coyote/http2/TestAsyncFlush.java
@@ -28,8 +28,6 @@ import javax.servlet.http.HttpServletResponse;
 
 import org.junit.Assert;
 import org.junit.Test;
-import org.junit.runner.RunWith;
-import org.junit.runners.Parameterized;
 
 import org.apache.catalina.Context;
 import org.apache.catalina.Wrapper;
@@ -48,14 +46,8 @@ import org.apache.catalina.startup.Tomcat;
  *       while the specification allows this to work - it doesn't require that
  *       it does work.
  */
-@RunWith(Parameterized.class)
 public class TestAsyncFlush extends Http2TestBase {
 
-    @Parameterized.Parameters
-    public static Object[][] data() {
-        return new Object[10][0];
-    }
-
     private static final int BLOCK_SIZE = 1024;
 
     @Test

==================================================
