08353f264f67cdeb6088bd4f87f4c83817b4247f
==================================================
Review of Map / ConcurrentMap / ConcurrentHashMap
==================================================
Mark Thomas
==================================================
Wed Apr 27 08:23:58 2016 +0000
==================================================
ExpressionFactory.java
Review of Map / ConcurrentMap / ConcurrentHashMap
Simplify. These fields are only used internally so they can be declared as Map with Java 8.

git-svn-id: https://svn.apache.org/repos/asf/tomcat/trunk@1741157 13f79535-47bb-0310-9956-ffa450edef68



==================================================
Util.java
index 664f62357f..ac0ec5edca 100644
--- a/java/javax/el/ExpressionFactory.java
+++ b/java/javax/el/ExpressionFactory.java
@@ -34,7 +34,6 @@ import java.security.PrivilegedAction;
 import java.util.Map;
 import java.util.Properties;
 import java.util.concurrent.ConcurrentHashMap;
-import java.util.concurrent.ConcurrentMap;
 import java.util.concurrent.locks.Lock;
 import java.util.concurrent.locks.ReadWriteLock;
 import java.util.concurrent.locks.ReentrantReadWriteLock;
@@ -56,8 +55,7 @@ public abstract class ExpressionFactory {
     private static final String PROPERTY_FILE;
 
     private static final CacheValue nullTcclFactory = new CacheValue();
-    private static final ConcurrentMap<CacheKey, CacheValue> factoryCache =
-            new ConcurrentHashMap<>();
+    private static final Map<CacheKey, CacheValue> factoryCache = new ConcurrentHashMap<>();
 
     static {
         if (IS_SECURITY_ENABLED) {

==================================================
