0848b71eed7af9f3b01b290b8afcb35eac886779
==================================================
Implement exception traps as suggested by Eiji Takahashi
==================================================
Filip Hanik
==================================================
Thu Mar 31 22:28:54 2011 +0000
==================================================
PoolProperties.java
Implement exception traps as suggested by Eiji Takahashi
http://markmail.org/message/c7hrhky4jtgcto76


git-svn-id: https://svn.apache.org/repos/asf/tomcat/trunk@1087467 13f79535-47bb-0310-9956-ffa450edef68



==================================================
TrapException.java
index 6fd20d4060..be013393d8 100644
--- a/modules/jdbc-pool/src/main/java/org/apache/tomcat/jdbc/pool/PoolProperties.java
+++ b/modules/jdbc-pool/src/main/java/org/apache/tomcat/jdbc/pool/PoolProperties.java
@@ -401,15 +401,17 @@ public class PoolProperties implements PoolConfiguration {
                 interceptors = new InterceptorDefinition[0];
             } else {
                 String[] interceptorValues = jdbcInterceptors.split(";");
-                InterceptorDefinition[] definitions = new InterceptorDefinition[interceptorValues.length];
+                InterceptorDefinition[] definitions = new InterceptorDefinition[interceptorValues.length+1];
+                //always add the trap interceptor to the mix
+                definitions[0] = new InterceptorDefinition(TrapException.class);
                 for (int i=0; i<interceptorValues.length; i++) {
                     int propIndex = interceptorValues[i].indexOf("(");
                     int endIndex = interceptorValues[i].indexOf(")");
                     if (propIndex<0 || endIndex<0 || endIndex <= propIndex) {
-                        definitions[i] = new InterceptorDefinition(interceptorValues[i].trim());
+                        definitions[i+1] = new InterceptorDefinition(interceptorValues[i].trim());
                     } else {
                         String name = interceptorValues[i].substring(0,propIndex).trim();
-                        definitions[i] = new InterceptorDefinition(name);
+                        definitions[i+1] = new InterceptorDefinition(name);
                         String propsAsString = interceptorValues[i].substring(propIndex+1, interceptorValues[i].length()-1);
                         String[] props = propsAsString.split(",");
                         for (int j=0; j<props.length; j++) {
@@ -810,6 +812,11 @@ public class PoolProperties implements PoolConfiguration {
         public InterceptorDefinition(String className) {
             this.className = className;
         }
+        
+        public InterceptorDefinition(Class<?> cl) {
+            this(cl.getName());
+            clazz = cl;
+        }
 
         public String getClassName() {
             return className;

==================================================
