0959a987f90bab6c2d5453d9edf9663ba1cd51ce
==================================================
Fix several trivial HTML markup errors in example servlets
==================================================
Konstantin Kolinko
==================================================
Sat May 12 23:06:04 2012 +0000
==================================================
CookieExample.java
Fix several trivial HTML markup errors in example servlets
e.g. duplicate <body> tag preceding <head> one.

git-svn-id: https://svn.apache.org/repos/asf/tomcat/trunk@1337719 13f79535-47bb-0310-9956-ffa450edef68



==================================================
RequestHeaderExample.java
index 538c101ea9..0d2d9e574d 100644
--- a/webapps/examples/WEB-INF/classes/CookieExample.java
+++ b/webapps/examples/WEB-INF/classes/CookieExample.java
@@ -60,13 +60,12 @@ public class CookieExample extends HttpServlet {
 
         PrintWriter out = response.getWriter();
         out.println("<html>");
-        out.println("<body bgcolor=\"white\">");
         out.println("<head>");
 
         String title = RB.getString("cookies.title");
         out.println("<title>" + title + "</title>");
         out.println("</head>");
-        out.println("<body>");
+        out.println("<body bgcolor=\"white\">");
 
         // relative links
 

==================================================
RequestInfoExample.java
index 778350e3f7..90c6058d6a 100644
--- a/webapps/examples/WEB-INF/classes/RequestHeaderExample.java
+++ b/webapps/examples/WEB-INF/classes/RequestHeaderExample.java
@@ -51,13 +51,12 @@ public class RequestHeaderExample extends HttpServlet {
 
         PrintWriter out = response.getWriter();
         out.println("<html>");
-        out.println("<body bgcolor=\"white\">");
         out.println("<head>");
 
         String title = RB.getString("requestheader.title");
         out.println("<title>" + title + "</title>");
         out.println("</head>");
-        out.println("<body>");
+        out.println("<body bgcolor=\"white\">");
 
         // all links relative
 

==================================================
RequestParamExample.java
index 922270368a..e702c84f2d 100644
--- a/webapps/examples/WEB-INF/classes/RequestInfoExample.java
+++ b/webapps/examples/WEB-INF/classes/RequestInfoExample.java
@@ -50,7 +50,6 @@ public class RequestInfoExample extends HttpServlet {
 
         PrintWriter out = response.getWriter();
         out.println("<html>");
-        out.println("<body>");
         out.println("<head>");
 
         String title = RB.getString("requestinfo.title");

==================================================
SessionExample.java
index 7d1f159fe3..5e1577a1c2 100644
--- a/webapps/examples/WEB-INF/classes/RequestParamExample.java
+++ b/webapps/examples/WEB-INF/classes/RequestParamExample.java
@@ -50,7 +50,6 @@ public class RequestParamExample extends HttpServlet {
 
         PrintWriter out = response.getWriter();
         out.println("<html>");
-        out.println("<body>");
         out.println("<head>");
 
         String title = RB.getString("requestparams.title");

==================================================
