0b1a544f0bef5e96998fc753ac7bc949d2dcc3b3
==================================================
Use StringManager to provide i18n support
==================================================
Mark Emlyn
==================================================
Tue Nov 27 13:28:36 2012 +0000
==================================================
Constants.java
Use StringManager to provide i18n support

git-svn-id: https://svn.apache.org/repos/asf/tomcat/trunk@1414179 13f79535-47bb-0310-9956-ffa450edef68



==================================================
ServerContainerImpl.java
new file mode 100644
index 0000000000..645a1a540a
--- /dev/null
+++ b/java/org/apache/tomcat/websocket/LocalStrings.properties
@@ -0,0 +1,15 @@
+# Licensed to the Apache Software Foundation (ASF) under one or more
+# contributor license agreements.  See the NOTICE file distributed with
+# this work for additional information regarding copyright ownership.
+# The ASF licenses this file to You under the Apache License, Version 2.0
+# (the "License"); you may not use this file except in compliance with
+# the License.  You may obtain a copy of the License at
+#
+#     http://www.apache.org/licenses/LICENSE-2.0
+#
+# Unless required by applicable law or agreed to in writing, software
+# distributed under the License is distributed on an "AS IS" BASIS,
+# WITHOUT WARRANTIES OR CONDITIONS OF ANY KIND, either express or implied.
+# See the License for the specific language governing permissions and
+# limitations under the License.
+sci.newInstance.fail=Failed to create an Endpoint instance of type [{0}]
\ No newline at end of file

==================================================
