0b396696bddc26108c19603b10a896a6333ad73a
==================================================
Rename socket -> socketWrapper
==================================================
Mark Emlyn
==================================================
Sat Aug 6 20:58:51 2011 +0000
==================================================
Http11AprProcessor.java
Rename socket -> socketWrapper

git-svn-id: https://svn.apache.org/repos/asf/tomcat/trunk@1154586 13f79535-47bb-0310-9956-ffa450edef68



==================================================
Http11NioProcessor.java
index 1333bc6074..f6e0625f4c 100644
--- a/java/org/apache/coyote/http11/Http11AprProcessor.java
+++ b/java/org/apache/coyote/http11/Http11AprProcessor.java
@@ -167,14 +167,14 @@ public class Http11AprProcessor extends AbstractHttp11Processor<Long> {
      * @throws IOException error during an I/O operation
      */
     @Override
-    public SocketState process(SocketWrapper<Long> socket)
+    public SocketState process(SocketWrapper<Long> socketWrapper)
         throws IOException {
         RequestInfo rp = request.getRequestProcessor();
         rp.setStage(org.apache.coyote.Constants.STAGE_PARSE);
 
         // Setting up the socket
-        this.socket = socket;
-        long socketRef = socket.getSocket().longValue();
+        this.socket = socketWrapper;
+        long socketRef = socketWrapper.getSocket().longValue();
         inputBuffer.setSocket(socketRef);
         outputBuffer.setSocket(socketRef);
 

==================================================
