0c0f7acf7938452c95eaa3f53e1f037aee872260
==================================================
Remove deprecated JSP_FILE code
==================================================
Mark Thomas
==================================================
Thu Apr 23 11:04:17 2015 +0000
==================================================
Constants.java
Remove deprecated JSP_FILE code

git-svn-id: https://svn.apache.org/repos/asf/tomcat/trunk@1675574 13f79535-47bb-0310-9956-ffa450edef68



==================================================
JspServlet.java
index 6e8aecd7c7..a9b79f1e4a 100644
--- a/java/org/apache/jasper/Constants.java
+++ b/java/org/apache/jasper/Constants.java
@@ -64,19 +64,6 @@ public class Constants {
     public static final String SERVLET_CLASSPATH =
         System.getProperty("org.apache.jasper.Constants.SERVLET_CLASSPATH", "org.apache.catalina.jsp_classpath");
 
-    /**
-     * Request attribute for <code>&lt;jsp-file&gt;</code> element of a
-     * servlet definition.  If present on a request, this overrides the
-     * value returned by <code>request.getServletPath()</code> to select
-     * the JSP page to be executed.
-     * @deprecated  This will be removed in Tomcat 9.0.x onwards. It is replaced
-     *              by the use of the jspFile servlet initialisation parameter
-     */
-    @Deprecated
-    public static final String JSP_FILE =
-        System.getProperty("org.apache.jasper.Constants.JSP_FILE", "org.apache.catalina.jsp_file");
-
-
     /**
      * Default size of the JSP buffer.
      */

==================================================
