1026957ec5b64501ad4e347cc7afb700eb56dd29
==================================================
Remove some stale MBean attribute descriptions:
==================================================
Rainer Jung
==================================================
Tue Jan 10 13:32:38 2012 +0000
==================================================
Connector.java
Remove some stale MBean attribute descriptions:
- compilerClasspath
- eventProvider
- mappingObject
- randomFile
- randomFileCurrent
- saveConfig
- staticResources
- statisticsProvider

Add is="true" to useContextClassLoader.

Remove attribute mapping from "randomFile" to "randomfile"
in Connector.


git-svn-id: https://svn.apache.org/repos/asf/tomcat/trunk@1229533 13f79535-47bb-0310-9956-ffa450edef68



==================================================
