116d9babd8563d77e51ffaaef9832afea085db71
==================================================
More clean-up
==================================================
Mark Thomas
==================================================
Thu Sep 8 19:51:42 2022 +0100
==================================================
BasicAuthenticator.java
More clean-up


==================================================
DigestAuthenticator.java
index 439a7bbc2b..02f34ebee2 100644
--- a/java/org/apache/tomcat/websocket/BasicAuthenticator.java
+++ b/java/org/apache/tomcat/websocket/BasicAuthenticator.java
@@ -30,7 +30,7 @@ public class BasicAuthenticator extends Authenticator {
     public static final String charsetparam = "charset";
 
     @Override
-    public String getAuthorization(String requestUri, String WWWAuthenticate,
+    public String getAuthorization(String requestUri, String authenticateHeader,
             Map<String, Object> userProperties) throws AuthenticationException {
 
         String userName = (String) userProperties.get(Constants.WS_AUTHENTICATION_USER_NAME);
@@ -41,7 +41,7 @@ public class BasicAuthenticator extends Authenticator {
                     "Failed to perform Basic authentication due to  missing user/password");
         }
 
-        Map<String, String> parameterMap = parseWWWAuthenticateHeader(WWWAuthenticate);
+        Map<String, String> parameterMap = parseWWWAuthenticateHeader(authenticateHeader);
 
         String userPass = userName + ":" + userPassword;
         Charset charset;

==================================================
