12e4bcbc55f0770f7a61298c869c382e6dc962d3
==================================================
Simplify. Do read registrations via the SocketWrapper rather than
==================================================
Mark Thomas
==================================================
Wed Jan 28 19:30:12 2015 +0000
==================================================
AjpNioProtocol.java
Simplify. Do read registrations via the SocketWrapper rather than
directly with the Socket & Poller.

git-svn-id: https://svn.apache.org/repos/asf/tomcat/trunk@1655439 13f79535-47bb-0310-9956-ffa450edef68



==================================================
Http11NioProtocol.java
index 43dda78673..74f91e2767 100644
--- a/java/org/apache/coyote/ajp/AjpNioProtocol.java
+++ b/java/org/apache/coyote/ajp/AjpNioProtocol.java
@@ -128,7 +128,7 @@ public class AjpNioProtocol extends AbstractAjpProtocol<NioChannel> {
             processor.recycle();
             recycledProcessors.push(processor);
             if (addToPoller) {
-                socket.getSocket().getPoller().add(socket.getSocket());
+                socket.registerReadInterest();
             }
         }
 

==================================================
NioEndpoint.java
index 66ecc800ec..aa248fef58 100644
--- a/java/org/apache/coyote/http11/Http11NioProtocol.java
+++ b/java/org/apache/coyote/http11/Http11NioProtocol.java
@@ -210,7 +210,7 @@ public class Http11NioProtocol extends AbstractHttp11JsseProtocol<NioChannel> {
             processor.recycle();
             recycledProcessors.push(processor);
             if (addToPoller) {
-                socket.getSocket().getPoller().add(socket.getSocket());
+                socket.registerReadInterest();
             }
         }
 
@@ -242,7 +242,7 @@ public class Http11NioProtocol extends AbstractHttp11JsseProtocol<NioChannel> {
                 //  - this is an upgraded connection
                 //  - the request line/headers have not been completely
                 //    read
-                socket.getSocket().getPoller().add(socket.getSocket());
+                socket.registerReadInterest();
             }
         }
 

==================================================
