137714e2af20794712b7e8fb6b172041131145c7
==================================================
i18n and cleanup
==================================================
Remy Maucherat
==================================================
Thu Nov 29 19:46:04 2018 +0000
==================================================
StandardEngine.java
index 5327e19b1b..b6e1b92646 100644
--- a/java/org/apache/catalina/core/LocalStrings.properties
+++ b/java/org/apache/catalina/core/LocalStrings.properties
@@ -209,6 +209,7 @@ standardContextValve.acknowledgeException=Failed to acknowledge request with a 1
 standardEngine.jvmRouteFail=Failed to set Engine's jvmRoute attribute from system property
 standardEngine.notHost=Child of an Engine must be a Host
 standardEngine.notParent=Engine cannot have a parent Container
+standardEngine.start=Starting Servlet engine: [{0}]
 
 standardHost.clientAbort=Remote Client Aborted Request, IOException: [{0}]
 standardHost.invalidErrorReportValveClass=Couldn''t load specified error report valve class: [{0}]

==================================================
Catalina.java
index 4e7881cd1f..9385369b1b 100644
--- a/java/org/apache/catalina/core/StandardEngine.java
+++ b/java/org/apache/catalina/core/StandardEngine.java
@@ -254,8 +254,9 @@ public class StandardEngine extends ContainerBase implements Engine {
     protected synchronized void startInternal() throws LifecycleException {
 
         // Log our server identification information
-        if(log.isInfoEnabled())
-            log.info( "Starting Servlet Engine: " + ServerInfo.getServerInfo());
+        if (log.isInfoEnabled()) {
+            log.info(sm.getString("standardEngine.start", ServerInfo.getServerInfo()));
+        }
 
         // Standard container startup
         super.startInternal();

==================================================
NioSelectorPool.java
index 086cead3e9..d2139a667a 100644
--- a/java/org/apache/catalina/startup/LocalStrings.properties
+++ b/java/org/apache/catalina/startup/LocalStrings.properties
@@ -15,8 +15,10 @@
 
 catalina.configFail=Unable to load server configuration from [{0}]
 catalina.noCluster=Cluster RuleSet not found due to [{0}]. Cluster configuration disabled.
+catalina.noServer=Cannot start server, server instance is not configured
 catalina.serverStartFail=The required Server component failed to start so Tomcat is unable to start.
 catalina.shutdownHookFail=The shutdown hook experienced an error while trying to stop the server
+catalina.startup=Server startup in [{0}] milliseconds
 catalina.stopServer=No shutdown port configured. Shut down server through OS signal. Server not shut down.
 catalina.stopServer.connectException=Could not contact [{0}:{1}] (base port [{2}] and offset [{3}]). Tomcat may not be running.
 

==================================================
