15e7b662a90559cdae85e50ac1213ffe8eb17ffc
==================================================
Remove some unused code
==================================================
Mark Emlyn
==================================================
Sat Jul 4 15:55:48 2009 +0000
==================================================
JspCompilationContext.java
Remove some unused code

git-svn-id: https://svn.apache.org/repos/asf/tomcat/trunk@791142 13f79535-47bb-0310-9956-ffa450edef68



==================================================
JasperLoader.java
index 286e17f7fd..5326c0ebbe 100644
--- a/java/org/apache/jasper/JspCompilationContext.java
+++ b/java/org/apache/jasper/JspCompilationContext.java
@@ -179,8 +179,7 @@ public class JspCompilationContext {
             jspLoader = new JasperLoader
             (new URL[] {baseUrl},
                     getClassLoader(),
-                    rctxt.getPermissionCollection(),
-                    rctxt.getCodeSource());
+                    rctxt.getPermissionCollection());
         }
         return jspLoader;
     }

==================================================
