15eba6e511262ff601624f6afd0cba63a0dcf8cf
==================================================
Fix webappClassLoader.clearJbdc message key and message in LocalStrings.properties.
==================================================
Keiichi Fujino
==================================================
Tue Dec 21 09:47:15 2010 +0000
==================================================
WebappClassLoader.java
index f7daddec0a..a08a05a8e7 100644
--- a/java/org/apache/catalina/loader/LocalStrings.properties
+++ b/java/org/apache/catalina/loader/LocalStrings.properties
@@ -39,7 +39,7 @@ webappClassLoader.jdbcRemoveFailed=JDBC driver de-registration failed for web ap
 webappClassLoader.jdbcRemoveStreamError=Exception closing input stream during JDBC driver de-registration for web application [{0}]
 webappClassLoader.stopped=Illegal access: this web application instance has been stopped already.  Could not load {0}.  The eventual following stack trace is caused by an error thrown for debugging purposes as well as to attempt to terminate the thread which caused the illegal access, and has no functional impact.
 webappClassLoader.readError=Resource read error: Could not load {0}.
-webappClassLoader.clearJbdc=The web application [{0}] registered the JBDC driver [{1}] but failed to unregister it when the web application was stopped. To prevent a memory leak, the JDBC Driver has been forcibly unregistered.
+webappClassLoader.clearJdbc=The web application [{0}] registered the JDBC driver [{1}] but failed to unregister it when the web application was stopped. To prevent a memory leak, the JDBC Driver has been forcibly unregistered.
 webappClassLoader.clearReferencesResourceBundlesCount=Removed [{0}] ResourceBundle references from the cache for web application [{1}]
 webappClassLoader.clearReferencesResourceBundlesFail=Failed to clear ResourceBundle references for web application [{0}]
 webappClassLoader.clearRmiInfo=Failed to find class sun.rmi.transport.Target to clear context class loader for web application [{0}]. This is expected on non-Sun JVMs.

==================================================
