1613270de64aa00a3e103e3c3d02178f10f01d2e
==================================================
Use explicit locale in toLowerCase().
==================================================
Konstantin Kolinko
==================================================
Tue Nov 13 18:30:31 2012 +0000
==================================================
HttpParser.java
Use explicit locale in toLowerCase().

git-svn-id: https://svn.apache.org/repos/asf/tomcat/trunk@1408872 13f79535-47bb-0310-9956-ffa450edef68



==================================================
SimpleHttpClient.java
index bfffaf300e..0506cee3c1 100644
--- a/java/org/apache/tomcat/util/http/parser/HttpParser.java
+++ b/java/org/apache/tomcat/util/http/parser/HttpParser.java
@@ -372,7 +372,7 @@ public class HttpParser {
         if (result.length() == 0) {
             return null;
         } else {
-            return result.toString().toLowerCase();
+            return result.toString().toLowerCase(Locale.US);
         }
     }
 

==================================================
