178c77e2a06df35032c368bf6b9678efa3029e56
==================================================
StringBuffer -> StringBuilder for o.a.c.loader
==================================================
Mark Emlyn
==================================================
Mon Nov 2 18:31:26 2009 +0000
==================================================
WebappClassLoader.java
StringBuffer -> StringBuilder for o.a.c.loader

git-svn-id: https://svn.apache.org/repos/asf/tomcat/trunk@832011 13f79535-47bb-0310-9956-ffa450edef68



==================================================
WebappLoader.java
index 1437397f95..03eee2421a 100644
--- a/java/org/apache/catalina/loader/WebappClassLoader.java
+++ b/java/org/apache/catalina/loader/WebappClassLoader.java
@@ -819,7 +819,7 @@ public class WebappClassLoader
      */
     public String toString() {
 
-        StringBuffer sb = new StringBuffer("WebappClassLoader\r\n");
+        StringBuilder sb = new StringBuilder("WebappClassLoader\r\n");
         sb.append("  delegate: ");
         sb.append(delegate);
         sb.append("\r\n");

==================================================
