17a3a8e550e90da7e331ef9151fe77f6b9d56fec
==================================================
Fix https://issues.apache.org/bugzilla/show_bug.cgi?id=55383
==================================================
Konstantin Preißer
==================================================
Sun Oct 6 20:43:20 2013 +0000
==================================================
Hello.java
index a316a23af4..163ffd218f 100644
--- a/webapps/docs/appdev/sample/index.html
+++ b/webapps/docs/appdev/sample/index.html
@@ -1,3 +1,4 @@
+<!DOCTYPE html>
 <!--
   Licensed to the Apache Software Foundation (ASF) under one or more
   contributor license agreements.  See the NOTICE file distributed with
@@ -16,6 +17,7 @@
 -->
 <html>
 <head>
+<meta charset="UTF-8" />
 <meta name="author" content="Ben Souther" />
 <title>Sample Application</title>
 </head>

==================================================
