1a18e3f562607d8e66d43eecc1d801e83ec274e4
==================================================
Fix an Eclipse nag
==================================================
Mark Emlyn
==================================================
Wed Apr 16 23:45:32 2014 +0000
==================================================
AprLifecycleListener.java
Fix an Eclipse nag

git-svn-id: https://svn.apache.org/repos/asf/tomcat/trunk@1588102 13f79535-47bb-0310-9956-ffa450edef68



==================================================
SSL.java
index 698fa29641..b2fccd3304 100644
--- a/java/org/apache/catalina/core/AprLifecycleListener.java
+++ b/java/org/apache/catalina/core/AprLifecycleListener.java
@@ -277,7 +277,12 @@ public class AprLifecycleListener
             // In order to avoid the argument and check-value from getting out
             // of sync for some reason, we are using the class constant
             // FIPS_ON here.
-            final int fipsModeState = SSL.fipsModeGet();
+            int fipsModeState;
+            try {
+                fipsModeState = SSL.fipsModeGet();
+            } catch (Exception e) {
+                throw new IllegalStateException(e);
+            }
 
             if(log.isDebugEnabled())
                 log.debug(sm.getString("aprListener.currentFIPSMode",

==================================================
