1c93ad3c925bf84b9643b23844c2d0fe587fdc8a
==================================================
Fix https://bz.apache.org/bugzilla/show_bug.cgi?id=60784
==================================================
Mark Thomas
==================================================
Wed Mar 1 15:12:38 2017 +0000
==================================================
TestKeepAliveCount.java
Fix https://bz.apache.org/bugzilla/show_bug.cgi?id=60784
Update all unit tests that test the HTTP status line to check for the required space after the status code.
Patch provided by Michael Osipov.

git-svn-id: https://svn.apache.org/repos/asf/tomcat/trunk@1784963 13f79535-47bb-0310-9956-ffa450edef68



==================================================
SimpleHttpClient.java
index 07c37f645c..067a5c9762 100644
--- a/test/org/apache/catalina/connector/TestKeepAliveCount.java
+++ b/test/org/apache/catalina/connector/TestKeepAliveCount.java
@@ -109,7 +109,7 @@ public class TestKeepAliveCount extends TomcatBaseTest {
 
             for (int i=0; i<5; i++) {
                 processRequest(false); // blocks until response has been read
-                assertTrue(getResponseLine()!=null && getResponseLine().trim().startsWith("HTTP/1.1 200"));
+                assertTrue(getResponseLine()!=null && getResponseLine().startsWith("HTTP/1.1 200 "));
             }
             boolean passed = (this.readLine()==null);
             // Close the connection

==================================================
Http2TestBase.java
index f366475b3c..2b3b0ea62f 100644
--- a/test/org/apache/catalina/startup/SimpleHttpClient.java
+++ b/test/org/apache/catalina/startup/SimpleHttpClient.java
@@ -46,18 +46,18 @@ public abstract class SimpleHttpClient {
     public static final String LF = "\n";
     public static final String CRLF = CR + LF;
 
-    public static final String INFO_100 = "HTTP/1.1 100";
-    public static final String OK_200 = "HTTP/1.1 200";
-    public static final String REDIRECT_302 = "HTTP/1.1 302";
-    public static final String REDIRECT_303 = "HTTP/1.1 303";
-    public static final String FAIL_400 = "HTTP/1.1 400";
-    public static final String FAIL_404 = "HTTP/1.1 404";
-    public static final String TIMEOUT_408 = "HTTP/1.1 408";
-    public static final String FAIL_413 = "HTTP/1.1 413";
-    public static final String FAIL_417 = "HTTP/1.1 417";
+    public static final String INFO_100 = "HTTP/1.1 100 ";
+    public static final String OK_200 = "HTTP/1.1 200 ";
+    public static final String REDIRECT_302 = "HTTP/1.1 302 ";
+    public static final String REDIRECT_303 = "HTTP/1.1 303 ";
+    public static final String FAIL_400 = "HTTP/1.1 400 ";
+    public static final String FAIL_404 = "HTTP/1.1 404 ";
+    public static final String TIMEOUT_408 = "HTTP/1.1 408 ";
+    public static final String FAIL_413 = "HTTP/1.1 413 ";
+    public static final String FAIL_417 = "HTTP/1.1 417 ";
     public static final String FAIL_50X = "HTTP/1.1 50";
-    public static final String FAIL_500 = "HTTP/1.1 500";
-    public static final String FAIL_501 = "HTTP/1.1 501";
+    public static final String FAIL_500 = "HTTP/1.1 500 ";
+    public static final String FAIL_501 = "HTTP/1.1 501 ";
 
     private static final String CONTENT_LENGTH_HEADER_PREFIX =
             "Content-Length: ";

==================================================
