1cde68d50b47684dd63b9b7d49acea2bbd97cd7c
==================================================
Fix https://issues.apache.org/bugzilla/show_bug.cgi?id=51294
==================================================
Mark Emlyn
==================================================
Tue May 14 10:31:32 2013 +0000
==================================================
ContextConfig.java
Fix https://issues.apache.org/bugzilla/show_bug.cgi?id=51294
This is an initial implementation that includes some but not all the anticipated test cases. It is expected that as the test cases are expanded, further changes will required.
Remove the comments from the context.xml files that have been replaced by using the sessionCookieName.

git-svn-id: https://svn.apache.org/repos/asf/tomcat/trunk@1482288 13f79535-47bb-0310-9956-ffa450edef68



==================================================
TestHostConfigAutomaticDeployment.java
index 1d694eda27..3b73dc0d78 100644
--- a/test/deployment/dirContext/META-INF/context.xml
+++ b/test/deployment/dirContext/META-INF/context.xml
@@ -14,5 +14,4 @@
   See the License for the specific language governing permissions and
   limitations under the License.
 -->
-<!-- dirContext -->
-<Context />
\ No newline at end of file
+<Context sessionCookieName="DIR_CONTEXT" />
\ No newline at end of file

==================================================
