1d372c881eafd9ffe729996f8560fd5fe50cd39d
==================================================
Protect against crashes in the HTTP APR connector if sendfile is configured to send more data than is available in the file.
==================================================
Mark Emlyn
==================================================
Tue Jul 12 17:50:11 2011 +0000
==================================================
Http11AprProcessor.java
Protect against crashes in the HTTP APR connector if sendfile is configured to send more data than is available in the file.
Part of the fix for CVE-2011-2526

git-svn-id: https://svn.apache.org/repos/asf/tomcat/trunk@1145694 13f79535-47bb-0310-9956-ffa450edef68



==================================================
AprEndpoint.java
index dd49940b9c..00916296d4 100644
--- a/java/org/apache/coyote/http11/LocalStrings.properties
+++ b/java/org/apache/coyote/http11/LocalStrings.properties
@@ -35,6 +35,7 @@ http11processor.socket.ssl=Exception getting SSL attributes
 http11processor.socket.sslreneg=Exception re-negotiating SSL connection
 http11processor.socket.timeout=Error setting socket timeout
 http11processor.comet.notsupported=The Comet protocol is not supported by this connector
+http11processor.sendfile.error=Error sending data using sendfile. May be caused by invalid request attributes for start/end points
 
 iib.eof.error=Unexpected EOF read on the socket
 iib.requestheadertoolarge.error=Request header is too large

==================================================
