1e5f4dc174131cde78d8f9dfa514bd2abadaf9c4
==================================================
Fix refactoring bug that meant sockets instantly timeout out as soon as
==================================================
Mark Thomas
==================================================
Thu Jan 29 19:11:57 2015 +0000
==================================================
NioEndpoint.java
Fix refactoring bug that meant sockets instantly timeout out as soon as
they were accepted.

git-svn-id: https://svn.apache.org/repos/asf/tomcat/trunk@1655809 13f79535-47bb-0310-9956-ffa450edef68



==================================================
SocketWrapperBase.java
index 09db4d5e36..1b976ea5d1 100644
--- a/java/org/apache/tomcat/util/net/NioEndpoint.java
+++ b/java/org/apache/tomcat/util/net/NioEndpoint.java
@@ -1321,6 +1321,7 @@ public class NioEndpoint extends AbstractEndpoint<NioChannel> {
                 }
             }
             writeLatch = null;
+            setReadTimeout(soTimeout);
             setWriteTimeout(soTimeout);
         }
 

==================================================
