1f2f0cb653f8188151305d1c99a4f3c28a60e6ea
==================================================
Add remaining Javadoc for the Annotations API
==================================================
Mark Thomas
==================================================
Tue Oct 6 10:25:51 2020 +0100
==================================================
Generated.java
Add remaining Javadoc for the Annotations API


==================================================
ManagedBean.java
index a2f6913e07..ca4d99580c 100644
--- a/java/jakarta/annotation/Generated.java
+++ b/java/jakarta/annotation/Generated.java
@@ -31,7 +31,17 @@ import java.lang.annotation.Target;
     ElementType.PACKAGE, ElementType.PARAMETER, ElementType.TYPE})
 @Retention(RetentionPolicy.SOURCE)
 public @interface Generated {
+    /**
+     * @return The name of the code generator. It is recommended that the fully
+     *         qualified name of the code generator is used.
+     */
     public String[] value();
+    /**
+     * @return The date the code was generated
+     */
     public String date() default "";
+    /**
+     * @return Additional comments (if any) related to the code generation
+     */
     public String comments() default "";
 }

==================================================
