1fb000c3df34a0621f75050bbcb488d94d6124de
==================================================
Changed 'ant validate-eoln' to always check LF line endings regardless of the OS (by default Git checks out the files with LF EOL even on Windows)
==================================================
Emmanuel Bourg
==================================================
Wed May 8 23:25:47 2019 +0200
==================================================
CheckEol.java
index f62cb767ee..ea87611bdb 100644
--- a/build.xml
+++ b/build.xml
@@ -625,7 +625,6 @@
            source="${compile.source}"
            target="${compile.target}"
            release="${compile.release}"
-           excludes="**/.svn/**"
            encoding="ISO-8859-1"
            includeAntRuntime="true" >
       <!-- Uncomment this to show unchecked warnings:
@@ -638,7 +637,7 @@
              classname="org.apache.tomcat.buildutil.CheckEol"
              classpath="${tomcat.classes}" />
 
-    <checkeol>
+    <checkeol mode="LF">
       <fileset dir="." >
         <patternset refid="text.files" />
         <include name="**/*.bat"/>

==================================================
