2155d3972f7f96790e3206681bd816ef16ddc0eb
==================================================
i18n
==================================================
Mark Emlyn
==================================================
Fri Jan 14 14:01:20 2011 +0000
==================================================
Constants.java
i18n

git-svn-id: https://svn.apache.org/repos/asf/tomcat/trunk@1059011 13f79535-47bb-0310-9956-ffa450edef68



==================================================
FarmWarDeployer.java
new file mode 100644
index 0000000000..084c207fdb
--- /dev/null
+++ b/java/org/apache/catalina/ha/deploy/Constants.java
@@ -0,0 +1,27 @@
+/*
+ * Licensed to the Apache Software Foundation (ASF) under one or more
+ * contributor license agreements.  See the NOTICE file distributed with
+ * this work for additional information regarding copyright ownership.
+ * The ASF licenses this file to You under the Apache License, Version 2.0
+ * (the "License"); you may not use this file except in compliance with
+ * the License.  You may obtain a copy of the License at
+ * 
+ *      http://www.apache.org/licenses/LICENSE-2.0
+ * 
+ * Unless required by applicable law or agreed to in writing, software
+ * distributed under the License is distributed on an "AS IS" BASIS,
+ * WITHOUT WARRANTIES OR CONDITIONS OF ANY KIND, either express or implied.
+ * See the License for the specific language governing permissions and
+ * limitations under the License.
+ */
+package org.apache.catalina.ha.deploy;
+
+/**
+ * Manifest constants for the <code>org.apache.catalina.ha.deploy</code>
+ * package.
+ */
+public class Constants {
+
+    public static final String Package = "org.apache.catalina.ha.deploy";
+
+}

==================================================
