23df51dfe83430ac115133dc6adaef124955092f
==================================================
Remove unnecessary code.
==================================================
Mark Emlyn
==================================================
Mon Jun 20 14:24:19 2011 +0000
==================================================
Http11AprProcessor.java
Remove unnecessary code.

git-svn-id: https://svn.apache.org/repos/asf/tomcat/trunk@1137638 13f79535-47bb-0310-9956-ffa450edef68



==================================================
Http11AprProtocol.java
index 8f4d205036..12b1551054 100644
--- a/java/org/apache/coyote/http11/Http11AprProcessor.java
+++ b/java/org/apache/coyote/http11/Http11AprProcessor.java
@@ -343,15 +343,8 @@ public class Http11AprProcessor extends AbstractHttp11Processor {
         
     }
 
-    /* Copied from the AjpProcessor.java */
-    public SocketState asyncDispatch(SocketWrapper<Long> socket,
-            SocketStatus status) {
 
-        // Setting up the socket
-        this.socket = socket;
-        long socketRef = socket.getSocket().longValue();
-        inputBuffer.setSocket(socketRef);
-        outputBuffer.setSocket(socketRef);
+    public SocketState asyncDispatch(SocketStatus status) {
 
         RequestInfo rp = request.getRequestProcessor();
         try {

==================================================
