25f02b499f20b2ae0441bcf5d7cc20dda77c23a7
==================================================
Fix https://issues.apache.org/bugzilla/show_bug.cgi?id=51558
==================================================
Mark Emlyn
==================================================
Fri Aug 26 16:03:57 2011 +0000
==================================================
Tomcat.java
Fix https://issues.apache.org/bugzilla/show_bug.cgi?id=51558
No need to force the use of the StandardManager with addWebapp() since StandardContext will add it if it is not set.

git-svn-id: https://svn.apache.org/repos/asf/tomcat/trunk@1162149 13f79535-47bb-0310-9956-ffa450edef68



==================================================
TestTomcat.java
index bfb4cf0c1a..d00521d729 100644
--- a/java/org/apache/catalina/startup/Tomcat.java
+++ b/java/org/apache/catalina/startup/Tomcat.java
@@ -55,7 +55,6 @@ import org.apache.catalina.core.StandardWrapper;
 import org.apache.catalina.deploy.LoginConfig;
 import org.apache.catalina.realm.GenericPrincipal;
 import org.apache.catalina.realm.RealmBase;
-import org.apache.catalina.session.StandardManager;
 
 // TODO: lazy init for the temp dir - only when a JSP is compiled or 
 // get temp dir is called we need to create it. This will avoid the 
@@ -747,7 +746,6 @@ public class Tomcat {
         ctx.addServletMapping("*.jspx", "jsp");
 
         // Sessions
-        ctx.setManager( new StandardManager());
         ctx.setSessionTimeout(30);
         
         // MIME mappings

==================================================
