29063a55f4a9f52632257a1bbf38ecc47fe796b7
==================================================
Revert simple ResourceBundle fix
==================================================
Mark Emlyn
==================================================
Thu Feb 11 16:55:26 2010 +0000
==================================================
WebappClassLoader.java
Revert simple ResourceBundle fix
On reflection (no pun intended) a reflection based will be better since
- it can be implemented at a single point
- it can easily be ported to Tomcat 6
- it will be able to handle any exotic class loader structures created by apps

git-svn-id: https://svn.apache.org/repos/asf/tomcat/trunk@909072 13f79535-47bb-0310-9956-ffa450edef68



==================================================
JspServletWrapper.java
index d74cdeda3d..e9adf344f3 100644
--- a/java/org/apache/catalina/loader/WebappClassLoader.java
+++ b/java/org/apache/catalina/loader/WebappClassLoader.java
@@ -47,7 +47,6 @@ import java.util.Iterator;
 import java.util.LinkedHashMap;
 import java.util.List;
 import java.util.Map;
-import java.util.ResourceBundle;
 import java.util.Vector;
 import java.util.concurrent.ThreadPoolExecutor;
 import java.util.jar.Attributes;
@@ -1774,9 +1773,6 @@ public class WebappClassLoader
             org.apache.juli.logging.LogFactory.release(this);
         }
         
-        // Clear any cached resource bundles
-        ResourceBundle.clearCache(this);
-
         // Clear the classloader reference in the VM's bean introspector
         java.beans.Introspector.flushCaches();
 

==================================================
