292b038e668bc133b562f32614397fb0bd28a927
==================================================
Use final
==================================================
Mark Emlyn
==================================================
Sun Jan 8 19:22:05 2012 +0000
==================================================
C2BConverter.java
Use final

git-svn-id: https://svn.apache.org/repos/asf/tomcat/trunk@1228926 13f79535-47bb-0310-9956-ffa450edef68



==================================================
MessageBytes.java
index a1d5297564..50766ebb36 100644
--- a/java/org/apache/tomcat/util/buf/C2BConverter.java
+++ b/java/org/apache/tomcat/util/buf/C2BConverter.java
@@ -32,7 +32,7 @@ public final class C2BConverter {
 
     private final IntermediateOutputStream ios;
     private final WriteConvertor conv;
-    private ByteChunk bb;
+    private final ByteChunk bb;
 
     /** Create a converter, with bytes going to a byte buffer
      */
@@ -166,7 +166,7 @@ public final class C2BConverter {
     not be called if recycling the converter and if data was not flushed.
 */
 final class IntermediateOutputStream extends OutputStream {
-    private ByteChunk tbuff;
+    private final ByteChunk tbuff;
     private boolean enabled=true;
 
     public IntermediateOutputStream(ByteChunk tbuff) {

==================================================
