29384723d8d9645b87e05be9fa369a4deeb78b9c
==================================================
Fix CVE-2014-0050 DoS with malformed Content-Type header and multipart request processing.
==================================================
Mark Emlyn
==================================================
Thu Feb 6 11:08:00 2014 +0000
==================================================
FileUploadBase.java
Fix CVE-2014-0050 DoS with malformed Content-Type header and multipart request processing.
Update to latest code (r1565159) from Commons FileUpload

git-svn-id: https://svn.apache.org/repos/asf/tomcat/trunk@1565163 13f79535-47bb-0310-9956-ffa450edef68



==================================================
MultipartStream.java
index e13b0f9d73..1f331c298d 100644
--- a/java/org/apache/tomcat/util/http/fileupload/FileUploadBase.java
+++ b/java/org/apache/tomcat/util/http/fileupload/FileUploadBase.java
@@ -799,7 +799,7 @@ public abstract class FileUploadBase {
                     || (!contentType.toLowerCase(Locale.ENGLISH).startsWith(MULTIPART))) {
                 throw new InvalidContentTypeException(String.format(
                         "the request doesn't contain a %s or %s stream, content type header is %s",
-                        MULTIPART_FORM_DATA, MULTIPART_FORM_DATA, contentType));
+                        MULTIPART_FORM_DATA, MULTIPART_MIXED, contentType));
             }
 
             InputStream input = ctx.getInputStream();
@@ -810,8 +810,7 @@ public abstract class FileUploadBase {
                 if (requestSize != -1 && requestSize > sizeMax) {
                     throw new SizeLimitExceededException(String.format(
                             "the request was rejected because its size (%s) exceeds the configured maximum (%s)",
-                            Long.valueOf(requestSize),
-                            Long.valueOf(sizeMax)),
+                            Long.valueOf(requestSize), Long.valueOf(sizeMax)),
                             requestSize, sizeMax);
                 }
                 input = new LimitedInputStream(input, sizeMax) {
@@ -838,7 +837,13 @@ public abstract class FileUploadBase {
             }
 
             notifier = new MultipartStream.ProgressNotifier(listener, requestSize);
-            multi = new MultipartStream(input, boundary, notifier);
+            try {
+                multi = new MultipartStream(input, boundary, notifier);
+            } catch (IllegalArgumentException iae) {
+                throw new InvalidContentTypeException(String.format(
+                        "The boundary specified in the %s header is too long",
+                        CONTENT_TYPE), iae);
+            }
             multi.setHeaderEncoding(charEncoding);
 
             skipPreamble = true;
@@ -1016,7 +1021,7 @@ public abstract class FileUploadBase {
          * detail message.
          */
         public InvalidContentTypeException() {
-            // Nothing to do.
+            super();
         }
 
         /**
@@ -1029,6 +1034,9 @@ public abstract class FileUploadBase {
             super(message);
         }
 
+        public InvalidContentTypeException(String msg, Throwable cause) {
+            super(msg, cause);
+        }
     }
 
     /**

==================================================
