29a30d78242cf6320d2f82deae060bdd950b6bca
==================================================
StringBuffer -> StringBuilder for o.a.c.filters
==================================================
Mark Emlyn
==================================================
Mon Nov 2 18:29:13 2009 +0000
==================================================
RequestDumperFilter.java
StringBuffer -> StringBuilder for o.a.c.filters

git-svn-id: https://svn.apache.org/repos/asf/tomcat/trunk@832005 13f79535-47bb-0310-9956-ffa450edef68



==================================================
WebdavFixFilter.java
index 49e9ff28cc..c28fa90523 100644
--- a/java/org/apache/catalina/filters/RequestDumperFilter.java
+++ b/java/org/apache/catalina/filters/RequestDumperFilter.java
@@ -146,7 +146,7 @@ public class RequestDumperFilter implements Filter {
         while (pnames.hasMoreElements()) {
             String pname = pnames.nextElement();
             String pvalues[] = request.getParameterValues(pname);
-            StringBuffer result = new StringBuffer(pname);
+            StringBuilder result = new StringBuilder(pname);
             result.append('=');
             for (int i = 0; i < pvalues.length; i++) {
                 if (i > 0)

==================================================
