2bbd1db2fe120b5714632c4875e79632b4fee4a3
==================================================
Followup to r1164567, because not all occurences have been replaced.
==================================================
Konstantin Kolinko
==================================================
Fri Sep 9 23:25:03 2011 +0000
==================================================
Digester.java
Followup to r1164567, because not all occurences have been replaced.

Fix https://issues.apache.org/bugzilla/show_bug.cgi?id=51758
Align the digester logger names with the class name else users will never be able to figure out how to stop it logging

git-svn-id: https://svn.apache.org/repos/asf/tomcat/trunk@1167394 13f79535-47bb-0310-9956-ffa450edef68



==================================================
GenericParser.java
index f43cc952f1..6576e3de3d 100644
--- a/java/org/apache/tomcat/util/digester/Digester.java
+++ b/java/org/apache/tomcat/util/digester/Digester.java
@@ -102,7 +102,7 @@ public class Digester extends DefaultHandler {
                     initialized = true;
                 } catch (Throwable t) {
                     ExceptionUtils.handleThrowable(t);
-                    LogFactory.getLog("org.apache.commons.digester.Digester").
+                    LogFactory.getLog("org.apache.tomcat.util.digester.Digester").
                         error("Unable to load property source["+className+"].",t);
                 }
             }

==================================================
XercesParser.java
index f75e671353..02e41a4bed 100644
--- a/java/org/apache/tomcat/util/digester/GenericParser.java
+++ b/java/org/apache/tomcat/util/digester/GenericParser.java
@@ -41,7 +41,7 @@ public class GenericParser{
      * The Log to which all SAX event related logging calls will be made.
      */
     private static final Log log =
-        LogFactory.getLog("org.apache.commons.digester.Digester.sax");
+        LogFactory.getLog("org.apache.tomcat.util.digester.Digester.sax");
 
     /**
      * The JAXP 1.2 property required to set up the schema location.

==================================================
