304ebf367241840f0b7db9f58fe9236081bd7026
==================================================
Upgraded Eclipse to Kepler. Fix resulting IDE warnings
==================================================
Mark Emlyn
==================================================
Fri Jan 31 19:49:51 2014 +0000
==================================================
ContextConfig.java
Upgraded Eclipse to Kepler. Fix resulting IDE warnings

git-svn-id: https://svn.apache.org/repos/asf/tomcat/trunk@1563229 13f79535-47bb-0310-9956-ffa450edef68



==================================================
WsWebSocketContainer.java
index 8c6c64b67f..55f494e9a0 100644
--- a/java/org/apache/catalina/startup/ContextConfig.java
+++ b/java/org/apache/catalina/startup/ContextConfig.java
@@ -1733,7 +1733,6 @@ public class ContextConfig implements LifecycleListener {
      * Identify the application web.xml to be used and obtain an input source
      * for it.
      */
-    @SuppressWarnings("resource") // stream is meant to be left open here
     protected InputSource getContextWebXmlSource() {
         InputStream stream = null;
         InputSource source = null;
@@ -1744,8 +1743,7 @@ public class ContextConfig implements LifecycleListener {
         // Open the application web.xml file, if it exists
         ServletContext servletContext = context.getServletContext();
         if (servletContext != null) {
-            altDDName = (String)servletContext.getAttribute(
-                                                        Globals.ALT_DD_ATTR);
+            altDDName = (String)servletContext.getAttribute(Globals.ALT_DD_ATTR);
             if (altDDName != null) {
                 try {
                     stream = new FileInputStream(altDDName);

==================================================
TestBeanELResolver.java
index 54d3b254f7..8de5007621 100644
--- a/java/org/apache/tomcat/websocket/WsWebSocketContainer.java
+++ b/java/org/apache/tomcat/websocket/WsWebSocketContainer.java
@@ -561,6 +561,7 @@ public class WsWebSocketContainer
      * @throws DeploymentException
      * @throws TimeoutException
      */
+    @SuppressWarnings("null")
     private HandshakeResponse processResponse(ByteBuffer response,
             AsyncChannelWrapper channel, long timeout) throws InterruptedException,
             ExecutionException, DeploymentException, EOFException,
@@ -634,7 +635,6 @@ public class WsWebSocketContainer
         values.add(headerValue);
     }
 
-
     private String readLine(ByteBuffer response) {
         // All ISO-8859-1
         StringBuilder sb = new StringBuilder();

==================================================
TestBeanNameELResolver.java
index 44fbdc32bb..0cc9bbda7a 100644
--- a/test/javax/el/TestBeanELResolver.java
+++ b/test/javax/el/TestBeanELResolver.java
@@ -59,7 +59,6 @@ public class TestBeanELResolver {
         Assert.assertTrue("Wrong exception type",
                 e instanceof PropertyNotFoundException);
         String type = Bean.class.getName();
-        @SuppressWarnings("null") // Assert above prevents msg being null
         String msg = e.getMessage();
         Assert.assertTrue("No reference to type [" + type +
                 "] where property cannot be found in [" + msg + "]",

==================================================
TestStaticFieldELResolver.java
index 6834a1c4f6..a7c90c6f4e 100644
--- a/test/javax/el/TestBeanNameELResolver.java
+++ b/test/javax/el/TestBeanNameELResolver.java
@@ -559,7 +559,6 @@ public class TestBeanNameELResolver {
         Assert.assertFalse(context.isPropertyResolved());
         Assert.assertNotNull(elException);
 
-        @SuppressWarnings("null") // Can't be null due to assertion above
         Throwable cause = elException.getCause();
         Assert.assertNotNull(cause);
     }

==================================================
TestExpiresFilter.java
index 97a7114257..7efa86d9f1 100644
--- a/test/javax/el/TestStaticFieldELResolver.java
+++ b/test/javax/el/TestStaticFieldELResolver.java
@@ -477,7 +477,6 @@ public class TestStaticFieldELResolver {
         Assert.assertNotNull(exception);
 
         if (checkCause) {
-            @SuppressWarnings("null")
             // Can't be null due to assertion above
             Throwable cause = exception.getCause();
             Assert.assertNotNull(cause);

==================================================
TestHostConfigAutomaticDeployment.java
index fa310af568..6192620a68 100644
--- a/test/org/apache/catalina/filters/TestExpiresFilter.java
+++ b/test/org/apache/catalina/filters/TestExpiresFilter.java
@@ -482,7 +482,6 @@ public class TestExpiresFilter extends TomcatBaseTest {
 
             Assert.assertNotNull(actualMaxAgeInSeconds);
 
-            @SuppressWarnings("null")
             int deltaInSeconds = Math.abs(actualMaxAgeInSeconds.intValue() -
                     expectedMaxAgeInSeconds.intValue());
             Assert.assertTrue("actualMaxAgeInSeconds: " +

==================================================
