320f609e512f155c7cb3fdf9d1d44f2a86e53082
==================================================
Fix a few unused code warnings in Jasper reported by Eclipse
==================================================
Mark Emlyn
==================================================
Sat Dec 24 13:28:33 2011 +0000
==================================================
JspDocumentParser.java
Fix a few unused code warnings in Jasper reported by Eclipse

git-svn-id: https://svn.apache.org/repos/asf/tomcat/trunk@1222968 13f79535-47bb-0310-9956-ffa450edef68



==================================================
JspReader.java
index d33ffcc469..0240d24196 100644
--- a/java/org/apache/jasper/compiler/JspDocumentParser.java
+++ b/java/org/apache/jasper/compiler/JspDocumentParser.java
@@ -167,8 +167,7 @@ class JspDocumentParser
             InputStream inStream = null;
             try {
                 inStream = JspUtil.getInputStream(path, jarFile,
-                                                  jspDocParser.ctxt,
-                                                  jspDocParser.err);
+                                                  jspDocParser.ctxt);
                 saxParser.parse(new InputSource(inStream), jspDocParser);
             } catch (EnableDTDValidationException e) {
                 saxParser = getSAXParser(true, jspDocParser);
@@ -180,8 +179,7 @@ class JspDocumentParser
                     }
                 }
                 inStream = JspUtil.getInputStream(path, jarFile,
-                                                  jspDocParser.ctxt,
-                                                  jspDocParser.err);
+                                                  jspDocParser.ctxt);
                 saxParser.parse(new InputSource(inStream), jspDocParser);
             } finally {
                 if (inStream != null) {

==================================================
JspUtil.java
index 67f63cbe1f..4827e6bfbd 100644
--- a/java/org/apache/jasper/compiler/JspReader.java
+++ b/java/org/apache/jasper/compiler/JspReader.java
@@ -74,11 +74,6 @@ class JspReader {
      */
     private int currFileId;
 
-    /**
-     * Seems redundant.
-     */
-    private int size;
-
     /**
      * The compilation context.
      */
@@ -135,7 +130,6 @@ class JspReader {
         this.err = err;
         sourceFiles = new Vector<String>();
         currFileId = 0;
-        size = 0;
         singleFile = false;
         pushFile(fname, encoding, reader);
     }
@@ -504,8 +498,6 @@ class JspReader {
         }
 
         sourceFiles.add(file);
-        this.size++;
-
         return sourceFiles.size() - 1;
     }
 
@@ -524,7 +516,6 @@ class JspReader {
         }
 
         sourceFiles.remove(file);
-        this.size--;
         return sourceFiles.size() - 1;
     }
 

==================================================
XMLEncodingDetector.java
index 0ee57a2ecb..a82eaca895 100644
--- a/java/org/apache/jasper/compiler/JspUtil.java
+++ b/java/org/apache/jasper/compiler/JspUtil.java
@@ -677,8 +677,7 @@ public class JspUtil {
     }
 
     public static InputStream getInputStream(String fname, JarFile jarFile,
-            JspCompilationContext ctxt, ErrorDispatcher err)
-            throws JasperException, IOException {
+            JspCompilationContext ctxt) throws IOException {
 
         InputStream in = null;
 
@@ -943,7 +942,7 @@ public class JspUtil {
             int skip) throws JasperException, IOException {
 
         InputStreamReader reader = null;
-        InputStream in = getInputStream(fname, jarFile, ctxt, err);
+        InputStream in = getInputStream(fname, jarFile, ctxt);
         for (int i = 0; i < skip; i++) {
             in.read();
         }

==================================================
