33919e2a7ebd65d58c3e5b5b2609eaad7c690d8e
==================================================
https://issues.apache.org/bugzilla/show_bug.cgi?id=56546 (very partial)
==================================================
Remy Maucherat
==================================================
Thu Jun 12 13:24:22 2014 +0000
==================================================
WebappClassLoader.java
index f07ff1a4d4..6ce014d03d 100644
--- a/java/org/apache/catalina/loader/LocalStrings_es.properties
+++ b/java/org/apache/catalina/loader/LocalStrings_es.properties
@@ -31,8 +31,6 @@ webappClassLoader.checkThreadsHttpClient = Hallado hilo keep-alive de HttpClient
 webappClassLoader.stopThreadFail = No pude terminar el hilo con nombre [{0}] para la aplicaci\u00F3n web [{1}]
 webappClassLoader.stopTimerThreadFail = No pude terminar TimerThread con nombre [{0}] para la aplicaci\u00F3n web [{1}]
 webappClassLoader.validationErrorJarPath = no pude validar entrada JAR con nombre {0}
-webappClassLoader.warnRequestThread = La aplicaci\u00F3n web [{0}] a\u00FAn se encuentra procesando un requerimiento que no ha terminados. Esto tiene todas las papeletas de convertirse en un fallo de memoria. Puedes controlar el tiempo permitido a los requerimientos para acabar mediante el uso del atributo unloadDelay de la implementaci\u00F3n est\u00E1ndar de Contexto.
-webappClassLoader.warnThread = La aplicaci\u00F3n web [{0}] parece haber arrancado un hilo llamado [{1}] pero no ha podido pararlo. Esto tiene todas las papeletas de convertirse en un fallo de memoria.
 webappClassLoader.warnTimerThread = La aplicaci\u00F3n web [{0}] parece haber arrancado un TimerThread con nombre [{1}] v\u00EDa de la API java.util.Timer, pero no ha podido pararlo. Para prevenir un fallo de memoria, el cron\u00F3metro (y el hilo asociado) hasido cancelado a la fuerza.
 webappClassLoader.wrongVersion = (no puedo cargar clase {0})
 webappLoader.addRepository = A\u00F1adiendo repositorio {0}

==================================================
