34a668173f8bd0c405d5de99b53322caa94a804d
==================================================
Added realm support for embedded JASPIC modules
==================================================
Mark Thomas
==================================================
Tue Jun 23 09:45:34 2015 +0000
==================================================
TomcatAuthConfig.java
Added realm support for embedded JASPIC modules
Patch by fjodorver

git-svn-id: https://svn.apache.org/repos/asf/tomcat/trunk@1687011 13f79535-47bb-0310-9956-ffa450edef68



==================================================
TomcatAuthConfigProvider.java
index 018ea5a22f..69a0df2f30 100644
--- a/java/org/apache/catalina/authenticator/jaspic/provider/TomcatAuthConfig.java
+++ b/java/org/apache/catalina/authenticator/jaspic/provider/TomcatAuthConfig.java
@@ -28,6 +28,7 @@ import javax.security.auth.message.MessageInfo;
 import javax.security.auth.message.config.ServerAuthConfig;
 import javax.security.auth.message.config.ServerAuthContext;
 
+import org.apache.catalina.Realm;
 import org.apache.catalina.authenticator.jaspic.provider.modules.TomcatAuthModule;
 
 public class TomcatAuthConfig implements ServerAuthConfig {
@@ -36,12 +37,15 @@ public class TomcatAuthConfig implements ServerAuthConfig {
     private String appContext;
     private CallbackHandler handler;
     private TomcatServerAuthContext tomcatServerAuthContext;
+    private Realm realm;
 
 
-    public TomcatAuthConfig(String layer, String appContext, CallbackHandler callbackHandler) {
+    public TomcatAuthConfig(String layer, String appContext, CallbackHandler callbackHandler,
+            Realm realm) {
         this.messageLayer = layer;
         this.appContext = appContext;
         this.handler = callbackHandler;
+        this.realm = realm;
     }
 
 

==================================================
ContextConfig.java
index 7de3bc43b6..573b708961 100644
--- a/java/org/apache/catalina/authenticator/jaspic/provider/TomcatAuthConfigProvider.java
+++ b/java/org/apache/catalina/authenticator/jaspic/provider/TomcatAuthConfigProvider.java
@@ -25,16 +25,24 @@ import javax.security.auth.message.config.AuthConfigProvider;
 import javax.security.auth.message.config.ClientAuthConfig;
 import javax.security.auth.message.config.ServerAuthConfig;
 
+import org.apache.catalina.Realm;
+
 public class TomcatAuthConfigProvider implements AuthConfigProvider {
 
     private Map<String, String> providerProperties;
     private ServerAuthConfig serverAuthConfig;
+    private Realm realm;
 
 
     public TomcatAuthConfigProvider() {
     }
 
 
+    public TomcatAuthConfigProvider(Realm realm) {
+        this.realm = realm;
+    }
+
+
     public TomcatAuthConfigProvider(Map<String, String> properties, AuthConfigFactory factory) {
         this.providerProperties = properties;
         if (factory != null) {
@@ -54,7 +62,7 @@ public class TomcatAuthConfigProvider implements AuthConfigProvider {
     public synchronized ServerAuthConfig getServerAuthConfig(String layer, String appContext,
             CallbackHandler handler) throws AuthException {
         if (this.serverAuthConfig == null) {
-            this.serverAuthConfig = new TomcatAuthConfig(layer, appContext, handler);
+            this.serverAuthConfig = new TomcatAuthConfig(layer, appContext, handler, realm);
         }
         return this.serverAuthConfig;
     }

==================================================
