3585a9267bfa90fe181710948d0f9d03fa94c7e3
==================================================
Happy new 2014.
==================================================
Rainer Jung
==================================================
Fri Jan 3 17:35:54 2014 +0000
==================================================
Constants.java
index fc1509db79..039ee7a0d2 100644
--- a/NOTICE
+++ b/NOTICE
@@ -1,5 +1,5 @@
 Apache Tomcat
-Copyright 1999-2013 The Apache Software Foundation
+Copyright 1999-2014 The Apache Software Foundation
 
 This product includes software developed at
 The Apache Software Foundation (http://www.apache.org/).

==================================================
HTMLManagerServlet.java
index e356d9d086..879b7a2b6f 100644
--- a/java/org/apache/catalina/manager/Constants.java
+++ b/java/org/apache/catalina/manager/Constants.java
@@ -201,7 +201,7 @@ public class Constants {
         HTML_TAIL_SECTION =
             "<hr size=\"1\" noshade=\"noshade\">\n" +
             "<center><font size=\"-1\" color=\"#525D76\">\n" +
-            " <em>Copyright &copy; 1999-2013, Apache Software Foundation</em>" +
+            " <em>Copyright &copy; 1999-2014, Apache Software Foundation</em>" +
             "</font></center>\n" +
             "\n" +
             "</body>\n" +

==================================================
Constants.java
index 6712c68008..68083935d4 100644
--- a/java/org/apache/catalina/manager/HTMLManagerServlet.java
+++ b/java/org/apache/catalina/manager/HTMLManagerServlet.java
@@ -762,7 +762,7 @@ public final class HTMLManagerServlet extends ManagerServlet {
      */
     @Override
     public String getServletInfo() {
-        return "HTMLManagerServlet, Copyright (c) 1999-2013, The Apache Software Foundation";
+        return "HTMLManagerServlet, Copyright (c) 1999-2014, The Apache Software Foundation";
     }
 
     /**

==================================================
