391c798b5a600d5172c0228678376ab34b48b563
==================================================
Checkstyle:
==================================================
Konstantin Kolinko
==================================================
Tue Jan 13 05:41:52 2015 +0000
==================================================
TestReplicatedContext.java
Checkstyle:
1) Missing Apache License header
2) Imports order

git-svn-id: https://svn.apache.org/repos/asf/tomcat/trunk@1651280 13f79535-47bb-0310-9956-ffa450edef68



==================================================
TestTomcat.java
index ab0c978e49..93151d4419 100644
--- a/test/org/apache/catalina/ha/context/TestReplicatedContext.java
+++ b/test/org/apache/catalina/ha/context/TestReplicatedContext.java
@@ -1,3 +1,19 @@
+/*
+ *  Licensed to the Apache Software Foundation (ASF) under one or more
+ *  contributor license agreements.  See the NOTICE file distributed with
+ *  this work for additional information regarding copyright ownership.
+ *  The ASF licenses this file to You under the Apache License, Version 2.0
+ *  (the "License"); you may not use this file except in compliance with
+ *  the License.  You may obtain a copy of the License at
+ *
+ *      http://www.apache.org/licenses/LICENSE-2.0
+ *
+ *  Unless required by applicable law or agreed to in writing, software
+ *  distributed under the License is distributed on an "AS IS" BASIS,
+ *  WITHOUT WARRANTIES OR CONDITIONS OF ANY KIND, either express or implied.
+ *  See the License for the specific language governing permissions and
+ *  limitations under the License.
+ */
 package org.apache.catalina.ha.context;
 
 import java.io.File;
@@ -8,6 +24,9 @@ import javax.servlet.http.HttpServlet;
 import javax.servlet.http.HttpServletRequest;
 import javax.servlet.http.HttpServletResponse;
 
+import org.junit.Assert;
+import org.junit.Test;
+
 import org.apache.catalina.Context;
 import org.apache.catalina.Host;
 import org.apache.catalina.LifecycleException;
@@ -15,8 +34,6 @@ import org.apache.catalina.core.StandardHost;
 import org.apache.catalina.startup.Tomcat;
 import org.apache.catalina.startup.TomcatBaseTest;
 import org.apache.tomcat.util.buf.ByteChunk;
-import org.junit.Assert;
-import org.junit.Test;
 
 public class TestReplicatedContext extends TomcatBaseTest {
 

==================================================
