3b1b7b3471ad463bc5002580fb41ff078cbdad12
==================================================
Fix https://issues.apache.org/bugzilla/show_bug.cgi?id=46696
==================================================
Mark Emlyn
==================================================
Thu Feb 12 14:34:26 2009 +0000
==================================================
StarvationTest.java
index 2fab70380b..dda2ca5c4f 100755
--- a/modules/jdbc-pool/sign.sh
+++ b/modules/jdbc-pool/sign.sh
@@ -1,3 +1,20 @@
+#!/bin/sh
+
+# Licensed to the Apache Software Foundation (ASF) under one or more
+# contributor license agreements.  See the NOTICE file distributed with
+# this work for additional information regarding copyright ownership.
+# The ASF licenses this file to You under the Apache License, Version 2.0
+# (the "License"); you may not use this file except in compliance with
+# the License.  You may obtain a copy of the License at
+#
+#     http://www.apache.org/licenses/LICENSE-2.0
+#
+# Unless required by applicable law or agreed to in writing, software
+# distributed under the License is distributed on an "AS IS" BASIS,
+# WITHOUT WARRANTIES OR CONDITIONS OF ANY KIND, either express or implied.
+# See the License for the specific language governing permissions and
+# limitations under the License.
+
 VERSION=v1.0.1
 for i in $(find output/release/$VERSION -name "*.zip" -o -name "*.tar.gz"); do
   echo Signing $i

==================================================
