3b80df8f216fbf2d7e5030b3ec8d726838c3ead9
==================================================
Reduce visibility
==================================================
Mark Emlyn
==================================================
Tue Jan 31 09:32:43 2012 +0000
==================================================
MbeansDescriptorsDigesterSource.java
Reduce visibility

git-svn-id: https://svn.apache.org/repos/asf/tomcat/trunk@1238324 13f79535-47bb-0310-9956-ffa450edef68



==================================================
MbeansDescriptorsIntrospectionSource.java
index 18b7a10a6f..03d6f19a53 100644
--- a/java/org/apache/tomcat/util/modeler/modules/MbeansDescriptorsDigesterSource.java
+++ b/java/org/apache/tomcat/util/modeler/modules/MbeansDescriptorsDigesterSource.java
@@ -37,12 +37,12 @@ public class MbeansDescriptorsDigesterSource extends ModelerSource
     private static final Log log =
             LogFactory.getLog(MbeansDescriptorsDigesterSource.class);
 
-    Registry registry;
-    String type;
-    List<ObjectName> mbeans = new ArrayList<ObjectName>();
-    protected static volatile Digester digester = null;
+    private Registry registry;
+    private String type;
+    private List<ObjectName> mbeans = new ArrayList<ObjectName>();
+    private static volatile Digester digester = null;
 
-    protected static Digester createDigester() {
+    private static Digester createDigester() {
 
         Digester digester = new Digester();
         digester.setNamespaceAware(false);

==================================================
MbeansDescriptorsSerSource.java
index a8e5d86215..5c239e4df1 100644
--- a/java/org/apache/tomcat/util/modeler/modules/MbeansDescriptorsIntrospectionSource.java
+++ b/java/org/apache/tomcat/util/modeler/modules/MbeansDescriptorsIntrospectionSource.java
@@ -40,9 +40,9 @@ public class MbeansDescriptorsIntrospectionSource extends ModelerSource
 {
     private static final Log log = LogFactory.getLog(MbeansDescriptorsIntrospectionSource.class);
 
-    Registry registry;
-    String type;
-    List<ObjectName> mbeans = new ArrayList<ObjectName>();
+    private Registry registry;
+    private String type;
+    private List<ObjectName> mbeans = new ArrayList<ObjectName>();
 
     public void setRegistry(Registry reg) {
         this.registry=reg;
@@ -89,7 +89,7 @@ public class MbeansDescriptorsIntrospectionSource extends ModelerSource
 
     // ------------ Implementation for non-declared introspection classes
 
-    static Hashtable<String,String> specialMethods =
+    private static Hashtable<String,String> specialMethods =
         new Hashtable<String,String>();
     static {
         specialMethods.put( "preDeregister", "");
@@ -152,7 +152,7 @@ public class MbeansDescriptorsIntrospectionSource extends ModelerSource
      * @param javaType The class to check
      * @return boolean True if the class is compatible.
      */
-    protected boolean isBeanCompatible(Class<?> javaType) {
+    private boolean isBeanCompatible(Class<?> javaType) {
         // Must be a non-primitive and non array
         if (javaType.isArray() || javaType.isPrimitive()) {
             return false;

==================================================
