3f7ea8503a1184c21578210caa2361e0513b0159
==================================================
Move WebRuleSet to new o.a.t.u.descriptor.web package
==================================================
Mark Emlyn
==================================================
Tue Jul 9 10:41:35 2013 +0000
==================================================
ContextConfig.java
Move WebRuleSet to new o.a.t.u.descriptor.web package

git-svn-id: https://svn.apache.org/repos/asf/tomcat/trunk@1501195 13f79535-47bb-0310-9956-ffa450edef68



==================================================
WebRuleSet.java
new file mode 100644
index 0000000000..a73e14fb0c
--- /dev/null
+++ b/java/org/apache/tomcat/util/descriptor/web/LocalStrings_es.properties
@@ -0,0 +1,17 @@
+# Licensed to the Apache Software Foundation (ASF) under one or more
+# contributor license agreements.  See the NOTICE file distributed with
+# this work for additional information regarding copyright ownership.
+# The ASF licenses this file to You under the Apache License, Version 2.0
+# (the "License"); you may not use this file except in compliance with
+# the License.  You may obtain a copy of the License at
+#
+#     http://www.apache.org/licenses/LICENSE-2.0
+#
+# Unless required by applicable law or agreed to in writing, software
+# distributed under the License is distributed on an "AS IS" BASIS,
+# WITHOUT WARRANTIES OR CONDITIONS OF ANY KIND, either express or implied.
+# See the License for the specific language governing permissions and
+# limitations under the License.
+
+webRuleSet.absoluteOrdering = Elemento <absolute-ordering> no v\u00E1lido en web-fragment.xml y ser\u00E1 ignorado
+webRuleSet.relativeOrdering = elemento <ordering> no v\u00E1lido en web.xml y ser\u00E1 ignorado

==================================================
TestSchemaValidation.java
similarity index 99%
rename from java/org/apache/catalina/startup/WebRuleSet.java
rename to java/org/apache/tomcat/util/descriptor/web/WebRuleSet.java
index fa5f13e931..4c83303ffa 100644
--- a/java/org/apache/catalina/startup/WebRuleSet.java
+++ b/java/org/apache/tomcat/util/descriptor/web/WebRuleSet.java
@@ -14,21 +14,12 @@
  * See the License for the specific language governing permissions and
  * limitations under the License.
  */
-
-
-package org.apache.catalina.startup;
-
+package org.apache.tomcat.util.descriptor.web;
 
 import java.lang.reflect.Method;
 import java.util.ArrayList;
 
 import org.apache.tomcat.util.IntrospectionUtils;
-import org.apache.tomcat.util.descriptor.web.ContextHandler;
-import org.apache.tomcat.util.descriptor.web.ContextService;
-import org.apache.tomcat.util.descriptor.web.ResourceBase;
-import org.apache.tomcat.util.descriptor.web.SecurityConstraint;
-import org.apache.tomcat.util.descriptor.web.ServletDef;
-import org.apache.tomcat.util.descriptor.web.WebXml;
 import org.apache.tomcat.util.digester.CallMethodRule;
 import org.apache.tomcat.util.digester.CallParamRule;
 import org.apache.tomcat.util.digester.Digester;
@@ -53,7 +44,7 @@ public class WebRuleSet extends RuleSetBase {
      * The string resources for this package.
      */
     protected static final StringManager sm =
-        StringManager.getManager(Constants.Package);
+        StringManager.getManager(Constants.PACKAGE_NAME);
 
     // ----------------------------------------------------- Instance Variables
 

==================================================
TestWebRuleSet.java
index 97b381a9b5..5715154c5c 100644
--- a/test/javax/servlet/resources/TestSchemaValidation.java
+++ b/test/javax/servlet/resources/TestSchemaValidation.java
@@ -21,9 +21,9 @@ import java.io.File;
 import org.junit.Assert;
 import org.junit.Test;
 
-import org.apache.catalina.startup.WebRuleSet;
 import org.apache.tomcat.util.descriptor.DigesterFactory;
 import org.apache.tomcat.util.descriptor.XmlIdentifiers;
+import org.apache.tomcat.util.descriptor.web.WebRuleSet;
 import org.apache.tomcat.util.descriptor.web.WebXml;
 import org.apache.tomcat.util.digester.Digester;
 

==================================================
