400d6847feb1377db8f1d486a8574e61dd5323d1
==================================================
Bugzilla 40150: validate user and role classes in JAASRealm.  While I'm there, typify the relevant lists of class names so that JDK 5+ doesn't complain about unchecked operations in this class.
==================================================
Yoav Shapira
==================================================
Sun Mar 25 21:42:05 2007 +0000
==================================================
JAASRealm.java
index c3d08c16cd..261e6119a0 100644
--- a/build.xml
+++ b/build.xml
@@ -92,6 +92,7 @@
            source="${compile.source}"
            optimize="${compile.optimize}"
            excludes="**/CVS/**,**/.svn/**">
+<!-- Comment this in to show unchecked warnings:     <compilerarg value="-Xlint:unchecked"/> -->
       <classpath refid="tomcat.classpath" />
       <exclude name="org/apache/tomcat/util/net/puretls/**" />
     </javac>

==================================================
