44b12762234be6f1ea733a99f23e08929702485f
==================================================
forward port of bugfixes from 6.0
==================================================
Filip Hanik
==================================================
Thu Aug 30 19:14:43 2007 +0000
==================================================
StandardManager.java
forward port of bugfixes from 6.0


git-svn-id: https://svn.apache.org/repos/asf/tomcat/trunk@571276 13f79535-47bb-0310-9956-ffa450edef68



==================================================
NamingRuleSet.java
index 23dea937dc..aff2a034ad 100644
--- a/java/org/apache/catalina/session/StandardManager.java
+++ b/java/org/apache/catalina/session/StandardManager.java
@@ -395,7 +395,6 @@ public class StandardManager
                     session.setManager(this);
                     sessions.put(session.getIdInternal(), session);
                     session.activate();
-                    session.endAccess();
                 }
             } catch (ClassNotFoundException e) {
               log.error(sm.getString("standardManager.loading.cnfe", e), e);

==================================================
