466326b67135741ae43cd121cf77b877982a4427
==================================================
Checkstyle checks for Javadoc += SingleLineJavadoc
==================================================
Mark Thomas
==================================================
Fri Jan 13 10:37:21 2023 +0000
==================================================
DelegatingCallableStatement.java
Checkstyle checks for Javadoc += SingleLineJavadoc


==================================================
DelegatingPreparedStatement.java
index d8fce5b93c..1f365e2292 100644
--- a/java/org/apache/tomcat/dbcp/dbcp2/DelegatingCallableStatement.java
+++ b/java/org/apache/tomcat/dbcp/dbcp2/DelegatingCallableStatement.java
@@ -97,7 +97,9 @@ public class DelegatingCallableStatement extends DelegatingPreparedStatement imp
         }
     }
 
-    /** @deprecated Use {@link #getBigDecimal(int)} or {@link #getBigDecimal(String)} */
+    /**
+     * @deprecated Use {@link #getBigDecimal(int)} or {@link #getBigDecimal(String)}
+     */
     @Override
     @Deprecated
     public BigDecimal getBigDecimal(final int parameterIndex, final int scale) throws SQLException {

==================================================
DelegatingResultSet.java
index 4ecf26f891..0dd7668a95 100644
--- a/java/org/apache/tomcat/dbcp/dbcp2/DelegatingPreparedStatement.java
+++ b/java/org/apache/tomcat/dbcp/dbcp2/DelegatingPreparedStatement.java
@@ -660,7 +660,9 @@ public class DelegatingPreparedStatement extends DelegatingStatement implements
         }
     }
 
-    /** @deprecated Use setAsciiStream(), setCharacterStream() or setNCharacterStream() */
+    /**
+     * @deprecated Use setAsciiStream(), setCharacterStream() or setNCharacterStream()
+     */
     @Deprecated
     @Override
     public void setUnicodeStream(final int parameterIndex, final InputStream x, final int length) throws SQLException {

==================================================
