47bc1d1e87b83fc487fd974ec1c9057280c2e7c2
==================================================
better error handling
==================================================
Filip Hanik
==================================================
Fri Mar 23 16:19:47 2007 +0000
==================================================
NioBlockingSelector.java
better error handling


git-svn-id: https://svn.apache.org/repos/asf/tomcat/tc6.0.x/trunk@521790 13f79535-47bb-0310-9956-ffa450edef68



==================================================
NioEndpoint.java
index a60b0a87ed..b73b69cb23 100644
--- a/java/org/apache/tomcat/util/net/NioBlockingSelector.java
+++ b/java/org/apache/tomcat/util/net/NioBlockingSelector.java
@@ -62,7 +62,7 @@ public class NioBlockingSelector {
                         continue; //we successfully wrote, try again without a selector
                     }
                 }
-                
+                if ( key == null ) throw new IOException("Key no longer registered");
                 KeyAttachment att = (KeyAttachment) key.attachment();
                 try {
                     if ( att.getLatch()==null || att.getLatch().getCount()==0) att.startLatch(1);

==================================================
