4986f8dab6440de82b226613fc6ddbf2edd72aba
==================================================
Fix broken non-blocking unit test on Linux.
==================================================
Mark Thomas
==================================================
Wed Feb 4 19:06:26 2015 +0000
==================================================
Http11OutputBuffer.java
Fix broken non-blocking unit test on Linux.

git-svn-id: https://svn.apache.org/repos/asf/tomcat/trunk@1657374 13f79535-47bb-0310-9956-ffa450edef68



==================================================
Http11Processor.java
index 5253a53c5a..77bfb0f18d 100644
--- a/java/org/apache/coyote/http11/Http11OutputBuffer.java
+++ b/java/org/apache/coyote/http11/Http11OutputBuffer.java
@@ -583,6 +583,11 @@ public class Http11OutputBuffer implements OutputBuffer {
     }
 
 
+    public void registerWriteInterest() {
+        socketWrapper.registerWriteInterest();
+    }
+
+
     // ------------------------------------------ SocketOutputBuffer Inner Class
 
     /**

==================================================
