4c04369c287233ea2e8e5135f6c31d02e2d76293
==================================================
Add some comments for the fix for CVE-2018-8037
==================================================
Mark Thomas
==================================================
Mon Aug 6 14:44:23 2018 +0000
==================================================
AbstractProcessor.java
Add some comments for the fix for CVE-2018-8037

git-svn-id: https://svn.apache.org/repos/asf/tomcat/trunk@1837530 13f79535-47bb-0310-9956-ffa450edef68



==================================================
AsyncStateMachine.java
index 5be2cb8c1f..67acb3f2cc 100644
--- a/java/org/apache/coyote/AbstractProcessor.java
+++ b/java/org/apache/coyote/AbstractProcessor.java
@@ -51,6 +51,15 @@ public abstract class AbstractProcessor extends AbstractProcessorLight implement
     protected final Adapter adapter;
     protected final AsyncStateMachine asyncStateMachine;
     private volatile long asyncTimeout = -1;
+    /*
+     * Tracks the current async generation when a timeout is dispatched. In the
+     * time it takes for a container thread to be allocated and the timeout
+     * processing to start, it is possible that the application completes this
+     * generation of async processing and starts a new one. If the timeout is
+     * then processed against the new generation, response mix-up can occur.
+     * This field is used to ensure that any timeout event processed is for the
+     * current async generation. This prevents the response mix-up.
+     */
     private volatile long asyncTimeoutGeneration = 0;
     protected final Request request;
     protected final Response response;

==================================================
