4c7ea05786caf786fc5a54dba218cb433a5dcf37
==================================================
Fix javadoc.
==================================================
Rainer Jung
==================================================
Fri Aug 2 21:22:23 2013 +0000
==================================================
Tomcat.java
Fix javadoc.


git-svn-id: https://svn.apache.org/repos/asf/tomcat/trunk@1509866 13f79535-47bb-0310-9956-ffa450edef68



==================================================
WsServerContainer.java
index 3472d09f43..915c368967 100644
--- a/java/org/apache/catalina/startup/Tomcat.java
+++ b/java/org/apache/catalina/startup/Tomcat.java
@@ -481,14 +481,14 @@ public class Tomcat {
     }
 
     /**
-     * @see {@link #addContext(String, String)}
+     * @see #addContext(String, String)
      */
     public Context addContext(Host host, String contextPath, String dir) {
         return addContext(host, contextPath, contextPath, dir);
     }
 
     /**
-     * @see {@link #addContext(String, String)}
+     * @see #addContext(String, String)
      */
     public Context addContext(Host host, String contextPath, String contextName,
             String dir) {
@@ -508,14 +508,14 @@ public class Tomcat {
     }
 
     /**
-     * @see {@link #addWebapp(String, String)}.
+     * @see #addWebapp(String, String)
      */
     public Context addWebapp(Host host, String url, String path) {
         return addWebapp(host, url, url, path);
     }
 
     /**
-     * @see {@link #addWebapp(String, String)}.
+     * @see #addWebapp(String, String)
      */
     public Context addWebapp(Host host, String url, String name, String path) {
         silence(host, url);

==================================================
