4e7166b18faa32421b8f1575a226ac5889604cce
==================================================
Jean-Francois confirmed it was OK to remove his @author tags
==================================================
Mark Emlyn
==================================================
Fri Jan 24 17:22:15 2014 +0000
==================================================
CoyoteInputStream.java
Jean-Francois confirmed it was OK to remove his @author tags

git-svn-id: https://svn.apache.org/repos/asf/tomcat/trunk@1561078 13f79535-47bb-0310-9956-ffa450edef68



==================================================
RequestFacade.java
index 02aad199c1..6f1a3fa126 100644
--- a/java/org/apache/catalina/connector/CoyoteInputStream.java
+++ b/java/org/apache/catalina/connector/CoyoteInputStream.java
@@ -31,7 +31,6 @@ import org.apache.tomcat.util.res.StringManager;
  * This class handles reading bytes.
  *
  * @author Remy Maucherat
- * @author Jean-Francois Arcand
  */
 public class CoyoteInputStream extends ServletInputStream {
 

==================================================
ResponseFacade.java
index 7cedf686f0..4e1e558f36 100644
--- a/java/org/apache/catalina/connector/RequestFacade.java
+++ b/java/org/apache/catalina/connector/RequestFacade.java
@@ -50,7 +50,6 @@ import org.apache.tomcat.util.res.StringManager;
  *
  * @author Craig R. McClanahan
  * @author Remy Maucherat
- * @author Jean-Francois Arcand
  * @version $Id$
  */
 

==================================================
ApplicationContextFacade.java
index 742d7e45a7..67917743f1 100644
--- a/java/org/apache/catalina/connector/ResponseFacade.java
+++ b/java/org/apache/catalina/connector/ResponseFacade.java
@@ -38,7 +38,6 @@ import org.apache.tomcat.util.res.StringManager;
  * All methods are delegated to the wrapped response.
  *
  * @author Remy Maucherat
- * @author Jean-Francois Arcand
  * @version $Id$
  */
 @SuppressWarnings("deprecation")

==================================================
DeltaManager.java
index 1dd59c4309..d834ff2ab5 100644
--- a/java/org/apache/catalina/core/ApplicationContextFacade.java
+++ b/java/org/apache/catalina/core/ApplicationContextFacade.java
@@ -54,7 +54,6 @@ import org.apache.tomcat.util.ExceptionUtils;
  * object from the web application.
  *
  * @author Remy Maucherat
- * @author Jean-Francois Arcand
  * @version $Id$
  */
 

==================================================
SecurityClassLoad.java
index 94806b47d6..14451f561e 100644
--- a/java/org/apache/catalina/ha/session/DeltaManager.java
+++ b/java/org/apache/catalina/ha/session/DeltaManager.java
@@ -59,7 +59,6 @@ import org.apache.tomcat.util.res.StringManager;
  *
  * @author Filip Hanik
  * @author Craig R. McClanahan
- * @author Jean-Francois Arcand
  * @author Peter Rossbach
  * @version $Id$
  */

==================================================
SecurityConfig.java
index 1e3351ecf9..0db82e0c7c 100644
--- a/java/org/apache/catalina/security/SecurityClassLoad.java
+++ b/java/org/apache/catalina/security/SecurityClassLoad.java
@@ -24,7 +24,6 @@ package org.apache.catalina.security;
  * RuntimePermission does not trigger an AccessControlException.
  *
  * @author Glenn L. Nielsen
- * @author Jean-Francois Arcand
  * @version $Id$
  */
 

==================================================
SecurityUtil.java
index b7b63afdd3..b2292a4075 100644
--- a/java/org/apache/catalina/security/SecurityConfig.java
+++ b/java/org/apache/catalina/security/SecurityConfig.java
@@ -24,7 +24,6 @@ import org.apache.catalina.startup.CatalinaProperties;
  * Util class to protect Catalina against package access and insertion.
  * The code are been moved from Catalina.java
  * @author the Catalina.java authors
- * @author Jean-Francois Arcand
  */
 public final class SecurityConfig{
     private static SecurityConfig singleton = null;

==================================================
PersistentManagerBase.java
index a63ada330c..b5ba64fb4d 100644
--- a/java/org/apache/catalina/security/SecurityUtil.java
+++ b/java/org/apache/catalina/security/SecurityUtil.java
@@ -45,8 +45,6 @@ import org.apache.tomcat.util.res.StringManager;
  * Servlet/Filter.
  *
  * This class uses reflection to invoke the methods.
- *
- * @author Jean-Francois Arcand
  */
 
 public final class SecurityUtil{

==================================================
StandardManager.java
index 167185bb1e..53fc88c08c 100644
--- a/java/org/apache/catalina/session/PersistentManagerBase.java
+++ b/java/org/apache/catalina/session/PersistentManagerBase.java
@@ -46,7 +46,6 @@ import org.apache.juli.logging.LogFactory;
  * <code>stop()</code> methods of this class at the correct times.
  *
  * @author Craig R. McClanahan
- * @author Jean-Francois Arcand
  * @version $Id$
  */
 

==================================================
ContextConfig.java
index 5a34897c0b..3b9e2a96c4 100644
--- a/java/org/apache/catalina/session/StandardManager.java
+++ b/java/org/apache/catalina/session/StandardManager.java
@@ -56,7 +56,6 @@ import org.apache.tomcat.util.ExceptionUtils;
  * <code>stop()</code> methods of this class at the correct times.
  *
  * @author Craig R. McClanahan
- * @author Jean-Francois Arcand
  * @version $Id$
  */
 

==================================================
SecurityClassLoad.java
index 9c4ce52855..182fdebee0 100644
--- a/java/org/apache/catalina/startup/ContextConfig.java
+++ b/java/org/apache/catalina/startup/ContextConfig.java
@@ -113,7 +113,6 @@ import org.xml.sax.SAXParseException;
  * of that Context, and the associated defined servlets.
  *
  * @author Craig R. McClanahan
- * @author Jean-Francois Arcand
  * @version $Id$
  */
 public class ContextConfig implements LifecycleListener {

==================================================
SecurityUtil.java
index 00de553387..fc020b39db 100644
--- a/java/org/apache/jasper/security/SecurityClassLoad.java
+++ b/java/org/apache/jasper/security/SecurityClassLoad.java
@@ -22,8 +22,6 @@ package org.apache.jasper.security;
  * Static class used to preload java classes when using the
  * Java SecurityManager so that the defineClassInPackage
  * RuntimePermission does not trigger an AccessControlException.
- *
- * @author Jean-Francois Arcand
  */
 
 public final class SecurityClassLoad {

==================================================
JasperLoader.java
index aaeaff9463..0a0eeab805 100644
--- a/java/org/apache/jasper/security/SecurityUtil.java
+++ b/java/org/apache/jasper/security/SecurityUtil.java
@@ -20,8 +20,6 @@ import org.apache.jasper.Constants;
 
 /**
  * Util class for Security related operations.
- *
- * @author Jean-Francois Arcand
  */
 
 public final class SecurityUtil{

==================================================
