505ab516d789054c9989cf51b0a3e5f3fd46d151
==================================================
Remove the `managerServlet.listitem` from the localized strings
==================================================
Fabien Zindy
==================================================
Tue Jun 30 21:04:14 2020 +0200
==================================================
ManagerServlet.java
index 5258288199..f6d5a40f92 100644
--- a/java/org/apache/catalina/manager/LocalStrings_zh_CN.properties
+++ b/java/org/apache/catalina/manager/LocalStrings_zh_CN.properties
@@ -144,7 +144,6 @@ managerServlet.inService=失败 - 应用程序[{0}]已服务
 managerServlet.invalidCommand=失败 - 无效参数，命令[{0}]
 managerServlet.invalidPath=失败 - 指定了无效到上下文路径[{0}]
 managerServlet.listed=OK - 虚拟主机[{0}]下的应用程序列表
-managerServlet.listitem={0}:{1}:{2}:{3}
 managerServlet.mkdirFail=失败 - 无法创建目录 [{0}]
 managerServlet.noCommand=失败 - 未指定命令
 managerServlet.noContext=失败 - 上下文环境[{0}]不存在

==================================================
