5254adbb18fbf96cc777f1971e48ba3db7192dd8
==================================================
Use standard approach for pre-loading classes
==================================================
Mark Emlyn
==================================================
Tue Mar 22 09:42:29 2011 +0000
==================================================
Request.java
Use standard approach for pre-loading classes

git-svn-id: https://svn.apache.org/repos/asf/tomcat/trunk@1084115 13f79535-47bb-0310-9956-ffa450edef68



==================================================
SecurityClassLoad.java
index de009b5b3f..debd45f57b 100644
--- a/java/org/apache/catalina/connector/Request.java
+++ b/java/org/apache/catalina/connector/Request.java
@@ -81,7 +81,6 @@ import org.apache.tomcat.util.ExceptionUtils;
 import org.apache.tomcat.util.buf.B2CConverter;
 import org.apache.tomcat.util.buf.ByteChunk;
 import org.apache.tomcat.util.buf.MessageBytes;
-import org.apache.tomcat.util.buf.StringCache;
 import org.apache.tomcat.util.http.Cookies;
 import org.apache.tomcat.util.http.FastHttpDateFormat;
 import org.apache.tomcat.util.http.Parameters;
@@ -112,12 +111,6 @@ public class Request
     // ----------------------------------------------------------- Constructors
 
 
-    static {
-        // Ensure that classes are loaded for SM
-        new StringCache.ByteEntry();
-        new StringCache.CharEntry();
-    }
-
     public Request() {
 
         formats[0].setTimeZone(GMT_ZONE);

==================================================
