530f7d89ac4262e91876eaec902f740bee10e20e
==================================================
Fix https://bz.apache.org/bugzilla/show_bug.cgi?id=60032
==================================================
Mark Thomas
==================================================
Wed Aug 24 11:27:29 2016 +0000
==================================================
AstFunction.java
Fix https://bz.apache.org/bugzilla/show_bug.cgi?id=60032
Fix handling of method calls that use varargs within EL value expressions.

git-svn-id: https://svn.apache.org/repos/asf/tomcat/trunk@1757495 13f79535-47bb-0310-9956-ffa450edef68



==================================================
TestELInJsp.java
index 9e0154c522..8f63999da5 100644
--- a/java/org/apache/el/parser/AstFunction.java
+++ b/java/org/apache/el/parser/AstFunction.java
@@ -178,6 +178,8 @@ public final class AstFunction extends SimpleNode {
                                 varargs[j-i] = parameters.jjtGetChild(j).getValue(ctx);
                                 varargs[j-i] = coerceToType(ctx, varargs[j-i], target);
                             }
+                            params[i] = varargs;
+                            params[i] = coerceToType(ctx, params[i], paramTypes[i]);
                         }
                     } else {
                         params[i] = parameters.jjtGetChild(i).getValue(ctx);

==================================================
TesterFunctions.java
index 02d3019277..3acf608db6 100644
--- a/test/org/apache/el/TestELInJsp.java
+++ b/test/org/apache/el/TestELInJsp.java
@@ -489,6 +489,16 @@ public class TestELInJsp extends TomcatBaseTest {
     }
 
 
+    @Test
+    public void testBug60032() throws Exception {
+        getTomcatInstanceTestWebapp(false, true);
+
+        ByteChunk res = getUrl("http://localhost:" + getPort() + "/test/bug6nnnn/bug60032.jsp");
+        String result = res.toString();
+        assertEcho(result, "{OK}");
+    }
+
+
     // Assertion for text contained with <p></p>, e.g. printed by tags:echo
     private static void assertEcho(String result, String expected) {
         Assert.assertTrue(result, result.indexOf("<p>" + expected + "</p>") > 0);

==================================================
