5431cc0b5d991a25d182c5e089d2b20d987ef1e8
==================================================
Some leading '/' consistency
==================================================
Mark Emlyn
==================================================
Wed Oct 24 14:03:42 2012 +0000
==================================================
FileResourceSet.java
Some leading '/' consistency

git-svn-id: https://svn.apache.org/repos/asf/tomcat/trunk@1401696 13f79535-47bb-0310-9956-ffa450edef68



==================================================
TestFileResourceSet.java
index 80b5606b71..da6096365e 100644
--- a/java/org/apache/catalina/webresources/FileResourceSet.java
+++ b/java/org/apache/catalina/webresources/FileResourceSet.java
@@ -77,7 +77,7 @@ public class FileResourceSet extends AbstractFileResourceSet {
     public WebResource getResource(String path) {
         checkPath(path);
 
-        String webAppMount = '/' + getWebAppMount();
+        String webAppMount = getWebAppMount();
         WebResourceRoot root = getRoot();
         if (path.equals(webAppMount)) {
             File f = file("", true);
@@ -97,7 +97,7 @@ public class FileResourceSet extends AbstractFileResourceSet {
         if (path.charAt(path.length() - 1) != '/') {
             path = path + '/';
         }
-        String webappMount = '/' + getWebAppMount();
+        String webappMount = getWebAppMount();
 
         if (webappMount.startsWith(path)) {
             webappMount = webappMount.substring(path.length());
@@ -117,7 +117,7 @@ public class FileResourceSet extends AbstractFileResourceSet {
         if (path.charAt(path.length() - 1) != '/') {
             path = path + '/';
         }
-        String webappMount = '/' + getWebAppMount();
+        String webappMount = getWebAppMount();
 
         if (webappMount.startsWith(path)) {
             webappMount = webappMount.substring(path.length());

==================================================
