557c64e19c078ea45ec59348caf478f7bbbdda0c
==================================================
Simplify
==================================================
Mark Thomas
==================================================
Fri Nov 6 10:01:24 2020 +0000
==================================================
ExpressionFactory.java
Simplify


==================================================
ExpressionFactoryImpl.java
index dd17ddda80..599a1791df 100644
--- a/java/jakarta/el/ExpressionFactory.java
+++ b/java/jakarta/el/ExpressionFactory.java
@@ -42,7 +42,7 @@ import aQute.bnd.annotation.spi.ServiceConsumer;
  *
  * @since 2.1
  */
-@ServiceConsumer(value=jakarta.el.ExpressionFactory.class)
+@ServiceConsumer(value=ExpressionFactory.class)
 public abstract class ExpressionFactory {
 
     private static final boolean IS_SECURITY_ENABLED =

==================================================
