55cd2bfdb1aa1539fc3090eda97bde72ff77e7d2
==================================================
Fixed spelling. Patch provided by Jimmy Casey via GitHub.
==================================================
Violeta Georgieva
==================================================
Mon Jul 30 10:46:21 2018 +0000
==================================================
Client.java
index 5a3200ca21..2950583a00 100644
--- a/webapps/docs/changelog.xml
+++ b/webapps/docs/changelog.xml
@@ -173,6 +173,9 @@
         Implement checksum checks when downloading dependencies that are used
         to build Tomcat. (kkolinko)
       </add>
+      <fix>
+        Fixed spelling. Patch provided by Jimmy Casey via GitHub. (violetagg)
+      </fix>
     </changelog>
   </subsection>
 </section>

==================================================
