564347efe96415f37babd6c21f26404c7bc30327
==================================================
Fix NPE in the map, add accessors to stats information
==================================================
Filip Hanik
==================================================
Mon Aug 13 13:54:30 2007 +0000
==================================================
ThroughputInterceptor.java
Fix NPE in the map, add accessors to stats information


git-svn-id: https://svn.apache.org/repos/asf/tomcat/trunk@565352 13f79535-47bb-0310-9956-ffa450edef68



==================================================
AbstractReplicatedMap.java
index e9636a91b7..2d4935fddd 100644
--- a/java/org/apache/catalina/tribes/group/interceptors/ThroughputInterceptor.java
+++ b/java/org/apache/catalina/tribes/group/interceptors/ThroughputInterceptor.java
@@ -16,6 +16,10 @@
 
 package org.apache.catalina.tribes.group.interceptors;
 
+import java.text.DecimalFormat;
+import java.util.concurrent.atomic.AtomicInteger;
+import java.util.concurrent.atomic.AtomicLong;
+
 import org.apache.catalina.tribes.ChannelException;
 import org.apache.catalina.tribes.ChannelMessage;
 import org.apache.catalina.tribes.Member;
@@ -23,10 +27,6 @@ import org.apache.catalina.tribes.group.ChannelInterceptorBase;
 import org.apache.catalina.tribes.group.InterceptorPayload;
 import org.apache.catalina.tribes.io.ChannelData;
 import org.apache.catalina.tribes.io.XByteBuffer;
-import java.text.DecimalFormat;
-import org.apache.catalina.tribes.membership.MemberImpl;
-import java.util.concurrent.atomic.AtomicInteger;
-import java.util.concurrent.atomic.AtomicLong;
 
 
 
@@ -61,7 +61,7 @@ public class ThroughputInterceptor extends ChannelInterceptorBase {
             super.sendMessage(destination, msg, payload);
         }catch ( ChannelException x ) {
             msgTxErr.addAndGet(1);
-            access.addAndGet(-1);
+            if ( access.get() == 1 ) access.addAndGet(-1);
             throw x;
         } 
         mbTx += ((double)(bytes*destination.length))/(1024d*1024d);
@@ -117,4 +117,44 @@ public class ThroughputInterceptor extends ChannelInterceptorBase {
         return interval;
     }
 
+    public double getLastCnt() {
+        return lastCnt;
+    }
+
+    public double getMbAppTx() {
+        return mbAppTx;
+    }
+
+    public double getMbRx() {
+        return mbRx;
+    }
+
+    public double getMbTx() {
+        return mbTx;
+    }
+
+    public AtomicLong getMsgRxCnt() {
+        return msgRxCnt;
+    }
+
+    public AtomicLong getMsgTxCnt() {
+        return msgTxCnt;
+    }
+
+    public AtomicLong getMsgTxErr() {
+        return msgTxErr;
+    }
+
+    public long getRxStart() {
+        return rxStart;
+    }
+
+    public double getTimeTx() {
+        return timeTx;
+    }
+
+    public long getTxStart() {
+        return txStart;
+    }
+
 }

==================================================
