5c9c637fdb7401a64ff2e7d3571e612fd982fad3
==================================================
Update docs to new MBean names
==================================================
Mark Emlyn
==================================================
Mon Nov 22 11:46:46 2010 +0000
==================================================
JMXAccessorInvokeTask.java
Update docs to new MBean names

git-svn-id: https://svn.apache.org/repos/asf/tomcat/trunk@1037682 13f79535-47bb-0310-9956-ffa450edef68



==================================================
JMXAccessorSetTask.java
index 7004aef6db..e7a087882d 100644
--- a/java/org/apache/catalina/ant/jmx/JMXAccessorInvokeTask.java
+++ b/java/org/apache/catalina/ant/jmx/JMXAccessorInvokeTask.java
@@ -44,10 +44,10 @@ import org.apache.tools.ant.BuildException;
  * <ul>
  * <li>
  * Get a session attribute hello from session with ref <em>${sessionid.0}</em> form 
- * app <em>Catalina:type=Manager,path=/ClusterTest,host=localhost</em> 
+ * app <em>Catalina:type=Manager,context=/ClusterTest,host=localhost</em> 
  * <pre>
  *   &lt;jmx:invoke
- *           name="Catalina:type=Manager,path=/ClusterTest,host=localhost" 
+ *           name="Catalina:type=Manager,context=/ClusterTest,host=localhost" 
  *           operation="getSessionAttribute"
  *           resultproperty="hello"&gt;
  *         &lt;arg value="${sessionid.0}"/&gt;

==================================================
