5e173187cced48dcc1fbaa6e52997230de96e58a
==================================================
close stream after error
==================================================
Peter Rossbach
==================================================
Fri May 8 07:40:59 2009 +0000
==================================================
WebappClassLoader.java
index 89489813d9..2ac41a5b39 100644
--- a/java/org/apache/catalina/loader/LocalStrings.properties
+++ b/java/org/apache/catalina/loader/LocalStrings.properties
@@ -29,6 +29,7 @@ standardLoader.removeRepository=Removing repository {0}
 standardLoader.starting=Starting this Loader
 standardLoader.stopping=Stopping this Loader
 webappClassLoader.stopped=Illegal access: this web application instance has been stopped already.  Could not load {0}.  The eventual following stack trace is caused by an error thrown for debugging purposes as well as to attempt to terminate the thread which caused the illegal access, and has no functional impact.
+webappClassLoader.readError=Resource read error: Could not load {0}.
 webappClassLoader.wrongVersion=(unable to load class {0})
 webappLoader.addRepository=Adding repository {0}
 webappLoader.deploy=Deploying class repositories to work directory {0}

==================================================
