5e8ec5da32237fb7e8c04ac3a55551ebe57a33e0
==================================================
Remove deprecated code
==================================================
Mark Emlyn
==================================================
Thu Sep 8 13:53:02 2011 +0000
==================================================
Globals.java
Remove deprecated code

git-svn-id: https://svn.apache.org/repos/asf/tomcat/trunk@1166690 13f79535-47bb-0310-9956-ffa450edef68



==================================================
Request.java
index fc98adab79..403fb875ef 100644
--- a/java/org/apache/catalina/Globals.java
+++ b/java/org/apache/catalina/Globals.java
@@ -99,13 +99,7 @@ public final class Globals {
      */
     public static final String SSL_SESSION_ID_ATTR =
         "javax.servlet.request.ssl_session_id";
-    /**
-     * Tomcat specific attribute as used in Tomcat 6.
-     * @deprecated
-     */
-    @Deprecated
-    public static final String SSL_SESSION_ID_TOMCAT_ATTR =
-        "javax.servlet.request.ssl_session";
+
 
     /**
      * The request attribute key for the session manager.

==================================================
SSLValve.java
index 33ea781780..87ce690090 100644
--- a/java/org/apache/catalina/connector/Request.java
+++ b/java/org/apache/catalina/connector/Request.java
@@ -965,7 +965,6 @@ public class Request
             attr = coyoteRequest.getAttribute(Globals.SSL_SESSION_ID_ATTR);
             if(attr != null) {
                 attributes.put(Globals.SSL_SESSION_ID_ATTR, attr);
-                attributes.put(Globals.SSL_SESSION_ID_TOMCAT_ATTR, attr);
             }
             attr = coyoteRequest.getAttribute(Globals.SSL_SESSION_MGR_ATTR);
             if(attr != null) {
@@ -986,7 +985,6 @@ public class Request
             Globals.CIPHER_SUITE_ATTR.equals(name) ||
             Globals.KEY_SIZE_ATTR.equals(name)  ||
             Globals.SSL_SESSION_ID_ATTR.equals(name) ||
-            Globals.SSL_SESSION_ID_TOMCAT_ATTR.equals(name) ||
             Globals.SSL_SESSION_MGR_ATTR.equals(name);
     }
 
@@ -1005,8 +1003,6 @@ public class Request
      * <li>{@link Globals#CIPHER_SUITE_ATTR} (SSL connections only)</li>
      * <li>{@link Globals#KEY_SIZE_ATTR} (SSL connections only)</li>
      * <li>{@link Globals#SSL_SESSION_ID_ATTR} (SSL connections only)</li>
-     * <li>{@link Globals#SSL_SESSION_ID_TOMCAT_ATTR} (SSL connections only)
-     * </li>
      * <li>{@link Globals#SSL_SESSION_MGR_ATTR} (SSL connections only)</li>
      * </ul>
      * The underlying connector may also expose request attributes. These all

==================================================
