6107934e05b495110a8230c91a537ef80f9b275c
==================================================
Update Tomcat 9 to Tomact 10
==================================================
Mark Thomas
==================================================
Tue Sep 29 12:45:26 2020 +0100
==================================================
JreCompat.java
index 9a8e00207d..ec1353d13b 100644
--- a/README.md
+++ b/README.md
@@ -29,6 +29,7 @@ project logo are trademarks of the Apache Software Foundation.
 For every major Tomcat version there is one download page containing
 links to the latest binary and source code downloads, but also
 links for browsing the download directories and archives:
+- [Tomcat 10](https://tomcat.apache.org/download-10.cgi)
 - [Tomcat 9](https://tomcat.apache.org/download-90.cgi)
 - [Tomcat 8](https://tomcat.apache.org/download-80.cgi)
 - [Tomcat 7](https://tomcat.apache.org/download-70.cgi)
@@ -42,6 +43,7 @@ The documentation available as of the date of this release is
 included in the docs webapp which ships with tomcat. You can access that webapp
 by starting tomcat and visiting <http://localhost:8080/docs/> in your browser.
 The most up-to-date documentation for each version can be found at:
+- [Tomcat 10](https://tomcat.apache.org/tomcat-10.0-doc/)
 - [Tomcat 9](https://tomcat.apache.org/tomcat-9.0-doc/)
 - [Tomcat 8](https://tomcat.apache.org/tomcat-8.5-doc/)
 - [Tomcat 7](https://tomcat.apache.org/tomcat-7.0-doc/)

==================================================
