64dc5ad6667ef094fa117e99ddb465267c321903
==================================================
Review of Map / ConcurrentMap / ConcurrentHashMap
==================================================
Mark Thomas
==================================================
Wed Apr 27 09:56:53 2016 +0000
==================================================
ReplicatedContext.java
Review of Map / ConcurrentMap / ConcurrentHashMap
Declare field using interface rather than implementation.
Also:
- Use final

git-svn-id: https://svn.apache.org/repos/asf/tomcat/trunk@1741190 13f79535-47bb-0310-9956-ffa450edef68



==================================================
SimpleTcpCluster.java
index 8808f58632..34ac9f74ec 100644
--- a/java/org/apache/catalina/ha/context/ReplicatedContext.java
+++ b/java/org/apache/catalina/ha/context/ReplicatedContext.java
@@ -132,8 +132,7 @@ public class ReplicatedContext extends StandardContext implements MapOwner {
 
 
     protected static class ReplApplContext extends ApplicationContext {
-        protected final ConcurrentHashMap<String, Object> tomcatAttributes =
-            new ConcurrentHashMap<>();
+        protected final Map<String, Object> tomcatAttributes = new ConcurrentHashMap<>();
 
         public ReplApplContext(ReplicatedContext context) {
             super(context);

==================================================
