68e89986eeda4c64c07d9e04f286881370fad928
==================================================
Remove unnecessary whitespace
==================================================
Mark Thomas
==================================================
Wed May 25 20:44:36 2016 +0000
==================================================
StandardWrapper.java
Remove unnecessary whitespace

git-svn-id: https://svn.apache.org/repos/asf/tomcat/trunk@1745535 13f79535-47bb-0310-9956-ffa450edef68



==================================================
ReplicatedContext.java
index 28538404fa..13d462e038 100644
--- a/java/org/apache/catalina/core/StandardWrapper.java
+++ b/java/org/apache/catalina/core/StandardWrapper.java
@@ -77,7 +77,7 @@ import org.apache.tomcat.util.modeler.Util;
 public class StandardWrapper extends ContainerBase
     implements ServletConfig, Wrapper, NotificationEmitter {
 
-    private static final Log log = LogFactory.getLog( StandardWrapper.class );
+    private static final Log log = LogFactory.getLog(StandardWrapper.class);
 
     protected static final String[] DEFAULT_SERVLET_METHODS = new String[] {
                                                     "GET", "HEAD", "POST" };

==================================================
ContextConfig.java
index 34ac9f74ec..0686301645 100644
--- a/java/org/apache/catalina/ha/context/ReplicatedContext.java
+++ b/java/org/apache/catalina/ha/context/ReplicatedContext.java
@@ -43,7 +43,7 @@ import org.apache.tomcat.util.res.StringManager;
  */
 public class ReplicatedContext extends StandardContext implements MapOwner {
     private int mapSendOptions = Channel.SEND_OPTIONS_DEFAULT;
-    private static final Log log = LogFactory.getLog( ReplicatedContext.class );
+    private static final Log log = LogFactory.getLog(ReplicatedContext.class);
     protected static final long DEFAULT_REPL_TIMEOUT = 15000;//15 seconds
     private static final StringManager sm = StringManager.getManager(ReplicatedContext.class);
 

==================================================
EngineConfig.java
index 11aff701c4..88e7f9dbd2 100644
--- a/java/org/apache/catalina/startup/ContextConfig.java
+++ b/java/org/apache/catalina/startup/ContextConfig.java
@@ -116,7 +116,7 @@ import org.xml.sax.SAXParseException;
  */
 public class ContextConfig implements LifecycleListener {
 
-    private static final Log log = LogFactory.getLog( ContextConfig.class );
+    private static final Log log = LogFactory.getLog(ContextConfig.class);
 
 
     /**

==================================================
BioReplicationTask.java
index 9861feb6f4..65f1b6d798 100644
--- a/java/org/apache/catalina/startup/EngineConfig.java
+++ b/java/org/apache/catalina/startup/EngineConfig.java
@@ -38,7 +38,7 @@ public class EngineConfig
     implements LifecycleListener {
 
 
-    private static final Log log = LogFactory.getLog( EngineConfig.class );
+    private static final Log log = LogFactory.getLog(EngineConfig.class);
 
     // ----------------------------------------------------- Instance Variables
 

==================================================
Logs.java
index 77fe0eefb9..6d8d339177 100644
--- a/java/org/apache/catalina/tribes/transport/bio/BioReplicationTask.java
+++ b/java/org/apache/catalina/tribes/transport/bio/BioReplicationTask.java
@@ -44,7 +44,7 @@ import org.apache.juli.logging.LogFactory;
  */
 public class BioReplicationTask extends AbstractRxTask {
 
-    private static final Log log = LogFactory.getLog( BioReplicationTask.class );
+    private static final Log log = LogFactory.getLog(BioReplicationTask.class);
 
     protected static final StringManager sm = StringManager.getManager(BioReplicationTask.class);
 

==================================================
WebXmlParser.java
index 8d0e5bd23e..802b7e661c 100644
--- a/java/org/apache/catalina/tribes/util/Logs.java
+++ b/java/org/apache/catalina/tribes/util/Logs.java
@@ -24,5 +24,5 @@ import org.apache.juli.logging.LogFactory;
  * @version 1.0
  */
 public class Logs {
-    public static final Log MESSAGES = LogFactory.getLog( "org.apache.catalina.tribes.MESSAGES" );
+    public static final Log MESSAGES = LogFactory.getLog("org.apache.catalina.tribes.MESSAGES");
 }

==================================================
