6bb8ebf4452dcfc48a22e44840ab709a2d826f6f
==================================================
Servlet 4.0
==================================================
Mark Thomas
==================================================
Thu Oct 15 13:57:10 2015 +0000
==================================================
PushBuilder.java
Servlet 4.0
Progress the PushBuilder implementation (not yet complete)
Filter headers from baseRequest and copy them to the push request
Collect necessary session info from base request
Handle query string
Add basic outline for session and conditional handling
Add placeholder for %nn decoding of provided path

git-svn-id: https://svn.apache.org/repos/asf/tomcat/trunk@1708822 13f79535-47bb-0310-9956-ffa450edef68



==================================================
ApplicationPushBuilder.java
index 5753798fb8..41393ae484 100644
--- a/java/javax/servlet/http/PushBuilder.java
+++ b/java/javax/servlet/http/PushBuilder.java
@@ -23,9 +23,11 @@ import java.util.Set;
  * builder was obtained. The push request will be constructed on the following
  * basis:
  * <ul>
- * <li>The request method is set to <code>GET</code></li>
+ * <li>The request method is set to <code>GET</code>.</li>
  * <li>The path will not be set. This must be set explicitly via a call to
- *     {@link #path(String)}</li>
+ *     {@link #path(String)}.</li>
+ * <li>Conditional, range, expectation, authorization and referer headers will
+ *     be removed.</li>
  * </ul>
  *
  * @since Servlet 4.0

==================================================
