6bd920e295442b7d11febb234e5c20f25c4a8165
==================================================
Formatting / comment alignment
==================================================
Mark Thomas
==================================================
Mon Jan 15 22:25:02 2018 +0000
==================================================
ByteChunk.java
Formatting / comment alignment

git-svn-id: https://svn.apache.org/repos/asf/tomcat/trunk@1821201 13f79535-47bb-0310-9956-ffa450edef68



==================================================
CharChunk.java
index 4410665ff8..b11c2028fa 100644
--- a/java/org/apache/tomcat/util/buf/ByteChunk.java
+++ b/java/org/apache/tomcat/util/buf/ByteChunk.java
@@ -273,6 +273,7 @@ public final class ByteChunk extends AbstractChunk {
 
 
     // -------------------- Adding data to the buffer --------------------
+
     public void append(byte b) throws IOException {
         makeSpace(1);
 
@@ -317,11 +318,13 @@ public final class ByteChunk extends AbstractChunk {
             out.realWriteBytes(src, off, len);
             return;
         }
+
         // if we have limit and we're below
         if (len <= limit - end) {
             // makeSpace will grow the buffer to the limit,
             // so we have space
             System.arraycopy(src, off, buff, end, len);
+
             end += len;
             return;
         }

==================================================
