6c75c36d27a1b7cd3297a7f0c0103927e55a2ab7
==================================================
Add code that logs threads started but not stopped by the webapp.
==================================================
Mark Emlyn
==================================================
Sun Nov 29 19:27:38 2009 +0000
==================================================
WebappClassLoader.java
index 297af31182..43b843da5e 100644
--- a/java/org/apache/catalina/loader/LocalStrings.properties
+++ b/java/org/apache/catalina/loader/LocalStrings.properties
@@ -33,7 +33,8 @@ webappClassLoader.jdbcRemoveFailed=JDBC driver de-registration failed
 webappClassLoader.jdbcRemoveStreamError=Exception closing input stream during JDBC driver de-registration
 webappClassLoader.stopped=Illegal access: this web application instance has been stopped already.  Could not load {0}.  The eventual following stack trace is caused by an error thrown for debugging purposes as well as to attempt to terminate the thread which caused the illegal access, and has no functional impact.
 webappClassLoader.readError=Resource read error: Could not load {0}.
-webappClassLoader.uncleareredReferenceJbdc=A web application registered the JBDC driver [{0}] but failed to unregister it when the web application was stopped. To prevent a memory leak, the JDBC Driver has been forcibly unregistered.   
+webappClassLoader.clearJbdc=A web application registered the JBDC driver [{0}] but failed to unregister it when the web application was stopped. To prevent a memory leak, the JDBC Driver has been forcibly unregistered.
+webappClassLoader.warnThread=A web application appears to have started a thread named [{0}] but has failed to stop it. This is very likely to create a memory leak. 
 webappClassLoader.wrongVersion=(unable to load class {0})
 webappLoader.addRepository=Adding repository {0}
 webappLoader.deploy=Deploying class repositories to work directory {0}

==================================================
