6e600d8ff27abb139ee3f7e0f96cb2303e9960cf
==================================================
Stream may not be closed in all branches. Findbugs report.
==================================================
Violeta Georgieva
==================================================
Fri Dec 4 20:23:44 2015 +0000
==================================================
Catalina.java
Stream may not be closed in all branches. Findbugs report.

git-svn-id: https://svn.apache.org/repos/asf/tomcat/trunk@1718022 13f79535-47bb-0310-9956-ffa450edef68



==================================================
WebappServiceLoader.java
index f56538c0d1..3580966e0a 100644
--- a/java/org/apache/catalina/startup/Catalina.java
+++ b/java/org/apache/catalina/startup/Catalina.java
@@ -514,77 +514,81 @@ public class Catalina {
         InputStream inputStream = null;
         File file = null;
         try {
-            file = configFile();
-            inputStream = new FileInputStream(file);
-            inputSource = new InputSource(file.toURI().toURL().toString());
-        } catch (Exception e) {
-            if (log.isDebugEnabled()) {
-                log.debug(sm.getString("catalina.configFail", file), e);
-            }
-        }
-        if (inputStream == null) {
             try {
-                inputStream = getClass().getClassLoader()
-                    .getResourceAsStream(getConfigFile());
-                inputSource = new InputSource
-                    (getClass().getClassLoader()
-                     .getResource(getConfigFile()).toString());
+                file = configFile();
+                inputStream = new FileInputStream(file);
+                inputSource = new InputSource(file.toURI().toURL().toString());
             } catch (Exception e) {
                 if (log.isDebugEnabled()) {
-                    log.debug(sm.getString("catalina.configFail",
-                            getConfigFile()), e);
+                    log.debug(sm.getString("catalina.configFail", file), e);
+                }
+            }
+            if (inputStream == null) {
+                try {
+                    inputStream = getClass().getClassLoader()
+                        .getResourceAsStream(getConfigFile());
+                    inputSource = new InputSource
+                        (getClass().getClassLoader()
+                         .getResource(getConfigFile()).toString());
+                } catch (Exception e) {
+                    if (log.isDebugEnabled()) {
+                        log.debug(sm.getString("catalina.configFail",
+                                getConfigFile()), e);
+                    }
                 }
             }
-        }
 
-        // This should be included in catalina.jar
-        // Alternative: don't bother with xml, just create it manually.
-        if (inputStream == null) {
-            try {
-                inputStream = getClass().getClassLoader()
-                        .getResourceAsStream("server-embed.xml");
-                inputSource = new InputSource
-                (getClass().getClassLoader()
-                        .getResource("server-embed.xml").toString());
-            } catch (Exception e) {
-                if (log.isDebugEnabled()) {
-                    log.debug(sm.getString("catalina.configFail",
-                            "server-embed.xml"), e);
+            // This should be included in catalina.jar
+            // Alternative: don't bother with xml, just create it manually.
+            if (inputStream == null) {
+                try {
+                    inputStream = getClass().getClassLoader()
+                            .getResourceAsStream("server-embed.xml");
+                    inputSource = new InputSource
+                    (getClass().getClassLoader()
+                            .getResource("server-embed.xml").toString());
+                } catch (Exception e) {
+                    if (log.isDebugEnabled()) {
+                        log.debug(sm.getString("catalina.configFail",
+                                "server-embed.xml"), e);
+                    }
                 }
             }
-        }
 
 
-        if (inputStream == null || inputSource == null) {
-            if  (file == null) {
-                log.warn(sm.getString("catalina.configFail",
-                        getConfigFile() + "] or [server-embed.xml]"));
-            } else {
-                log.warn(sm.getString("catalina.configFail",
-                        file.getAbsolutePath()));
-                if (file.exists() && !file.canRead()) {
-                    log.warn("Permissions incorrect, read permission is not allowed on the file.");
+            if (inputStream == null || inputSource == null) {
+                if  (file == null) {
+                    log.warn(sm.getString("catalina.configFail",
+                            getConfigFile() + "] or [server-embed.xml]"));
+                } else {
+                    log.warn(sm.getString("catalina.configFail",
+                            file.getAbsolutePath()));
+                    if (file.exists() && !file.canRead()) {
+                        log.warn("Permissions incorrect, read permission is not allowed on the file.");
+                    }
                 }
+                return;
             }
-            return;
-        }
 
-        try {
-            inputSource.setByteStream(inputStream);
-            digester.push(this);
-            digester.parse(inputSource);
-        } catch (SAXParseException spe) {
-            log.warn("Catalina.start using " + getConfigFile() + ": " +
-                    spe.getMessage());
-            return;
-        } catch (Exception e) {
-            log.warn("Catalina.start using " + getConfigFile() + ": " , e);
-            return;
-        } finally {
             try {
-                inputStream.close();
-            } catch (IOException e) {
-                // Ignore
+                inputSource.setByteStream(inputStream);
+                digester.push(this);
+                digester.parse(inputSource);
+            } catch (SAXParseException spe) {
+                log.warn("Catalina.start using " + getConfigFile() + ": " +
+                        spe.getMessage());
+                return;
+            } catch (Exception e) {
+                log.warn("Catalina.start using " + getConfigFile() + ": " , e);
+                return;
+            }
+        } finally {
+            if (inputStream != null) {
+                try {
+                    inputStream.close();
+                } catch (IOException e) {
+                    // Ignore
+                }
             }
         }
 

==================================================
