6f19efb75705fb0a3d17859dc8f9c84a854d30f0
==================================================
javax.el.MapELResolver:
==================================================
Violeta Georgieva
==================================================
Tue Jul 9 13:59:07 2013 +0000
==================================================
MapELResolver.java
javax.el.MapELResolver:
1. According to javadoc when creating FeatureDescriptors
- ShortDescription must be empty string
- ELResolver.RESOLVABLE_AT_DESIGN_TIME must be TRUE
2. Unit tests are added

git-svn-id: https://svn.apache.org/repos/asf/tomcat/trunk@1501266 13f79535-47bb-0310-9956-ffa450edef68



==================================================
TestMapELResolver.java
index 0f33814fed..26e6cce561 100644
--- a/java/javax/el/MapELResolver.java
+++ b/java/javax/el/MapELResolver.java
@@ -118,11 +118,12 @@ public class MapELResolver extends ELResolver {
                 key = itr.next();
                 desc = new FeatureDescriptor();
                 desc.setDisplayName(key.toString());
+                desc.setShortDescription("");
                 desc.setExpert(false);
                 desc.setHidden(false);
                 desc.setName(key.toString());
                 desc.setPreferred(true);
-                desc.setValue(RESOLVABLE_AT_DESIGN_TIME, Boolean.FALSE);
+                desc.setValue(RESOLVABLE_AT_DESIGN_TIME, Boolean.TRUE);
                 desc.setValue(TYPE, key.getClass());
                 feats.add(desc);
             }

==================================================
