6f60c58785ae538e628d0dcf26d92322aef1fedd
==================================================
Cosmetic comments change where version "8"
==================================================
Rainer Jung
==================================================
Sun Sep 29 11:57:17 2013 +0000
==================================================
TesterAjpNonBlockingClient.java
Cosmetic comments change where version "8"
is mentioned.


git-svn-id: https://svn.apache.org/repos/asf/tomcat/trunk@1527309 13f79535-47bb-0310-9956-ffa450edef68



==================================================
TomcatBaseTest.java
index 63877f77c6..de7be82585 100644
--- a/test/org/apache/catalina/nonblocking/TesterAjpNonBlockingClient.java
+++ b/test/org/apache/catalina/nonblocking/TesterAjpNonBlockingClient.java
@@ -38,7 +38,8 @@ import org.apache.tomcat.util.buf.ByteChunk;
  * This is not a standard set of unit tests. This is a set of test clients for
  * AJP support of Servlet 3.1 non-blocking IO. It assumes that there is an httpd
  * instance listening on localhost:80 that is redirecting all traffic to a
- * default Tomcat 8 instance that includes the examples web application.
+ * default Tomcat instance of version 8 or above that includes the examples
+ * web application.
  */
 public class TesterAjpNonBlockingClient extends TomcatBaseTest {
 

==================================================
