6f876cbad4c83d63c45c1f08292b72ef53c072e2
==================================================

==================================================
Filip Hanik
==================================================
Tue Nov 18 03:18:30 2008 +0000
==================================================
NioEndpoint.java

Clean up debug a bit while troubleshooting


git-svn-id: https://svn.apache.org/repos/asf/tomcat/trunk@718474 13f79535-47bb-0310-9956-ffa450edef68



==================================================
SecureNioChannel.java
index 23e1ad88dc..2df37482d3 100644
--- a/java/org/apache/tomcat/util/net/NioEndpoint.java
+++ b/java/org/apache/tomcat/util/net/NioEndpoint.java
@@ -1690,7 +1690,7 @@ public class NioEndpoint {
                     cancelledKey(key, SocketStatus.ERROR,false);
                 }
             }//for
-            if ( log.isDebugEnabled() ) log.debug("timeout completed: keys processed="+keycount+"; now="+now+"; nextExpiration="+prevExp+"; "+
+            if ( log.isTraceEnabled() ) log.trace("timeout completed: keys processed="+keycount+"; now="+now+"; nextExpiration="+prevExp+"; "+
                                                   "keyCount="+keyCount+"; hasEvents="+hasEvents +"; eval="+( (now < prevExp) && (keyCount>0 || hasEvents) && (!close) ));
 
         }

==================================================
