702fd3c53d45e3a8d7c4c860083e2fccb6344868
==================================================
Since EL 2.2 javadoc ELContext.getContext must throw NPE when the key that is provided in NULL.
==================================================
Violeta Georgieva
==================================================
Fri Jul 5 09:11:24 2013 +0000
==================================================
ELContext.java
Since EL 2.2 javadoc ELContext.getContext must throw NPE when the key that is provided in NULL.

git-svn-id: https://svn.apache.org/repos/asf/tomcat/trunk@1499953 13f79535-47bb-0310-9956-ffa450edef68



==================================================
TestELContext.java
index 22763b6ca4..014e802d4c 100644
--- a/java/javax/el/ELContext.java
+++ b/java/javax/el/ELContext.java
@@ -77,7 +77,14 @@ public abstract class ELContext {
     }
 
     // Can't use Class<?> because API needs to match specification
+    /**
+     * @throws NullPointerException
+     *              If the key is <code>null</code>
+     */
     public Object getContext(@SuppressWarnings("rawtypes") Class key) {
+        if (key == null) {
+            throw new NullPointerException();
+        }
         if (this.map == null) {
             return null;
         }

==================================================
TesterELContext.java
new file mode 100644
index 0000000000..d59b19a5e4
--- /dev/null
+++ b/test/javax/el/TestELContext.java
@@ -0,0 +1,32 @@
+/*
+ * Licensed to the Apache Software Foundation (ASF) under one or more
+ * contributor license agreements.  See the NOTICE file distributed with
+ * this work for additional information regarding copyright ownership.
+ * The ASF licenses this file to You under the Apache License, Version 2.0
+ * (the "License"); you may not use this file except in compliance with
+ * the License.  You may obtain a copy of the License at
+ *
+ *      http://www.apache.org/licenses/LICENSE-2.0
+ *
+ * Unless required by applicable law or agreed to in writing, software
+ * distributed under the License is distributed on an "AS IS" BASIS,
+ * WITHOUT WARRANTIES OR CONDITIONS OF ANY KIND, either express or implied.
+ * See the License for the specific language governing permissions and
+ * limitations under the License.
+ */
+package javax.el;
+
+import org.junit.Test;
+
+public class TestELContext {
+
+    /**
+     * Tests that a null key results in an NPE as per EL Javadoc.
+     */
+    @Test(expected = NullPointerException.class)
+    public void testGetContext() {
+        ELContext elContext = new TesterELContext();
+        elContext.getContext(null);
+    }
+
+}

==================================================
