71160c5aa2fe0b331d48443294d0371980f746ab
==================================================
EL spec requires remainder() rather than mod()
==================================================
Mark Thomas
==================================================
Wed Aug 31 20:49:29 2022 +0100
==================================================
ELArithmetic.java
EL spec requires remainder() rather than mod()


==================================================
TestELArithmetic.java
index 65194cc2e3..70538619c0 100644
--- a/java/org/apache/el/lang/ELArithmetic.java
+++ b/java/org/apache/el/lang/ELArithmetic.java
@@ -113,7 +113,7 @@ public abstract class ELArithmetic {
 
         @Override
         protected Number mod(Number num0, Number num1) {
-            return ((BigInteger) num0).mod((BigInteger) num1);
+            return ((BigInteger) num0).remainder((BigInteger) num1);
         }
 
         @Override

==================================================
