76c14644f366b8aa386301b0f2096ab5fba8369f
==================================================
Re-order to simplify checking against EL spec
==================================================
Mark Emlyn
==================================================
Wed Jul 3 10:25:50 2013 +0000
==================================================
BeanNameELResolver.java
Re-order to simplify checking against EL spec

git-svn-id: https://svn.apache.org/repos/asf/tomcat/trunk@1499310 13f79535-47bb-0310-9956-ffa450edef68



==================================================
ELContext.java
index 79c7fe03a8..9f11256696 100644
--- a/java/javax/el/BeanNameELResolver.java
+++ b/java/javax/el/BeanNameELResolver.java
@@ -98,7 +98,6 @@ public class BeanNameELResolver extends ELResolver {
     public boolean isReadOnly(ELContext context, Object base, Object property)
             throws NullPointerException, PropertyNotFoundException, ELException {
 
-
         if (context == null) {
             throw new NullPointerException();
         }

==================================================
