779fcb21948a81988bddf182e2c0af2f78bd9b85
==================================================
Remove JSSEFactory. Now we no longer need to support older JSSE versions, this layer of abstraction is not required.
==================================================
Mark Emlyn
==================================================
Tue Mar 8 13:50:07 2011 +0000
==================================================
JSSEFactory.java
Remove JSSEFactory. Now we no longer need to support older JSSE versions, this layer of abstraction is not required.

git-svn-id: https://svn.apache.org/repos/asf/tomcat/trunk@1079354 13f79535-47bb-0310-9956-ffa450edef68



==================================================
JSSEImplementation.java
deleted file mode 100644
index dcb0354d9a..0000000000
--- a/java/org/apache/tomcat/util/net/jsse/JSSEFactory.java
+++ /dev/null
@@ -1,57 +0,0 @@
-/*
- *  Licensed to the Apache Software Foundation (ASF) under one or more
- *  contributor license agreements.  See the NOTICE file distributed with
- *  this work for additional information regarding copyright ownership.
- *  The ASF licenses this file to You under the Apache License, Version 2.0
- *  (the "License"); you may not use this file except in compliance with
- *  the License.  You may obtain a copy of the License at
- *
- *      http://www.apache.org/licenses/LICENSE-2.0
- *
- *  Unless required by applicable law or agreed to in writing, software
- *  distributed under the License is distributed on an "AS IS" BASIS,
- *  WITHOUT WARRANTIES OR CONDITIONS OF ANY KIND, either express or implied.
- *  See the License for the specific language governing permissions and
- *  limitations under the License.
- */
-
-package org.apache.tomcat.util.net.jsse;
-
-import java.net.Socket;
-
-import javax.net.ssl.SSLSession;
-import javax.net.ssl.SSLSocket;
-
-import org.apache.tomcat.util.net.AbstractEndpoint;
-import org.apache.tomcat.util.net.SSLSupport;
-import org.apache.tomcat.util.net.ServerSocketFactory;
-
-/** 
- * Factory interface to construct components based on the JSSE version
- * in use.
- *
- * @author Bill Barker
- * @author Filip Hanik
- */
-
-public class JSSEFactory {
-
-    /**
-     * Returns the ServerSocketFactory to use.
-     */
-    public ServerSocketFactory getSocketFactory(AbstractEndpoint endpoint) {
-        return new JSSESocketFactory(endpoint);
-    }
-
-    /**
-     * returns the SSLSupport attached to this socket.
-     */
-    public SSLSupport getSSLSupport(Socket socket) {
-        return new JSSESupport((SSLSocket)socket);
-    }
-    
-    public SSLSupport getSSLSupport(SSLSession session) {
-        return new JSSESupport(session);
-    }
-
-}

==================================================
