78c5685ea1ee9a9396eb7d0ea6efb5aa6b4a2bac
==================================================
Provide some meaningful error messages for the exceptions
==================================================
Mark Emlyn
==================================================
Sun Mar 17 13:43:33 2013 +0000
==================================================
PojoMethodMapping.java
index d3cee079c3..2b058f4ffd 100644
--- a/java/org/apache/tomcat/websocket/pojo/LocalStrings.properties
+++ b/java/org/apache/tomcat/websocket/pojo/LocalStrings.properties
@@ -17,5 +17,14 @@ pojoEndpointBase.onCloseFail=Failed to call onClose method of POJO end point for
 pojoEndpointBase.onErrorFail=Failed to call onError method of POJO end point for POJO of type [{0}]
 pojoEndpointBase.onOpenFail=Failed to call onOpen method of POJO end point for POJO of type [{0}]
 pojoEndpointServer.getPojoInstanceFail=Failed to create instance of POJO of type [{0}]
+pojoMethodMapping.duplicateLastParam=Multiple boolean (last) parameters present on the method [{0}] of class [{1}] that was annotated with OnMessage
+pojoMethodMapping.duplicateMessageParam=Multiple message parameters present on the method [{0}] of class [{1}] that was annotated with OnMessage
+pojoMethodMapping.duplicatePongMessageParam=Multiple PongMessage parameters present on the method [{0}] of class [{1}] that was annotated with OnMessage
+pojoMethodMapping.duplicateSessionParam=Multiple session parameters present on the method [{0}] of class [{1}] that was annotated with OnMessage
+pojoMethodMapping.invalidType=Unable to coerce value [{0}] to type [{1}]. That type is not supported.
+pojoMethodMapping.noPayload=No payload parameter present on the method [{0}] of class [{1}] that was annotated with OnMessage
+pojoMethodMapping.onErrorNoThrowable=No Throwable parameter was present on the method [{0}] of class [{1}] that was annotated with OnError
+pojoMethodMapping.partialPong=Invalid PongMessgae and boolean parameters present on the method [{0}] of class [{1}] that was annotated with OnMessage
+pojoMethodMapping.pongWithPayload=Invalid PongMessgae and Message parameters present on the method [{0}] of class [{1}] that was annotated with OnMessage
 pojoMessageHandlerWhole.decodeFail=Failed to decode received message with first matching Decoder instance
 pojoMessageHandlerWhole.decodeIoFail=IO error while decoding message
\ No newline at end of file

==================================================
