795de57c869d8895a8c332af91d7c49099e7c250
==================================================
Some minor clean up
==================================================
Mark Emlyn
==================================================
Fri Jan 9 18:18:29 2009 +0000
==================================================
Cookie.java
Some minor clean up

git-svn-id: https://svn.apache.org/repos/asf/tomcat/trunk@733103 13f79535-47bb-0310-9956-ffa450edef68



==================================================
HttpServlet.java
index 53b90ad99a..22897e03ec 100644
--- a/java/javax/servlet/http/Cookie.java
+++ b/java/javax/servlet/http/Cookie.java
@@ -19,8 +19,6 @@ package javax.servlet.http;
 import java.text.MessageFormat;
 import java.util.ResourceBundle;
 
-import javax.servlet.DispatcherType;
-
 /**
  *
  * Creates a cookie, a small amount of information sent by a servlet to 

==================================================
HttpUtils.java
index 7b92854d0d..44480de415 100644
--- a/java/javax/servlet/http/HttpServlet.java
+++ b/java/javax/servlet/http/HttpServlet.java
@@ -416,7 +416,7 @@ public abstract class HttpServlet extends GenericServlet
     }
     
 
-    private static Method[] getAllDeclaredMethods(Class c) {
+    private static Method[] getAllDeclaredMethods(Class<?> c) {
 
         if (c.equals(javax.servlet.http.HttpServlet.class)) {
             return null;
@@ -501,7 +501,7 @@ public abstract class HttpServlet extends GenericServlet
         
         String allow = null;
         if (ALLOW_GET)
-            if (allow==null) allow=METHOD_GET;
+            allow=METHOD_GET;
         if (ALLOW_HEAD)
             if (allow==null) allow=METHOD_HEAD;
             else allow += ", " + METHOD_HEAD;
@@ -558,10 +558,10 @@ public abstract class HttpServlet extends GenericServlet
         String responseString = "TRACE "+ req.getRequestURI()+
             " " + req.getProtocol();
         
-        Enumeration reqHeaderEnum = req.getHeaderNames();
+        Enumeration<String> reqHeaderEnum = req.getHeaderNames();
         
         while( reqHeaderEnum.hasMoreElements() ) {
-            String headerName = (String)reqHeaderEnum.nextElement();
+            String headerName = reqHeaderEnum.nextElement();
             responseString += CRLF + headerName + ": " +
                 req.getHeader(headerName); 
         }

==================================================
