7a07e5f31d248e6f84797e9b13eaefd65e0857b5
==================================================
Update to Pool to 2.4.2 release
==================================================
Mark Thomas
==================================================
Fri Aug 7 11:02:40 2015 +0000
==================================================
BaseObjectPoolConfig.java
Update to Pool to 2.4.2 release

git-svn-id: https://svn.apache.org/repos/asf/tomcat/trunk@1694660 13f79535-47bb-0310-9956-ffa450edef68



==================================================
DefaultPooledObject.java
index fe106279b5..1b0a27cfdc 100644
--- a/java/org/apache/tomcat/dbcp/pool2/impl/BaseObjectPoolConfig.java
+++ b/java/org/apache/tomcat/dbcp/pool2/impl/BaseObjectPoolConfig.java
@@ -187,7 +187,7 @@ public abstract class BaseObjectPoolConfig implements Cloneable {
     // TODO Consider changing this to a single property for 3.x
     private String jmxNamePrefix = DEFAULT_JMX_NAME_PREFIX;
 
-    private String jmxNameBase = DEFAULT_JMX_NAME_PREFIX;
+    private String jmxNameBase = DEFAULT_JMX_NAME_BASE;
 
 
     /**

==================================================
