7c3b2006fbeeebe0b219e9a4eb967dc866333d16
==================================================
Ensure that a dropped connection does not leave references to the UpgradeProcessor
==================================================
Mark Thomas
==================================================
Tue Feb 10 15:43:46 2015 +0000
==================================================
UpgradeProcessor.java
index e4c29b87cd..d9b2bf6f77 100644
--- a/java/org/apache/coyote/http11/upgrade/LocalStrings.properties
+++ b/java/org/apache/coyote/http11/upgrade/LocalStrings.properties
@@ -14,6 +14,8 @@
 # limitations under the License.
 
 upgradeProcessor.isCloseFail=Failed to close input stream associated with upgraded connection
+upgradeProcessor.onDataAvailableFail=Failed to process data available event
+upgradeProcessor.onWritePossibleFail=Failed to process write possible event
 upgradeProcessor.osCloseFail=Failed to close output stream associated with upgraded connection
 
 upgrade.sis.isFinished.ise=It is illegal to call isFinished() when the ServletInputStream is not in non-blocking mode (i.e. setReadListener() must be called first)

==================================================
