7fa87b245794aed2c4f9fd29edae3cabee790eb8
==================================================
Drop AnnotationDefault attribute as unused.
==================================================
Konstantin Kolinko
==================================================
Fri Sep 12 16:16:15 2014 +0000
==================================================
AnnotationDefault.java
Drop AnnotationDefault attribute as unused.

Evidences:
1) Its constructor just swallowed an ElementValue without keeping it.
As such, this class has no getter methods and thus provides no value.

2) AnnotationDefault attribute is used to declare default value for an element (aka method) of an annotation.
As Tomcat is not interested in Annotation declarations, this attribute is of no interest.
Essentially, it scans for known annotations on classes. It is not interested in arbitrary other annotations.

Cobertura coverage report also showed no calls into AnnotationDefault class.

git-svn-id: https://svn.apache.org/repos/asf/tomcat/trunk@1624583 13f79535-47bb-0310-9956-ffa450edef68



==================================================
Attribute.java
deleted file mode 100644
index 22d2bb33df..0000000000
--- a/java/org/apache/tomcat/util/bcel/classfile/AnnotationDefault.java
+++ /dev/null
@@ -1,42 +0,0 @@
-/*
- *  Licensed to the Apache Software Foundation (ASF) under one or more
- *  contributor license agreements.  See the NOTICE file distributed with
- *  this work for additional information regarding copyright ownership.
- *  The ASF licenses this file to You under the Apache License, Version 2.0
- *  (the "License"); you may not use this file except in compliance with
- *  the License.  You may obtain a copy of the License at
- *
- *      http://www.apache.org/licenses/LICENSE-2.0
- *
- *  Unless required by applicable law or agreed to in writing, software
- *  distributed under the License is distributed on an "AS IS" BASIS,
- *  WITHOUT WARRANTIES OR CONDITIONS OF ANY KIND, either express or implied.
- *  See the License for the specific language governing permissions and
- *  limitations under the License.
- *
- */
-package org.apache.tomcat.util.bcel.classfile;
-
-import java.io.DataInputStream;
-import java.io.IOException;
-
-/**
- * represents the default value of a annotation for a method info
- *
- * @author <A HREF="mailto:dbrosius@qis.net">D. Brosius</A>
- * @since 6.0
- */
-public class AnnotationDefault extends Attribute {
-
-    /**
-     * @param file
-     *            Input stream
-     * @param constant_pool
-     *            Array of constants
-     */
-    AnnotationDefault(DataInputStream file, ConstantPool constant_pool)
-            throws IOException {
-        // Default value
-        ElementValue.readElementValue(file, constant_pool);
-    }
-}

==================================================
