80788f9c801e25b439cb3f00ba8fece5cec16294
==================================================
Restore incorrectly removed reads when parsing
==================================================
Mark Emlyn
==================================================
Sun Oct 14 00:16:10 2012 +0000
==================================================
StackMapEntry.java
Restore incorrectly removed reads when parsing

git-svn-id: https://svn.apache.org/repos/asf/tomcat/trunk@1397972 13f79535-47bb-0310-9956-ffa450edef68



==================================================
StackMapTableEntry.java
index f67fc8ebce..0f234c53ad 100644
--- a/java/org/apache/tomcat/util/bcel/classfile/StackMapEntry.java
+++ b/java/org/apache/tomcat/util/bcel/classfile/StackMapEntry.java
@@ -35,9 +35,38 @@ public final class StackMapEntry implements Cloneable, Serializable {
 
     private static final long serialVersionUID = 1L;
 
+    private int number_of_locals;
+    private StackMapType[] types_of_locals;
+    private int number_of_stack_items;
+    private StackMapType[] types_of_stack_items;
+
+
+    /**
+     * Construct object from file stream.
+     * @param file Input stream
+     * @throws IOException
+     */
     StackMapEntry(DataInputStream file) throws IOException {
-        file.readShort();   // Unused byte_code_offset
-        file.readShort();   // Unused number_of_locals
+        this(file.readShort(), file.readShort(), null, -1, null);
+        types_of_locals = new StackMapType[number_of_locals];
+        for (int i = 0; i < number_of_locals; i++) {
+            types_of_locals[i] = new StackMapType(file);
+        }
+        number_of_stack_items = file.readShort();
+        types_of_stack_items = new StackMapType[number_of_stack_items];
+        for (int i = 0; i < number_of_stack_items; i++) {
+            types_of_stack_items[i] = new StackMapType(file);
+        }
+    }
+
+
+    public StackMapEntry(int byte_code_offset, int number_of_locals,
+            StackMapType[] types_of_locals, int number_of_stack_items,
+            StackMapType[] types_of_stack_items) {
+        this.number_of_locals = number_of_locals;
+        this.types_of_locals = types_of_locals;
+        this.number_of_stack_items = number_of_stack_items;
+        this.types_of_stack_items = types_of_stack_items;
     }
 
 

==================================================
