81569c6900d592d8cec12a50501f45e95fb43dbe
==================================================
Fix various Checkstyle / Eclipse warnings and failures
==================================================
Mark Emlyn
==================================================
Thu Mar 8 21:25:31 2012 +0000
==================================================
RealmBase.java
Fix various Checkstyle / Eclipse warnings and failures

git-svn-id: https://svn.apache.org/repos/asf/tomcat/trunk@1298590 13f79535-47bb-0310-9956-ffa450edef68



==================================================
X509SubjectDnRetriever.java
index 0f257677ae..16173c4622 100644
--- a/java/org/apache/catalina/realm/RealmBase.java
+++ b/java/org/apache/catalina/realm/RealmBase.java
@@ -1068,7 +1068,7 @@ public abstract class RealmBase extends LifecycleMBeanBase implements Realm {
         if (container != null) {
             this.containerLog = container.getLogger();
         }
-        
+
         x509UsernameRetriever = createUsernameRetriever(x509UsernameRetrieverClassName);
     }
 
@@ -1440,7 +1440,7 @@ public abstract class RealmBase extends LifecycleMBeanBase implements Realm {
         try {
             @SuppressWarnings("unchecked")
             Class<? extends X509UsernameRetriever> clazz = (Class<? extends X509UsernameRetriever>)Class.forName(className);
-            return (X509UsernameRetriever)clazz.newInstance();
+            return clazz.newInstance();
         } catch (ClassNotFoundException e) {
             throw new LifecycleException(sm.getString("realmBase.createUsernameRetriever.ClassNotFoundException", className), e);
         } catch (InstantiationException e) {

==================================================
