81bb49ad58fc7b1177a86ba82abf0271d07ceeb7
==================================================
Fix https://issues.apache.org/bugzilla/show_bug.cgi?id=51395
==================================================
Mark Emlyn
==================================================
Thu Jun 23 09:26:10 2011 +0000
==================================================
ContextConfig.java
Fix https://issues.apache.org/bugzilla/show_bug.cgi?id=51395
Better fix for memory leak that aligns ContextConfig with TldConfig
Fix part 3 of 3 for CVE-2011-2481

git-svn-id: https://svn.apache.org/repos/asf/tomcat/trunk@1138788 13f79535-47bb-0310-9956-ffa450edef68



==================================================
TldConfig.java
index 7990d18641..4f3a10450f 100644
--- a/java/org/apache/catalina/startup/ContextConfig.java
+++ b/java/org/apache/catalina/startup/ContextConfig.java
@@ -484,6 +484,8 @@ public class ContextConfig
                         namespaceAware, webRuleSet);
                 webFragmentDigesters[0] = DigesterFactory.newDigester(validation,
                         namespaceAware, webFragmentRuleSet);
+                webDigesters[0].getParser();
+                webFragmentDigesters[0].getParser();
             }
             webDigester = webDigesters[0];
             webFragmentDigester = webFragmentDigesters[0];
@@ -494,6 +496,8 @@ public class ContextConfig
                         namespaceAware, webRuleSet);
                 webFragmentDigesters[1] = DigesterFactory.newDigester(validation,
                         namespaceAware, webFragmentRuleSet);
+                webDigesters[1].getParser();
+                webFragmentDigesters[1].getParser();
             }
             webDigester = webDigesters[1];
             webFragmentDigester = webFragmentDigesters[1];
@@ -504,6 +508,8 @@ public class ContextConfig
                         namespaceAware, webRuleSet);
                 webFragmentDigesters[2] = DigesterFactory.newDigester(validation,
                         namespaceAware, webFragmentRuleSet);
+                webDigesters[2].getParser();
+                webFragmentDigesters[2].getParser();
             }
             webDigester = webDigesters[2];
             webFragmentDigester = webFragmentDigesters[2];
@@ -514,6 +520,8 @@ public class ContextConfig
                         namespaceAware, webRuleSet);
                 webFragmentDigesters[3] = DigesterFactory.newDigester(validation,
                         namespaceAware, webFragmentRuleSet);
+                webDigesters[3].getParser();
+                webFragmentDigesters[3].getParser();
             }
             webDigester = webDigesters[3];
             webFragmentDigester = webFragmentDigesters[3];
@@ -842,6 +850,9 @@ public class ContextConfig
         
         contextConfig();
         
+        createWebXmlDigester(context.getXmlNamespaceAware(),
+                context.getXmlValidation());
+
         try {
             fixDocBase();
         } catch (IOException e) {
@@ -878,8 +889,6 @@ public class ContextConfig
                     Boolean.valueOf(context.getXmlNamespaceAware())));
         }
         
-        createWebXmlDigester(context.getXmlNamespaceAware(), context.getXmlValidation());
-        
         webConfig();
 
         if (!context.getIgnoreAnnotations()) {

==================================================
