827ab20b30ff097d825a9368b39d2cf24843aefc
==================================================
Remove my remaining author tags.
==================================================
Rainer Jung
==================================================
Fri Jan 24 14:54:12 2014 +0000
==================================================
FastQueue.java
Remove my remaining author tags.


git-svn-id: https://svn.apache.org/repos/asf/tomcat/trunk@1561025 13f79535-47bb-0310-9956-ffa450edef68



==================================================
LinkObject.java
index 67ba3074f8..719dd11b86 100644
--- a/java/org/apache/catalina/tribes/transport/bio/util/FastQueue.java
+++ b/java/org/apache/catalina/tribes/transport/bio/util/FastQueue.java
@@ -30,7 +30,6 @@ import org.apache.catalina.tribes.group.InterceptorPayload;
  * length when you have strange producer thread problems.
  *
  * FIXME add i18n support to log messages
- * @author Rainer Jung
  * @author Peter Rossbach
  * @version $Id$
  */

==================================================
SingleRemoveSynchronizedAddLock.java
index f0243a69fa..6fa40dd290 100644
--- a/java/org/apache/catalina/tribes/transport/bio/util/LinkObject.java
+++ b/java/org/apache/catalina/tribes/transport/bio/util/LinkObject.java
@@ -27,7 +27,6 @@ import org.apache.catalina.tribes.group.InterceptorPayload;
  * for a linked list, consisting of a general
  * data object and a pointer to the next element.
  *
- * @author Rainer Jung
  * @author Peter Rossbach
  * @author Filip Hanik
  * @version $Id$

==================================================
