8289a7fc9bb297f13b13e436a5e9c5b8e1b252a0
==================================================
Better conversion of base URLs to file permissions.
==================================================
Mark Emlyn
==================================================
Mon Nov 18 23:09:47 2013 +0000
==================================================
WebappClassLoader.java
index f0a7698ad5..2ecf558fb2 100644
--- a/java/org/apache/catalina/loader/LocalStrings.properties
+++ b/java/org/apache/catalina/loader/LocalStrings.properties
@@ -13,6 +13,8 @@
 # See the License for the specific language governing permissions and
 # limitations under the License.
 
+webappClassLoader.addPermisionNoCanonicalFile=Unable to obtain a canonical file path from the URL [{0}]
+webappClassLoader.addPermisionNoProtocol=The protocol [{0}] in the URL [{1}] is not supported so no read permission was granted for resources located at this URL
 webappClassLoader.illegalJarPath=Illegal JAR entry detected with name {0}
 webappClassLoader.jdbcRemoveFailed=JDBC driver de-registration failed for web application [{0}]
 webappClassLoader.jdbcRemoveStreamError=Exception closing input stream during JDBC driver de-registration for web application [{0}]

==================================================
