8464d97208a971849fc693611e21f171a6a4d37b
==================================================
Fix some SpotBug warnings in the unit tests.
==================================================
Mark Thomas
==================================================
Mon May 21 20:19:46 2018 +0000
==================================================
TesterDigestAuthenticatorPerformance.java
Fix some SpotBug warnings in the unit tests.

git-svn-id: https://svn.apache.org/repos/asf/tomcat/trunk@1831990 13f79535-47bb-0310-9956-ffa450edef68



==================================================
TestSendFile.java
index 1ec9429352..3f597be66f 100644
--- a/test/org/apache/catalina/authenticator/TesterDigestAuthenticatorPerformance.java
+++ b/test/org/apache/catalina/authenticator/TesterDigestAuthenticatorPerformance.java
@@ -105,7 +105,7 @@ public class TesterDigestAuthenticatorPerformance {
         System.out.println("Average time per request (wall): " +
                 wallTime/(threadCount * requestCount));
 
-        Assert.assertEquals(requestCount * threadCount, totalSuccess);
+        Assert.assertEquals(((long)requestCount) * threadCount, totalSuccess);
     }
 
     @Before

==================================================
