8473d92752d8e04a197507c74fd34e756816b48f
==================================================
Fix https://issues.apache.org/bugzilla/show_bug.cgi?id=56573
==================================================
Mark Emlyn
==================================================
Thu Jun 5 13:29:07 2014 +0000
==================================================
WsHandshakeRequest.java
index 04a89faa84..384173ee72 100644
--- a/java/org/apache/tomcat/websocket/server/LocalStrings.properties
+++ b/java/org/apache/tomcat/websocket/server/LocalStrings.properties
@@ -29,6 +29,8 @@ uriTemplate.emptySegment=The path [{0}] contains one or more empty segments whic
 uriTemplate.invalidPath=The path [{0}] is not valid.
 uriTemplate.invalidSegment=The segment [{0}] is not valid in the provided path [{1}]
 
+wsHandshakeRequest.unknownScheme=The scheme [{0}] is not recognised. [http] or [https] is expected
+
 wsHttpUpgradeHandler.destroyFailed=Failed to close WebConnection while destroying the WebSocket HttpUpgradeHandler
 wsHttpUpgradeHandler.noPreInit=The preInit() method must be called to configure the WebSocket HttpUpgradeHandler before the container calls init(). Usually, this means the Servlet that created the WsHttpUpgradeHandler instance should also call preInit()
 

==================================================
