84d5dfaff9435f5967d5472c3deba4bc8e834aa2
==================================================
Correct props.
==================================================
Mark Emlyn
==================================================
Tue Oct 24 03:14:34 2006 +0000
==================================================
CookieExample.java
Correct props.

git-svn-id: https://svn.apache.org/repos/asf/tomcat/tc6.0.x/trunk@467217 13f79535-47bb-0310-9956-ffa450edef68



==================================================
HelloWorldExample.java
index 5a6d6e1aa6..04b392540f 100644
--- a/webapps/examples/WEB-INF/classes/CookieExample.java
+++ b/webapps/examples/WEB-INF/classes/CookieExample.java
@@ -14,7 +14,7 @@
 * See the License for the specific language governing permissions and
 * limitations under the License.
 */
-/* $Id: CookieExample.java 267129 2004-03-18 16:40:35Z jfarcand $
+/* $Id$
  *
  */
 

==================================================
RequestHeaderExample.java
index 2745243799..647e9179e4 100644
--- a/webapps/examples/WEB-INF/classes/LocalStrings_pt.properties
+++ b/webapps/examples/WEB-INF/classes/LocalStrings_pt.properties
@@ -13,7 +13,7 @@
 # See the License for the specific language governing permissions and
 # limitations under the License.
 
-# $Id: LocalStrings_pt.properties 267143 2004-08-24 18:38:35Z jfarcand $
+# $Id$
 
 # Default localized resources for example servlets
 # This locale is pt_PT

==================================================
RequestInfoExample.java
index 7fa03fca5e..43e8b0ad17 100644
--- a/webapps/examples/WEB-INF/classes/RequestHeaderExample.java
+++ b/webapps/examples/WEB-INF/classes/RequestHeaderExample.java
@@ -14,7 +14,7 @@
 * See the License for the specific language governing permissions and
 * limitations under the License.
 */
-/* $Id: RequestHeaderExample.java 267129 2004-03-18 16:40:35Z jfarcand $
+/* $Id$
  *
  */
 

==================================================
RequestParamExample.java
index 1eee91a09e..4c768b6191 100644
--- a/webapps/examples/WEB-INF/classes/RequestInfoExample.java
+++ b/webapps/examples/WEB-INF/classes/RequestInfoExample.java
@@ -14,7 +14,7 @@
 * See the License for the specific language governing permissions and
 * limitations under the License.
 */
-/* $Id: RequestInfoExample.java 267129 2004-03-18 16:40:35Z jfarcand $
+/* $Id$
  *
  */
 

==================================================
SessionExample.java
index 9993a35cb2..6ed3c3b61f 100644
--- a/webapps/examples/WEB-INF/classes/RequestParamExample.java
+++ b/webapps/examples/WEB-INF/classes/RequestParamExample.java
@@ -14,7 +14,7 @@
 * See the License for the specific language governing permissions and
 * limitations under the License.
 */
-/* $Id: RequestParamExample.java 267129 2004-03-18 16:40:35Z jfarcand $
+/* $Id$
  *
  */
 

==================================================
CompressionFilter.java
index 803a7d5c19..d04c94ed11 100644
--- a/webapps/examples/WEB-INF/classes/SessionExample.java
+++ b/webapps/examples/WEB-INF/classes/SessionExample.java
@@ -14,7 +14,7 @@
 * See the License for the specific language governing permissions and
 * limitations under the License.
 */
-/* $Id: SessionExample.java 267129 2004-03-18 16:40:35Z jfarcand $
+/* $Id$
  *
  */
 

==================================================
CompressionFilterTestServlet.java
index 159d30aa7d..a77487abda 100644
--- a/webapps/examples/WEB-INF/classes/compressionFilters/CompressionFilter.java
+++ b/webapps/examples/WEB-INF/classes/compressionFilters/CompressionFilter.java
@@ -35,7 +35,7 @@ import javax.servlet.http.HttpServletResponse;
  *
  * @author Amy Roh
  * @author Dmitri Valdin
- * @version $Revision: 267129 $, $Date: 2004-03-18 17:40:35 +0100 (jeu., 18 mars 2004) $
+ * @version $Revision$, $Date$
  */
 
 public class CompressionFilter implements Filter{

==================================================
CompressionResponseStream.java
index b14f83d1ab..a4152b8f66 100644
--- a/webapps/examples/WEB-INF/classes/compressionFilters/CompressionFilterTestServlet.java
+++ b/webapps/examples/WEB-INF/classes/compressionFilters/CompressionFilterTestServlet.java
@@ -26,7 +26,7 @@ import javax.servlet.http.*;
 /**
  * Very Simple test servlet to test compression filter
  * @author Amy Roh
- * @version $Revision: 267129 $, $Date: 2004-03-18 17:40:35 +0100 (jeu., 18 mars 2004) $
+ * @version $Revision$, $Date$
  */
 
 public class CompressionFilterTestServlet extends HttpServlet {

==================================================
CompressionServletResponseWrapper.java
index d0250e2c17..ec2ecfb428 100644
--- a/webapps/examples/WEB-INF/classes/compressionFilters/CompressionResponseStream.java
+++ b/webapps/examples/WEB-INF/classes/compressionFilters/CompressionResponseStream.java
@@ -29,7 +29,7 @@ import javax.servlet.http.HttpServletResponse;
  *
  * @author Amy Roh
  * @author Dmitri Valdin
- * @version $Revision: 267129 $, $Date: 2004-03-18 17:40:35 +0100 (jeu., 18 mars 2004) $
+ * @version $Revision$, $Date$
  */
 
 public class CompressionResponseStream

==================================================
ExampleFilter.java
index 26ccf276af..23dd9fcade 100644
--- a/webapps/examples/WEB-INF/classes/compressionFilters/CompressionServletResponseWrapper.java
+++ b/webapps/examples/WEB-INF/classes/compressionFilters/CompressionServletResponseWrapper.java
@@ -36,7 +36,7 @@ import javax.servlet.http.HttpServletResponseWrapper;
  *
  * @author Amy Roh
  * @author Dmitri Valdin
- * @version $Revision: 267129 $, $Date: 2004-03-18 17:40:35 +0100 (jeu., 18 mars 2004) $
+ * @version $Revision$, $Date$
  */
 
 public class CompressionServletResponseWrapper extends HttpServletResponseWrapper {

==================================================
RequestDumperFilter.java
index 7fc4e3ff89..64aa4ecdce 100644
--- a/webapps/examples/WEB-INF/classes/filters/ExampleFilter.java
+++ b/webapps/examples/WEB-INF/classes/filters/ExampleFilter.java
@@ -42,7 +42,7 @@ import javax.servlet.ServletResponse;
  * </ul>
  *
  * @author Craig McClanahan
- * @version $Revision: 267129 $ $Date: 2004-03-18 17:40:35 +0100 (jeu., 18 mars 2004) $
+ * @version $Revision$ $Date$
  */
 
 public final class ExampleFilter implements Filter {

==================================================
SetCharacterEncodingFilter.java
index 1c8d519e88..c8df2446e9 100644
--- a/webapps/examples/WEB-INF/classes/filters/RequestDumperFilter.java
+++ b/webapps/examples/WEB-INF/classes/filters/RequestDumperFilter.java
@@ -43,7 +43,7 @@ import javax.servlet.http.HttpServletRequest;
  * to assist in debugging problems.
  *
  * @author Craig McClanahan
- * @version $Revision: 267129 $ $Date: 2004-03-18 17:40:35 +0100 (jeu., 18 mars 2004) $
+ * @version $Revision$ $Date$
  */
 
 public final class RequestDumperFilter implements Filter {

==================================================
ContextListener.java
index 028552e7ed..5cbbecd819 100644
--- a/webapps/examples/WEB-INF/classes/filters/SetCharacterEncodingFilter.java
+++ b/webapps/examples/WEB-INF/classes/filters/SetCharacterEncodingFilter.java
@@ -54,7 +54,7 @@ import javax.servlet.UnavailableException;
  * user's session.</p>
  *
  * @author Craig McClanahan
- * @version $Revision: 267129 $ $Date: 2004-03-18 17:40:35 +0100 (jeu., 18 mars 2004) $
+ * @version $Revision$ $Date$
  */
 
 public class SetCharacterEncodingFilter implements Filter {

==================================================
SessionListener.java
index 257cb47eee..74aaf20f4a 100644
--- a/webapps/examples/WEB-INF/classes/listeners/ContextListener.java
+++ b/webapps/examples/WEB-INF/classes/listeners/ContextListener.java
@@ -32,7 +32,7 @@ import javax.servlet.ServletContextListener;
  * associated with our servlet context.
  *
  * @author Craig R. McClanahan
- * @version $Revision: 267129 $ $Date: 2004-03-18 17:40:35 +0100 (jeu., 18 mars 2004) $
+ * @version $Revision$ $Date$
  */
 
 public final class ContextListener

==================================================
HTMLFilter.java
index 4534dfcdc2..b9142d6230 100644
--- a/webapps/examples/WEB-INF/classes/listeners/SessionListener.java
+++ b/webapps/examples/WEB-INF/classes/listeners/SessionListener.java
@@ -34,7 +34,7 @@ import javax.servlet.http.HttpSessionListener;
  * associated with our servlet context.
  *
  * @author Craig R. McClanahan
- * @version $Revision: 267129 $ $Date: 2004-03-18 17:40:35 +0100 (jeu., 18 mars 2004) $
+ * @version $Revision$ $Date$
  */
 
 public final class SessionListener

==================================================
DebugValidator.java
index c6231bf18d..3510add0ed 100644
--- a/webapps/examples/WEB-INF/classes/util/HTMLFilter.java
+++ b/webapps/examples/WEB-INF/classes/util/HTMLFilter.java
@@ -21,7 +21,7 @@ package util;
  *
  * @author Craig R. McClanahan
  * @author Tim Tye
- * @version $Revision: 267129 $ $Date: 2004-03-18 17:40:35 +0100 (jeu., 18 mars 2004) $
+ * @version $Revision$ $Date$
  */
 
 public final class HTMLFilter {

==================================================
