85c27f6929a64871c9edab0be9ec164afcce62de
==================================================
Remove unnecessary space
==================================================
Mark Thomas
==================================================
Fri Apr 14 10:30:25 2023 +0100
==================================================
Servlet.java
Remove unnecessary space


==================================================
ClassParser.java
index c234a1f4df..838b4f0d25 100644
--- a/java/jakarta/servlet/Servlet.java
+++ b/java/jakarta/servlet/Servlet.java
@@ -90,7 +90,7 @@ public interface Servlet {
      * Servlets typically run inside multithreaded servlet containers that can handle multiple requests concurrently.
      * Developers must be aware to synchronize access to any shared resources such as files, network connections, and as
      * well as the servlet's class and instance variables. More information on multithreaded programming in Java is
-     * available in <a href ="http://java.sun.com/Series/Tutorial/java/threads/multithreaded.html"> the Java tutorial on
+     * available in <a href="http://java.sun.com/Series/Tutorial/java/threads/multithreaded.html"> the Java tutorial on
      * multi-threaded programming</a>.
      *
      * @param req the <code>ServletRequest</code> object that contains the client's request

==================================================
