8813ec2bb74f4e6fae40ade7590650baeb9fe223
==================================================
Switch SimpleTcpCluster to JMX registration via LifecycleMBeanBase and add JMX support to the FarmWarDeployer.
==================================================
Mark Emlyn
==================================================
Fri Aug 31 23:39:42 2012 +0000
==================================================
ClusterJmxHelper.java
index 76a1746970..eb360b2e2e 100644
--- a/java/org/apache/catalina/ha/deploy/mbeans-descriptors.xml
+++ b/java/org/apache/catalina/ha/deploy/mbeans-descriptors.xml
@@ -19,10 +19,10 @@
   <mbean
     name="FarmWarDeployer"
     className="org.apache.catalina.mbeans.ClassNameMBean"
-    description="Farm Deployer - Broken"
+    description="Farm Deployer"
     domain="Catalina"
     group="Cluster"
-    type="org.apache.catalina.ha.deploy.FarmWarDeployer"/>
+    type="org.apache.catalina.ha.deploy.FarmWarDeployer">
     <attribute
       name="deployDir"
       description="Deployment directory."
@@ -39,4 +39,5 @@
       name="watchEnabled"
       description="Is watching enabled?"
       type="boolean"/>
+  </mbean>
 </mbeans-descriptors>

==================================================
SimpleTcpCluster.java
index fa8203cbdf..117d8a2e13 100644
--- a/java/org/apache/catalina/ha/jmx/ClusterJmxHelper.java
+++ b/java/org/apache/catalina/ha/jmx/ClusterJmxHelper.java
@@ -32,7 +32,11 @@ import org.apache.tomcat.util.modeler.Registry;
 /**
  *
  * @author Filip Hanik
+ *
+ * @deprecated  Unused - registration now happens via
+ *              {@link org.apache.catalina.util.LifecycleMBeanBase}
  */
+@Deprecated
 public class ClusterJmxHelper {
 
     protected static final Registry registry = Registry.getRegistry(null,null);

==================================================
