8a739005b9d9c8d6b26586aca6972f6c63ce590e
==================================================
Fix various IDE warnings
==================================================
Mark Thomas
==================================================
Tue Dec 16 16:03:30 2014 +0000
==================================================
TomcatBaseTest.java
Fix various IDE warnings

git-svn-id: https://svn.apache.org/repos/asf/tomcat/trunk@1645993 13f79535-47bb-0310-9956-ffa450edef68



==================================================
TestAbstractAjpProcessor.java
index 036a0d5e64..4cace484ee 100644
--- a/test/org/apache/catalina/startup/TomcatBaseTest.java
+++ b/test/org/apache/catalina/startup/TomcatBaseTest.java
@@ -239,20 +239,13 @@ public abstract class TomcatBaseTest extends LoggingBaseTest {
 
     public static final class RequestDescriptor {
 
-        private final Map<String, String> requestInfo =
-            new HashMap<String, String>();
-        private final Map<String, String> contextInitParameters =
-            new HashMap<String, String>();
-        private final Map<String, String> contextAttributes =
-            new HashMap<String, String>();
-        private final Map<String, String> headers =
-            new HashMap<String, String>();
-        private final Map<String, String> attributes =
-            new HashMap<String, String>();
-        private final Map<String, String> params =
-            new HashMap<String, String>();
-        private final Map<String, String> sessionAttributes =
-            new HashMap<String, String>();
+        private final Map<String, String> requestInfo = new HashMap<>();
+        private final Map<String, String> contextInitParameters = new HashMap<>();
+        private final Map<String, String> contextAttributes = new HashMap<>();
+        private final Map<String, String> headers = new HashMap<>();
+        private final Map<String, String> attributes = new HashMap<>();
+        private final Map<String, String> params = new HashMap<>();
+        private final Map<String, String> sessionAttributes = new HashMap<>();
 
         public Map<String, String> getRequestInfo() {
             return requestInfo;
@@ -435,6 +428,7 @@ public abstract class TomcatBaseTest extends LoggingBaseTest {
 
         private static final long serialVersionUID = 1L;
 
+        @SuppressWarnings("deprecation")
         @Override
         public void service(HttpServletRequest request,
                             HttpServletResponse response)

==================================================
