901292cf9d7d8225f8a3b96c7583e2bd8b41772d
==================================================
Fix CVE-2007-5461.
==================================================
Mark Emlyn
==================================================
Thu Oct 18 11:44:53 2007 +0000
==================================================
WebdavServlet.java
index b666623b89..0b769eb7d6 100644
--- a/STATUS
+++ b/STATUS
@@ -42,11 +42,6 @@ PATCHES PROPOSED TO BACKPORT:
   +1: fhanik,funkman
   -1: 
   
-* Fix important vulnerability when webdav is enabled for write
-  Patch: http://marc.info/?l=tomcat-dev&m=119245116910632&w=2
-  +1: markt, funkman, remm, fhanik
-  -1: 
-
 * Fix for JDT update: update jdt.jar in build.properties.default to:
   jdt.jar=${jdt.lib}/org.eclipse.jdt.core_3.3.1.v_780_R33x.jar
   +1: remm, fhanik,funkman, pero

==================================================
