925553fb4952e0c5959301a91c3b7e31558af9dd
==================================================
Make abstract nodes abstract
==================================================
Mark Emlyn
==================================================
Sun Jul 14 11:21:17 2013 +0000
==================================================
ArithmeticNode.java
Make abstract nodes abstract

git-svn-id: https://svn.apache.org/repos/asf/tomcat/trunk@1502957 13f79535-47bb-0310-9956-ffa450edef68



==================================================
BooleanNode.java
index 6ad32f5c15..7969e24766 100644
--- a/java/org/apache/el/parser/ArithmeticNode.java
+++ b/java/org/apache/el/parser/ArithmeticNode.java
@@ -26,7 +26,7 @@ import org.apache.el.lang.EvaluationContext;
  * @author Jacob Hookom [jacob@hookom.net]
  * @version $Id$
  */
-public class ArithmeticNode extends SimpleNode {
+public abstract class ArithmeticNode extends SimpleNode {
 
     /**
      * @param i

==================================================
