937227a26160ec7300001990c5f4e35663f7b6e4
==================================================
Fix https://issues.apache.org/bugzilla/show_bug.cgi?id=49952
==================================================
Mark Emlyn
==================================================
Wed Oct 6 21:46:43 2010 +0000
==================================================
StandardContext.java
index 45b59cea81..dd447e0c98 100644
--- a/java/org/apache/catalina/core/LocalStrings.properties
+++ b/java/org/apache/catalina/core/LocalStrings.properties
@@ -16,6 +16,7 @@
 applicationContext.addFilter.ise=Filters can not be added to context {0} as the context has been initialised
 applicationContext.addListener.iae.cnfe=Unable to create an instance of type [{0}]
 applicationContext.addListener.iae.wrongType=The type specified [{0}] is not one of the expected listener types
+applicationContext.addListener.iae.sclNotAllowed=Once the first ServletContextListener has been called, no more ServletContextListeners may be added.
 applicationContext.addListener.ise=Listeners can not be added to context {0} as the context has been initialised
 applicationContext.addRole.ise=Roles can not be added to context {0} as the context has been initialised
 applicationContext.addServlet.ise=Servlets can not be added to context {0} as the context has been initialised

==================================================
TestListener.java
index b4db3be49c..46248b216c 100644
--- a/java/org/apache/catalina/core/StandardContext.java
+++ b/java/org/apache/catalina/core/StandardContext.java
@@ -4289,7 +4289,14 @@ public class StandardContext extends ContainerBase
             }
         }
 
+        //Listeners may have been added by ServletContextInitializers.  Put them after the ones we know about.
+        for (Object eventListener: getApplicationEventListeners()) {
+            eventListeners.add(eventListener);
+        }
         setApplicationEventListeners(eventListeners.toArray());
+        for (Object lifecycleListener: getApplicationLifecycleListeners()) {
+            lifecycleListeners.add(lifecycleListener);
+        }
         setApplicationLifecycleListeners(lifecycleListeners.toArray());
 
         // Send application start events

==================================================
