97e1369013d4e158fb9672436def4e6bf5981838
==================================================
Make it easier for TomEE to modify the j2seClassLoader
==================================================
Mark Emlyn
==================================================
Tue Feb 18 16:00:34 2014 +0000
==================================================
WebappClassLoader.java
index 11d0a88414..fa03d60825 100644
--- a/java/org/apache/catalina/loader/LocalStrings.properties
+++ b/java/org/apache/catalina/loader/LocalStrings.properties
@@ -37,6 +37,7 @@ webappClassLoader.loadedByThisOrChildFail=Failed to fully check the entries in a
 webappClassLoader.jarsAdded=One or more JARs have been added to the web application [{0}]
 webappClassLoader.jarsModified=One or more JARs have been modified in the web application [{0}]
 webappClassLoader.jarsRemoved=One or more JARs have been removed from the web application [{0}]
+webappClassLoader.j2seClassLoaderNull=The j2seClassLoader attribute may not be null
 webappClassLoader.resourceModified=Resource [{0}] has been modified. The last modified time was [{1}] and is now [{2}]
 webappClassLoader.stopThreadFail=Failed to terminate thread named [{0}] for web application [{1}]
 webappClassLoader.stopTimerThreadFail=Failed to terminate TimerThread named [{0}] for web application [{1}]

==================================================
