99761fd7d85b74d355a6fe06b39993a02d83afe9
==================================================
Try to make checkstyle happy by removing spaces and ordering import statements
==================================================
Felix Schumacher
==================================================
Fri Jan 23 05:53:27 2015 +0000
==================================================
UEncoder.java
Try to make checkstyle happy by removing spaces and ordering import statements

git-svn-id: https://svn.apache.org/repos/asf/tomcat/trunk@1654123 13f79535-47bb-0310-9956-ffa450edef68



==================================================
TestUEncoder.java
index 301c5d8d0c..2da117764c 100644
--- a/java/org/apache/tomcat/util/buf/UEncoder.java
+++ b/java/org/apache/tomcat/util/buf/UEncoder.java
@@ -70,7 +70,7 @@ public final class UEncoder {
      * Calls to {@link UEncoder#addSafeCharacter(char) addSafeCharacter(char)}
      * on instances created by this constructor will throw an
      * {@link IllegalStateException}.
-     * 
+     *
      * @param safeCharsSet
      *            safe characters for this encoder
      */
@@ -78,7 +78,7 @@ public final class UEncoder {
         this.safeChars = safeCharsSet.getSafeChars();
         readOnlySafeChars = true;
     }
- 
+
     public void addSafeCharacter( char c ) {
         if (readOnlySafeChars) {
             throw new IllegalStateException("UEncoders safeChararacters are read only");

==================================================
