a1abe8383a4f497fe9ce4f2bfdf30c86f53a10f3
==================================================
Fix Eclipse warnings in the o.a.c.tribes.test package
==================================================
Mark Emlyn
==================================================
Wed Jun 2 11:45:11 2010 +0000
==================================================
TestDataIntegrity.java
Fix Eclipse warnings in the o.a.c.tribes.test package

git-svn-id: https://svn.apache.org/repos/asf/tomcat/trunk@950507 13f79535-47bb-0310-9956-ffa450edef68



==================================================
TestMulticastPackages.java
index 642ed59f4b..3a2cacaf63 100644
--- a/test/org/apache/catalina/tribes/test/channel/TestDataIntegrity.java
+++ b/test/org/apache/catalina/tribes/test/channel/TestDataIntegrity.java
@@ -167,6 +167,7 @@ public class TestDataIntegrity extends TestCase {
     }
 
     public static class Data implements Serializable {
+        private static final long serialVersionUID = 1L;
         public int length;
         public byte[] data;
         public byte key;

==================================================
TestRemoteProcessException.java
index bed575793e..5babda02c8 100644
--- a/test/org/apache/catalina/tribes/test/channel/TestMulticastPackages.java
+++ b/test/org/apache/catalina/tribes/test/channel/TestMulticastPackages.java
@@ -197,6 +197,7 @@ public class TestMulticastPackages extends TestCase {
     }
 
     public static class Data implements Serializable {
+        private static final long serialVersionUID = 1L;
         public int length;
         public byte[] data;
         public byte key;

==================================================
TestUdpPackages.java
index d21d6d581b..bc7591e073 100644
--- a/test/org/apache/catalina/tribes/test/channel/TestRemoteProcessException.java
+++ b/test/org/apache/catalina/tribes/test/channel/TestRemoteProcessException.java
@@ -110,6 +110,7 @@ public class TestRemoteProcessException extends TestCase {
     }
 
     public static class Data implements Serializable {
+        private static final long serialVersionUID = 1L;
         public int length;
         public byte[] data;
         public byte key;

==================================================
TestSenderConnections.java
index 135eda6cea..acf0150328 100644
--- a/test/org/apache/catalina/tribes/test/channel/TestUdpPackages.java
+++ b/test/org/apache/catalina/tribes/test/channel/TestUdpPackages.java
@@ -240,6 +240,7 @@ public class TestUdpPackages extends TestCase {
     }
 
     public static class Data implements Serializable {
+        private static final long serialVersionUID = 1L;
         public int length;
         public byte[] data;
         public byte key;

==================================================
TestSerialization.java
index 6f7a4d3237..3a8f72f3a2 100644
--- a/test/org/apache/catalina/tribes/test/io/TestSenderConnections.java
+++ b/test/org/apache/catalina/tribes/test/io/TestSenderConnections.java
@@ -96,6 +96,7 @@ public class TestSenderConnections extends TestCase {
     }
     
     public static class TestMsg implements Serializable {
+        private static final long serialVersionUID = 1L;
         static Random r = new Random();
         HashMap<Integer, ArrayList<Object>> map =
             new HashMap<Integer, ArrayList<Object>>();

==================================================
