a3baa479f6169ad0bc82d1fb0f1f806ecc8f81e8
==================================================
Remove unused imports idnetified by Eclipse
==================================================
Mark Emlyn
==================================================
Thu Jan 15 13:49:53 2009 +0000
==================================================
ActionCode.java
Remove unused imports idnetified by Eclipse

git-svn-id: https://svn.apache.org/repos/asf/tomcat/trunk@734706 13f79535-47bb-0310-9956-ffa450edef68



==================================================
MessageBytes.java
index 63642342c9..ac2e0fcab3 100644
--- a/java/org/apache/coyote/ActionCode.java
+++ b/java/org/apache/coyote/ActionCode.java
@@ -17,8 +17,6 @@
  
 package org.apache.coyote;
 
-import org.apache.tomcat.util.net.SSLSessionManager;
-
 
 /**
  * Enumerated class containing the adapter event codes.

==================================================
AprEndpoint.java
index 42db3c515c..591e95f150 100644
--- a/java/org/apache/tomcat/util/buf/MessageBytes.java
+++ b/java/org/apache/tomcat/util/buf/MessageBytes.java
@@ -17,7 +17,6 @@
 
 package org.apache.tomcat.util.buf;
 
-import java.text.*;
 import java.util.*;
 import java.io.Serializable;
 import java.io.IOException;

==================================================
