a41c2a4710200d7fc99078ab17232f1fcaa16788
==================================================
Add SSO cookieName configuration attribute
==================================================
remm remm@apache.org
==================================================
Wed Apr 1 14:46:04 2020 +0200
==================================================
AuthenticatorBase.java
Add SSO cookieName configuration attribute


==================================================
Constants.java
index 00a02a884e..183b5759c8 100644
--- a/java/org/apache/catalina/authenticator/AuthenticatorBase.java
+++ b/java/org/apache/catalina/authenticator/AuthenticatorBase.java
@@ -1179,7 +1179,7 @@ public abstract class AuthenticatorBase extends ValveBase
         if (ssoId == null) {
             // Construct a cookie to be returned to the client
             ssoId = sessionIdGenerator.generateSessionId();
-            Cookie cookie = new Cookie(Constants.SINGLE_SIGN_ON_COOKIE, ssoId);
+            Cookie cookie = new Cookie(sso.getCookieName(), ssoId);
             cookie.setMaxAge(-1);
             cookie.setPath("/");
 

==================================================
SingleSignOn.java
index 7977d559db..f7c1b718d3 100644
--- a/java/org/apache/catalina/authenticator/Constants.java
+++ b/java/org/apache/catalina/authenticator/Constants.java
@@ -17,6 +17,7 @@
 package org.apache.catalina.authenticator;
 
 public class Constants {
+
     // Authentication methods for login configuration
     // Servlet spec schemes are defined in HttpServletRequest
     // Vendor specific schemes

==================================================
