a53eece969f1d861248c8244d13116df6d1db49c
==================================================
Improve Javadoc
==================================================
Mark Thomas
==================================================
Thu Mar 9 13:43:19 2023 +0000
==================================================
BeanELResolver.java
Improve Javadoc

Remove unnecessary Javadoc on overridden methods and better document
differences when they occur.


==================================================
CompositeELResolver.java
index c661730ec3..9551b43489 100644
--- a/java/jakarta/el/BeanELResolver.java
+++ b/java/jakarta/el/BeanELResolver.java
@@ -121,9 +121,6 @@ public class BeanELResolver extends ELResolver {
         }
     }
 
-    /**
-     * @since EL 2.2
-     */
     @Override
     public Object invoke(ELContext context, Object base, Object method, Class<?>[] paramTypes, Object[] params) {
         Objects.requireNonNull(context);

==================================================
StaticFieldELResolver.java
index 4c844371d6..2f52713ebb 100644
--- a/java/jakarta/el/CompositeELResolver.java
+++ b/java/jakarta/el/CompositeELResolver.java
@@ -64,9 +64,6 @@ public class CompositeELResolver extends ELResolver {
         return null;
     }
 
-    /**
-     * @since EL 2.2
-     */
     @Override
     public Object invoke(ELContext context, Object base, Object method, Class<?>[] paramTypes, Object[] params) {
         context.setPropertyResolved(false);

==================================================
