a5f348856d6e89f9f9eea91691c750aa7d9d8965
==================================================
Update to Tomcat Native 1.2.30
==================================================
Mark Thomas
==================================================
Tue Jun 8 09:28:26 2021 +0100
==================================================
AprLifecycleListener.java
index 3437d8883a..4bb492802f 100644
--- a/build.properties.default
+++ b/build.properties.default
@@ -147,13 +147,13 @@ jdt.loc.1=http://archive.eclipse.org/eclipse/downloads/drops4/${jdt.release}/ecj
 jdt.loc.2=http://download.eclipse.org/eclipse/downloads/drops4/${jdt.release}/ecj-${jdt.version}.jar
 
 # ----- Tomcat native library -----
-tomcat-native.version=1.2.28
+tomcat-native.version=1.2.30
 tomcat-native.src.checksum.enabled=true
 tomcat-native.src.checksum.algorithm=SHA-512
-tomcat-native.src.checksum.value=16b8659dcd228ea153d05c9ae19e3d97add944315f3b8b42905162d0e4e8a28fd51a172d59d7da8508271ecad0b8ac025a386895565acaf8e2ba11fba77492bb
+tomcat-native.src.checksum.value=51a8c55214de166cace193c3330abe77cabea56c2d05efc8c3408bc06369c328899376c94c572725ebe2887f2faf99fea05d1819fa84c712d57fd309d0476953
 tomcat-native.win.checksum.enabled=true
 tomcat-native.win.checksum.algorithm=SHA-512
-tomcat-native.win.checksum.value=a0a7c05ca1b2b873456e2331232f9752b52af23a205e61d14905e0779f4c517563438b45fc36b1a81803f67d47b39e77009e4a4e892a3fd0e548398ed9a69dc3
+tomcat-native.win.checksum.value=ce84edcec3b5a89b0c30951bb8832695a657e7558bceece8e92551644773d0f763369951d9d043dbf52653f4e37238d8d53555ae58cc0017bf777b447d00f603
 tomcat-native.home=${base.path}/tomcat-native-${tomcat-native.version}
 tomcat-native.tar.gz=${tomcat-native.home}/tomcat-native.tar.gz
 tomcat-native.loc.1=${base-tomcat.loc.1}/tomcat-connectors/native/${tomcat-native.version}/source/tomcat-native-${tomcat-native.version}-src.tar.gz

==================================================
