a6a480c986b0266ae6b1b941aaa6e47bafd2edc3
==================================================
Remove unused code
==================================================
Mark Emlyn
==================================================
Mon Mar 28 12:16:47 2011 +0000
==================================================
Http11NioProcessor.java
Remove unused code

git-svn-id: https://svn.apache.org/repos/asf/tomcat/trunk@1086203 13f79535-47bb-0310-9956-ffa450edef68



==================================================
InternalAprOutputBuffer.java
index e03dec4d15..edbbae3d1a 100644
--- a/java/org/apache/coyote/http11/Http11NioProcessor.java
+++ b/java/org/apache/coyote/http11/Http11NioProcessor.java
@@ -707,12 +707,6 @@ public class Http11NioProcessor extends AbstractHttp11Processor {
     }
 
 
-    // ------------------------------------------------------ Connector Methods
-
-    public SSLSupport getSslSupport() {
-        return sslSupport;
-    }
-
     // ------------------------------------------------------ Protected Methods
 
 

==================================================
InternalNioOutputBuffer.java
index eabc11086f..53b331b0da 100644
--- a/java/org/apache/coyote/http11/InternalAprOutputBuffer.java
+++ b/java/org/apache/coyote/http11/InternalAprOutputBuffer.java
@@ -93,14 +93,6 @@ public class InternalAprOutputBuffer extends AbstractOutputBuffer {
     }
 
 
-    /**
-     * Get the underlying socket input stream.
-     */
-    public long getSocket() {
-        return socket;
-    }
-
-
     // --------------------------------------------------------- Public Methods
 
 

==================================================
InternalOutputBuffer.java
index 410d090d60..ecdd7e78b9 100644
--- a/java/org/apache/coyote/http11/InternalNioOutputBuffer.java
+++ b/java/org/apache/coyote/http11/InternalNioOutputBuffer.java
@@ -91,13 +91,6 @@ public class InternalNioOutputBuffer extends AbstractOutputBuffer {
         this.socket = socket;
     }
 
-    /**
-     * Get the underlying socket input stream.
-     */
-    public NioChannel getSocket() {
-        return socket;
-    }
-
     public void setSelectorPool(NioSelectorPool pool) { 
         this.pool = pool;
     }
@@ -151,9 +144,6 @@ public class InternalNioOutputBuffer extends AbstractOutputBuffer {
         flushBuffer();
     }
 
-    public boolean isWritable() {
-        return lastWrite.get()>0;
-    }
     // ------------------------------------------------ HTTP/1.1 Output Methods
 
 

==================================================
