a7586e1ea2396dd113d5fc602512005a803b35ff
==================================================
Being able to balance thread priorities for all kinds of threads
==================================================
Filip Hanik
==================================================
Fri Mar 16 19:48:21 2007 +0000
==================================================
Http11NioProtocol.java
Being able to balance thread priorities for all kinds of threads


git-svn-id: https://svn.apache.org/repos/asf/tomcat/tc6.0.x/trunk@519111 13f79535-47bb-0310-9956-ffa450edef68



==================================================
NioEndpoint.java
index 9b390aa7c3..055f0b76da 100644
--- a/java/org/apache/coyote/http11/Http11NioProtocol.java
+++ b/java/org/apache/coyote/http11/Http11NioProtocol.java
@@ -274,11 +274,30 @@ public class Http11NioProtocol implements ProtocolHandler, MBeanRegistration
       ep.setThreadPriority(threadPriority);
       setAttribute("threadPriority", "" + threadPriority);
     }
+    
+    public void setAcceptorThreadPriority(int threadPriority) {
+      ep.setAcceptorThreadPriority(threadPriority);
+      setAttribute("acceptorThreadPriority", "" + threadPriority);
+    }
+
+    public void setPollerThreadPriority(int threadPriority) {
+      ep.setPollerThreadPriority(threadPriority);
+      setAttribute("pollerThreadPriority", "" + threadPriority);
+    }
 
     public int getThreadPriority() {
       return ep.getThreadPriority();
     }
 
+    public int getAcceptorThreadPriority() {
+      return ep.getAcceptorThreadPriority();
+    }
+    
+    public int getPollerThreadPriority() {
+      return ep.getThreadPriority();
+    }
+    
+    
     // -------------------- Tcp setup --------------------
 
     public int getBacklog() {

==================================================
