a8d0cd390eb9d76a3031f586d8d9ff317ec858c5
==================================================
Hooray for Apache Harmony. Copy Harmony's UTF-8 decoder, add the
==================================================
Mark Emlyn
==================================================
Thu Feb 23 22:29:12 2012 +0000
==================================================
StreamInbound.java
Hooray for Apache Harmony. Copy Harmony's UTF-8 decoder, add the
additional restriction expected by the WebSocket spec and start passing
all the UTF-8 releated tests.

git-svn-id: https://svn.apache.org/repos/asf/tomcat/trunk@1292996 13f79535-47bb-0310-9956-ffa450edef68



==================================================
Utf8Decoder.java
index ef07c11ce2..42388399dd 100644
--- a/java/org/apache/catalina/websocket/StreamInbound.java
+++ b/java/org/apache/catalina/websocket/StreamInbound.java
@@ -20,14 +20,12 @@ import java.io.IOException;
 import java.io.InputStream;
 import java.io.InputStreamReader;
 import java.io.Reader;
-import java.nio.charset.CodingErrorAction;
 import java.nio.charset.MalformedInputException;
 import java.nio.charset.UnmappableCharacterException;
 
 import org.apache.coyote.http11.upgrade.UpgradeInbound;
 import org.apache.coyote.http11.upgrade.UpgradeOutbound;
 import org.apache.coyote.http11.upgrade.UpgradeProcessor;
-import org.apache.tomcat.util.buf.B2CConverter;
 import org.apache.tomcat.util.net.AbstractEndpoint.Handler.SocketState;
 
 /**
@@ -83,10 +81,8 @@ public abstract class StreamInbound implements UpgradeInbound {
                 onBinaryData(wsIs);
                 return SocketState.UPGRADED;
             } else if (opCode == Constants.OPCODE_TEXT) {
-                InputStreamReader r = new InputStreamReader(wsIs,
-                        B2CConverter.UTF_8.newDecoder()
-                            .onMalformedInput(CodingErrorAction.REPORT)
-                            .onUnmappableCharacter(CodingErrorAction.REPORT));
+                InputStreamReader r =
+                        new InputStreamReader(wsIs, new Utf8Decoder());
                 onTextData(r);
                 return SocketState.UPGRADED;
             }

==================================================
