a986dced6cf9dbd9109de88e4acabd856a72d66e
==================================================
Javadoc fixes.
==================================================
Remy Maucherat
==================================================
Fri Mar 30 14:31:33 2018 +0000
==================================================
PoolableManagedConnectionFactory.java
Javadoc fixes.

git-svn-id: https://svn.apache.org/repos/asf/tomcat/trunk@1828066 13f79535-47bb-0310-9956-ffa450edef68



==================================================
TransactionRegistry.java
index 676407ad2a..818d8ba835 100644
--- a/java/org/apache/tomcat/dbcp/dbcp2/managed/PoolableManagedConnectionFactory.java
+++ b/java/org/apache/tomcat/dbcp/dbcp2/managed/PoolableManagedConnectionFactory.java
@@ -47,6 +47,7 @@ public class PoolableManagedConnectionFactory extends PoolableConnectionFactory
      * Create a PoolableManagedConnectionFactory and attach it to a connection pool.
      *
      * @param connFactory XAConnectionFactory
+     * @param dataSourceJmxName JMX name of the datasource
      */
     public PoolableManagedConnectionFactory(final XAConnectionFactory connFactory,
             final ObjectName dataSourceJmxName) {

==================================================
