ab07dc0b8916162ffaa51f48443902a32096f3ab
==================================================
Fix an i18n TODO
==================================================
Mark Emlyn
==================================================
Wed Oct 8 19:26:28 2014 +0000
==================================================
WsWebSocketContainer.java
index 5a331b017d..62b0a1575c 100644
--- a/java/org/apache/tomcat/websocket/LocalStrings.properties
+++ b/java/org/apache/tomcat/websocket/LocalStrings.properties
@@ -102,6 +102,7 @@ wsWebSocketContainer.asynchronousSocketChannelFail=Unable to open a connection t
 wsWebSocketContainer.defaultConfiguratorFaill=Failed to create the default configurator
 wsWebSocketContainer.endpointCreateFail=Failed to create a local endpoint of type [{0}]
 wsWebSocketContainer.httpRequestFailed=The HTTP request to initiate the WebSocket connection failed
+wsWebSocketContainer.invalidExtensionParameters=The server responded with extension parameters the client is unable to support
 wsWebSocketContainer.invalidHeader=Unable to parse HTTP header as no colon is present to delimit header name and header value in [{0}]. The header has been skipped.
 wsWebSocketContainer.invalidScheme=The requested scheme, [{0}], is not supported. The supported schemes are ws and wss
 wsWebSocketContainer.invalidStatus=The HTTP response from the server [{0}] did not permit the HTTP upgrade to WebSocket

==================================================
