ab9ce1d5f70242b0ae1f19b1ad3625cc22313306
==================================================
Remove deprecated Vary class
==================================================
remm remm@apache.org
==================================================
Wed Jan 15 12:50:36 2020 +0100
==================================================
Vary.java
Remove deprecated Vary class


==================================================
TestTokenList.java
deleted file mode 100644
index e064620417..0000000000
--- a/java/org/apache/tomcat/util/http/parser/Vary.java
+++ /dev/null
@@ -1,37 +0,0 @@
-/*
- * Licensed to the Apache Software Foundation (ASF) under one or more
- * contributor license agreements.  See the NOTICE file distributed with
- * this work for additional information regarding copyright ownership.
- * The ASF licenses this file to You under the Apache License, Version 2.0
- * (the "License"); you may not use this file except in compliance with
- * the License.  You may obtain a copy of the License at
- *
- *      http://www.apache.org/licenses/LICENSE-2.0
- *
- * Unless required by applicable law or agreed to in writing, software
- * distributed under the License is distributed on an "AS IS" BASIS,
- * WITHOUT WARRANTIES OR CONDITIONS OF ANY KIND, either express or implied.
- * See the License for the specific language governing permissions and
- * limitations under the License.
- */
-package org.apache.tomcat.util.http.parser;
-
-import java.io.IOException;
-import java.io.StringReader;
-import java.util.Set;
-
-/**
- * @deprecated  Use {@link TokenList}.
- */
-@Deprecated
-public class Vary {
-
-    private Vary() {
-        // Utility class. Hide default constructor.
-    }
-
-
-    public static void parseVary(StringReader input, Set<String> result) throws IOException {
-        TokenList.parseTokenList(input, result);
-    }
-}

==================================================
