abb6d505b321b45766d4a30bc107938a3d63f4f9
==================================================
Remove deprecated code.
==================================================
Mark Thomas
==================================================
Mon Nov 27 10:34:22 2017 +0000
==================================================
WebSocketContainer.java
Remove deprecated code.

git-svn-id: https://svn.apache.org/repos/asf/tomcat/trunk@1816420 13f79535-47bb-0310-9956-ffa450edef68



==================================================
WsWebSocketContainer.java
index 4505ee91e7..2631ae1bf2 100644
--- a/java/javax/websocket/WebSocketContainer.java
+++ b/java/javax/websocket/WebSocketContainer.java
@@ -29,17 +29,6 @@ public interface WebSocketContainer {
      */
     long getDefaultAsyncSendTimeout();
 
-    /**
-     * Set the default timeout for sending a message asynchronously.
-     * @param timeout The new default timeout in milliseconds. A non-positive
-     *                value means an infinite timeout.
-     *
-     * @deprecated This will be removed in Tomcat 9.
-     *             Use {@link #setDefaultAsyncSendTimeout(long)}
-     */
-    @Deprecated
-    void setAsyncSendTimeout(long timeout);
-
     /**
      * Set the default timeout for sending a message asynchronously.
      * @param timeout The new default timeout in milliseconds. A non-positive

==================================================
