ad97002366297949cf65e66e6252127a02cd1d9b
==================================================
Re-fix https://issues.apache.org/bugzilla/show_bug.cgi?id=45015
==================================================
Mark Emlyn
==================================================
Thu Mar 25 22:46:12 2010 +0000
==================================================
AttributeParser.java
Re-fix https://issues.apache.org/bugzilla/show_bug.cgi?id=45015
Regression in recent parsing re-factoring

git-svn-id: https://svn.apache.org/repos/asf/tomcat/trunk@927621 13f79535-47bb-0310-9956-ffa450edef68



==================================================
Parser.java
index c19fac7ba5..708c0d6544 100644
--- a/java/org/apache/jasper/compiler/AttributeParser.java
+++ b/java/org/apache/jasper/compiler/AttributeParser.java
@@ -122,9 +122,7 @@ public class AttributeParser {
             boolean strict) {
         this.input = input;
         this.quote = quote;
-        // If quote is null this is a scriptign expressions and any EL syntax
-        // should be ignored
-        this.isELIgnored = isELIgnored || (quote == 0);
+        this.isELIgnored = isELIgnored;
         this.isDeferredSyntaxAllowedAsLiteral =
             isDeferredSyntaxAllowedAsLiteral;
         this.strict = strict;

==================================================
