b03f8a84c0f1a2146b80b22826a83178b60c35a7
==================================================
Provide messages for when pre-compilation aborts
==================================================
Jeremy Boynes
==================================================
Sun Jul 21 00:38:31 2013 +0000
==================================================
JspCServletContext.java
index 6b83a52647..866ef4878f 100644
--- a/java/org/apache/jasper/resources/LocalStrings.properties
+++ b/java/org/apache/jasper/resources/LocalStrings.properties
@@ -215,6 +215,8 @@ jspc.webinc.insertStart=<!-- JSPC servlet mappings start -->
 jspc.error.generalException=ERROR-the file ''{0}'' generated the following general exception:
 jspc.error.fileDoesNotExist=The file argument ''{0}'' does not exist
 jspc.delete.fail=Failed to delete file [{0}]
+jspc.error.invalidWebXml=Aborting pre-compilation due to errors in web.xml
+jspc.error.invalidFragment=Aborting pre-compilation due to errors in web fragments
 jsp.error.library.invalid=JSP page is invalid according to library {0}: {1}
 jsp.error.tlvclass.instantiation=Failed to load or instantiate TagLibraryValidator class: {0}
 jsp.error.tlv.invalid.page=Validation error messages from TagLibraryValidator for {0} in {1}

==================================================
