b178c79978e79548d613a8d1a12388fa8567268f
==================================================
Fix Eclipse warnings
==================================================
Mark Emlyn
==================================================
Wed Feb 2 18:35:29 2011 +0000
==================================================
ClusterListener.java
Fix Eclipse warnings

git-svn-id: https://svn.apache.org/repos/asf/tomcat/trunk@1066571 13f79535-47bb-0310-9956-ffa450edef68



==================================================
ClusterMessageBase.java
index 6a995f72be..73553d92fd 100644
--- a/java/org/apache/catalina/ha/ClusterListener.java
+++ b/java/org/apache/catalina/ha/ClusterListener.java
@@ -80,9 +80,11 @@ public abstract class ClusterListener implements ChannelListener {
 
     //--Logic---------------------------------------------------
 
+    @Override
     public final void messageReceived(Serializable msg, Member member) {
         if ( msg instanceof ClusterMessage ) messageReceived((ClusterMessage)msg);
     }
+    @Override
     public final boolean accept(Serializable msg, Member member) {
         if ( msg instanceof ClusterMessage ) return true;
         return false;

==================================================
