b1d82dc90552d8804fe39176a886ee4c099e6ceb
==================================================
Add new classes to go with r1734054
==================================================
Mark Thomas
==================================================
Tue Mar 8 10:59:58 2016 +0000
==================================================
Mapping.java
Add new classes to go with r1734054

git-svn-id: https://svn.apache.org/repos/asf/tomcat/trunk@1734055 13f79535-47bb-0310-9956-ffa450edef68



==================================================
MappingMatch.java
new file mode 100644
index 0000000000..88a89202ad
--- /dev/null
+++ b/java/javax/servlet/http/Mapping.java
@@ -0,0 +1,42 @@
+/*
+* Licensed to the Apache Software Foundation (ASF) under one or more
+* contributor license agreements.  See the NOTICE file distributed with
+* this work for additional information regarding copyright ownership.
+* The ASF licenses this file to You under the Apache License, Version 2.0
+* (the "License"); you may not use this file except in compliance with
+* the License.  You may obtain a copy of the License at
+*
+*     http://www.apache.org/licenses/LICENSE-2.0
+*
+* Unless required by applicable law or agreed to in writing, software
+* distributed under the License is distributed on an "AS IS" BASIS,
+* WITHOUT WARRANTIES OR CONDITIONS OF ANY KIND, either express or implied.
+* See the License for the specific language governing permissions and
+* limitations under the License.
+*/
+package javax.servlet.http;
+
+/**
+ * Represents how the request from which this object was obtained was mapped to
+ * the associated servlet.
+ *
+ * @since 4.0
+ */
+public interface Mapping {
+
+    /**
+     * @return The value that was matched or the empty String if not known.
+     */
+    String getMatchValue();
+
+    /**
+     * @return The {@code url-pattern} that matched this request or the empty
+     *         String if not known.
+     */
+    String getPattern();
+
+    /**
+     * @return The type of match ({@link MappingMatch#UNKNOWN} if not known)
+     */
+    MappingMatch getMatchType();
+}

==================================================
ApplicationMapping.java
new file mode 100644
index 0000000000..ecda17706c
--- /dev/null
+++ b/java/javax/servlet/http/MappingMatch.java
@@ -0,0 +1,33 @@
+/*
+* Licensed to the Apache Software Foundation (ASF) under one or more
+* contributor license agreements.  See the NOTICE file distributed with
+* this work for additional information regarding copyright ownership.
+* The ASF licenses this file to You under the Apache License, Version 2.0
+* (the "License"); you may not use this file except in compliance with
+* the License.  You may obtain a copy of the License at
+*
+*     http://www.apache.org/licenses/LICENSE-2.0
+*
+* Unless required by applicable law or agreed to in writing, software
+* distributed under the License is distributed on an "AS IS" BASIS,
+* WITHOUT WARRANTIES OR CONDITIONS OF ANY KIND, either express or implied.
+* See the License for the specific language governing permissions and
+* limitations under the License.
+*/
+package javax.servlet.http;
+
+/**
+ * Represents the ways that a request can be mapped to a servlet
+ *
+ * @since 4.0
+ */
+public enum MappingMatch {
+
+    CONTEXT_ROOT,
+    DEFAULT,
+    EXACT,
+    EXTENSION,
+    IMPLICIT,
+    PATH,
+    UNKNOWN
+}

==================================================
