b7e8aea8ca60766ca429cb1e87c06e561f14867f
==================================================
Fix a couple of logging TODOs
==================================================
Mark Emlyn
==================================================
Sat Feb 16 17:36:48 2013 +0000
==================================================
WsSession.java
index 4b627efa43..064896e784 100644
--- a/java/org/apache/tomcat/websocket/LocalStrings.properties
+++ b/java/org/apache/tomcat/websocket/LocalStrings.properties
@@ -42,9 +42,11 @@ wsRemoteEndpoint.inProgress=Message will not be sent because the WebSocket sessi
 # Messages are encoded using UTF-8 where a single character may be encoded in
 # as many as 4 bytes.
 wsSession.timeout=The WebSocket session timeout expired
+
 wsSession.duplicateHandlerBinary=A binary message handler has already been configured
 wsSession.duplicateHandlerPong=A pong message handler has already been configured
 wsSession.duplicateHandlerText=A text message handler has already been configured
+wsSession.expireFailed=Unable to close expired session cleanly
 wsSession.invalidHandlerTypePong=A pong message handler must implement MessageHandler.Basic
 wsSession.removeHandlerFailed=Unable to remove the handler [{0}] as it was not registered with this session
 wsSession.unknownHandler=Unable to add the message handler [{0}] as it was for the unrecognised type [{1}]

==================================================
