b8703cb230b222d41cff4999ed186916c13862af
==================================================
Remove some unused code
==================================================
Mark Emlyn
==================================================
Mon Aug 30 18:17:41 2010 +0000
==================================================
JspUtil.java
Remove some unused code

git-svn-id: https://svn.apache.org/repos/asf/tomcat/trunk@990888 13f79535-47bb-0310-9956-ffa450edef68



==================================================
Validator.java
index a8a106f3e9..64bfc1ba41 100644
--- a/java/org/apache/jasper/compiler/JspUtil.java
+++ b/java/org/apache/jasper/compiler/JspUtil.java
@@ -255,17 +255,9 @@ public class JspUtil {
 
         boolean mandatory;
 
-        boolean rtexprvalue; // not used now
-
-        public ValidAttribute(String name, boolean mandatory,
-                boolean rtexprvalue) {
+        public ValidAttribute(String name, boolean mandatory) {
             this.name = name;
             this.mandatory = mandatory;
-            this.rtexprvalue = rtexprvalue;
-        }
-
-        public ValidAttribute(String name, boolean mandatory) {
-            this(name, mandatory, false);
         }
 
         public ValidAttribute(String name) {

==================================================
