bb549ec6ecdf9606d74f4f8f2401d1f2e53d6f3b
==================================================
Rename for consistency
==================================================
Mark Thomas
==================================================
Mon May 23 12:54:09 2016 +0000
==================================================
Http2UpgradeHandler.java
Rename for consistency

git-svn-id: https://svn.apache.org/repos/asf/tomcat/trunk@1745179 13f79535-47bb-0310-9956-ffa450edef68



==================================================
Stream.java
index ce22357d34..a61d5764d9 100644
--- a/java/org/apache/coyote/http2/Http2UpgradeHandler.java
+++ b/java/org/apache/coyote/http2/Http2UpgradeHandler.java
@@ -1223,7 +1223,7 @@ public class Http2UpgradeHandler extends AbstractStream implements InternalHttpU
     public void reset(int streamId, long errorCode) throws Http2Exception  {
         Stream stream = getStream(streamId, true);
         stream.checkState(FrameType.RST);
-        stream.reset(errorCode);
+        stream.receiveReset(errorCode);
     }
 
 

==================================================
