bd50f7915257f0976904b3ab9442efd021077157
==================================================
Now need to close both streams
==================================================
Mark Thomas
==================================================
Sun Feb 22 18:49:56 2015 +0000
==================================================
WsHttpUpgradeHandler.java
Now need to close both streams

git-svn-id: https://svn.apache.org/repos/asf/tomcat/trunk@1661521 13f79535-47bb-0310-9956-ffa450edef68



==================================================
WsRemoteEndpointImplServer.java
index fbac90d658..f1b345671c 100644
--- a/java/org/apache/tomcat/websocket/server/WsHttpUpgradeHandler.java
+++ b/java/org/apache/tomcat/websocket/server/WsHttpUpgradeHandler.java
@@ -122,7 +122,7 @@ public class WsHttpUpgradeHandler implements HttpUpgradeHandler {
         t.setContextClassLoader(applicationClassLoader);
         try {
             WsRemoteEndpointImplServer wsRemoteEndpointServer =
-                    new WsRemoteEndpointImplServer(sos, webSocketContainer);
+                    new WsRemoteEndpointImplServer(sis, sos, webSocketContainer);
             wsSession = new WsSession(ep, wsRemoteEndpointServer,
                     webSocketContainer, handshakeRequest.getRequestURI(),
                     handshakeRequest.getParameterMap(),

==================================================
