bee72697ee717295b3af16019a2f4b277677cbd6
==================================================
- Unless I misunderstood something, there's only one SSL test that is really extremely nasty since it attempts a client initiated renegotiation (hehe) in the middle of sending data.
==================================================
Remy Maucherat
==================================================
Thu Dec 10 17:40:02 2015 +0000
==================================================
TestSsl.java
- Unless I misunderstood something, there's only one SSL test that is really extremely nasty since it attempts a client initiated renegotiation (hehe) in the middle of sending data.
- With my fixes things appear to be "ok" with NIO now (JSSE and OpenSSL), so let's see what the CI runs say about it.

git-svn-id: https://svn.apache.org/repos/asf/tomcat/trunk@1719122 13f79535-47bb-0310-9956-ffa450edef68



==================================================
TesterSupport.java
index 8508919b75..53fb099a91 100644
--- a/test/org/apache/tomcat/util/net/TestSsl.java
+++ b/test/org/apache/tomcat/util/net/TestSsl.java
@@ -95,7 +95,7 @@ public class TestSsl extends TomcatBaseTest {
         Tomcat tomcat = getTomcatInstance();
 
         Assume.assumeTrue("SSL renegotiation has to be supported for this test",
-                TesterSupport.isRenegotiationSupported(getTomcatInstance()));
+                TesterSupport.isClientRenegotiationSupported(getTomcatInstance()));
 
         Context root = tomcat.addContext("", TEMP_DIR);
         Wrapper w =

==================================================
