c115b3b3dc5cf74acc4ea19fe173b478c1dd269e
==================================================
Fix some Eclispe / Findbugs warnings
==================================================
Mark Emlyn
==================================================
Sat Jun 26 12:17:33 2010 +0000
==================================================
CookieExample.java
Fix some Eclispe / Findbugs warnings

git-svn-id: https://svn.apache.org/repos/asf/tomcat/trunk@958214 13f79535-47bb-0310-9956-ffa450edef68



==================================================
RequestHeaderExample.java
index b3a6e71cfe..214259facc 100644
--- a/webapps/examples/WEB-INF/classes/CookieExample.java
+++ b/webapps/examples/WEB-INF/classes/CookieExample.java
@@ -35,7 +35,7 @@ public class CookieExample extends HttpServlet {
 
     private static final long serialVersionUID = 1L;
 
-    ResourceBundle rb = ResourceBundle.getBundle("LocalStrings");
+    private transient ResourceBundle rb = ResourceBundle.getBundle("LocalStrings");
     
     @Override
     public void doGet(HttpServletRequest request,

==================================================
RequestInfoExample.java
index ca204fa943..55fa6e7608 100644
--- a/webapps/examples/WEB-INF/classes/RequestHeaderExample.java
+++ b/webapps/examples/WEB-INF/classes/RequestHeaderExample.java
@@ -35,7 +35,7 @@ public class RequestHeaderExample extends HttpServlet {
 
     private static final long serialVersionUID = 1L;
 
-    ResourceBundle rb = ResourceBundle.getBundle("LocalStrings");
+    private transient ResourceBundle rb = ResourceBundle.getBundle("LocalStrings");
     
     @Override
     public void doGet(HttpServletRequest request,

==================================================
RequestParamExample.java
index efc2159c32..241d713e96 100644
--- a/webapps/examples/WEB-INF/classes/RequestInfoExample.java
+++ b/webapps/examples/WEB-INF/classes/RequestInfoExample.java
@@ -35,7 +35,7 @@ public class RequestInfoExample extends HttpServlet {
 
     private static final long serialVersionUID = 1L;
 
-    ResourceBundle rb = ResourceBundle.getBundle("LocalStrings");
+    private transient ResourceBundle rb = ResourceBundle.getBundle("LocalStrings");
 
     @Override
     public void doGet(HttpServletRequest request,

==================================================
SessionExample.java
index c98ae5ea28..eaf924f8cc 100644
--- a/webapps/examples/WEB-INF/classes/RequestParamExample.java
+++ b/webapps/examples/WEB-INF/classes/RequestParamExample.java
@@ -35,7 +35,7 @@ public class RequestParamExample extends HttpServlet {
 
     private static final long serialVersionUID = 1L;
 
-    ResourceBundle rb = ResourceBundle.getBundle("LocalStrings");
+    private transient ResourceBundle rb = ResourceBundle.getBundle("LocalStrings");
     
     @Override
     public void doGet(HttpServletRequest request,

==================================================
ChatServlet.java
index 5acc50f307..a43d03fec3 100644
--- a/webapps/examples/WEB-INF/classes/SessionExample.java
+++ b/webapps/examples/WEB-INF/classes/SessionExample.java
@@ -35,7 +35,7 @@ public class SessionExample extends HttpServlet {
 
     private static final long serialVersionUID = 1L;
 
-    ResourceBundle rb = ResourceBundle.getBundle("LocalStrings");
+    private transient ResourceBundle rb = ResourceBundle.getBundle("LocalStrings");
     
     @Override
     public void doGet(HttpServletRequest request,

==================================================
