c1bbc5d202f2e4be3bfc3a021283fda01a53fdec
==================================================
Happy New Year 2017
==================================================
Rainer Jung
==================================================
Mon Jan 2 20:28:35 2017 +0000
==================================================
Constants.java
index 3610c97e06..1c2a208e79 100644
--- a/NOTICE
+++ b/NOTICE
@@ -1,5 +1,5 @@
 Apache Tomcat
-Copyright 1999-2016 The Apache Software Foundation
+Copyright 1999-2017 The Apache Software Foundation
 
 This product includes software developed at
 The Apache Software Foundation (http://www.apache.org/).

==================================================
HTMLManagerServlet.java
index 9af3091275..921a7e559f 100644
--- a/java/org/apache/catalina/manager/Constants.java
+++ b/java/org/apache/catalina/manager/Constants.java
@@ -201,7 +201,7 @@ public class Constants {
         HTML_TAIL_SECTION =
             "<hr size=\"1\" noshade=\"noshade\">\n" +
             "<center><font size=\"-1\" color=\"#525D76\">\n" +
-            " <em>Copyright &copy; 1999-2016, Apache Software Foundation</em>" +
+            " <em>Copyright &copy; 1999-2017, Apache Software Foundation</em>" +
             "</font></center>\n" +
             "\n" +
             "</body>\n" +

==================================================
Constants.java
index cb91ff5efe..ce0e9b4227 100644
--- a/java/org/apache/catalina/manager/HTMLManagerServlet.java
+++ b/java/org/apache/catalina/manager/HTMLManagerServlet.java
@@ -736,7 +736,7 @@ public final class HTMLManagerServlet extends ManagerServlet {
      */
     @Override
     public String getServletInfo() {
-        return "HTMLManagerServlet, Copyright (c) 1999-2016, The Apache Software Foundation";
+        return "HTMLManagerServlet, Copyright (c) 1999-2017, The Apache Software Foundation";
     }
 
     /**

==================================================
