c4018269fd12a39992ff8b97a4168eaa210c306d
==================================================
Allow to log the system properties with VersionLoggerListener. This feature is off by default.
==================================================
Konstantin Kolinko
==================================================
Fri Jan 23 09:59:43 2015 +0000
==================================================
VersionLoggerListener.java
index d29e5422ee..147aac4149 100644
--- a/java/org/apache/catalina/startup/LocalStrings.properties
+++ b/java/org/apache/catalina/startup/LocalStrings.properties
@@ -132,6 +132,7 @@ versionLoggerListener.vm.version               =JVM Version:           {0}
 versionLoggerListener.vm.vendor                =JVM Vendor:            {0}
 versionLoggerListener.catalina.base            =CATALINA_BASE:         {0}
 versionLoggerListener.catalina.home            =CATALINA_HOME:         {0}
-versionLoggerListener.env                      =Environment variable:  {0} = {1}
 versionLoggerListener.arg                      =Command line argument: {0}
+versionLoggerListener.env                      =Environment variable:  {0} = {1}
+versionLoggerListener.prop                     =System property:       {0} = {1}
 webAnnotationSet.invalidInjection=Invalid method resource injection annotation.

==================================================
