c6ab61c1a282ca8d260e6fd65f18d5cf2bb9bb8c
==================================================
Better name for test servlet
==================================================
Mark Thomas
==================================================
Thu May 31 14:11:27 2018 +0000
==================================================
TestStuckThreadDetectionValve.java
index 1d43a1c2ea..31fe62fe99 100644
--- a/res/findbugs/filter-false-positives.xml
+++ b/res/findbugs/filter-false-positives.xml
@@ -1677,7 +1677,7 @@
   </Match>
   <Match>
     <!-- Deliberate hack for the purposes of the test -->
-    <Class name="org.apache.catalina.valves.TestStuckThreadDetectionValve$StuckingServlet"/>
+    <Class name="org.apache.catalina.valves.TestStuckThreadDetectionValve$StickingServlet"/>
     <Field name="wasInterrupted"/>
     <Bug pattern="MSF_MUTABLE_SERVLET_FIELD"/>
   </Match>

==================================================
