c85d86a4c50eeccb80febc717d91370dc7810f20
==================================================
Minor clean-up. No functional change.
==================================================
Mark Thomas
==================================================
Tue Jun 27 21:07:49 2017 +0000
==================================================
AntCompiler.java
Minor clean-up. No functional change.

git-svn-id: https://svn.apache.org/repos/asf/tomcat/trunk@1800089 13f79535-47bb-0310-9956-ffa450edef68



==================================================
Compiler.java
index b9c7ad4cfd..a4a8a0ec42 100644
--- a/java/org/apache/jasper/compiler/AntCompiler.java
+++ b/java/org/apache/jasper/compiler/AntCompiler.java
@@ -14,7 +14,6 @@
  * See the License for the specific language governing permissions and
  * limitations under the License.
  */
-
 package org.apache.jasper.compiler;
 
 import java.io.ByteArrayOutputStream;
@@ -279,7 +278,7 @@ public class AntCompiler extends Compiler {
         }
 
         // JSR45 Support
-        if (! options.isSmapSuppressed()) {
+        if (!options.isSmapSuppressed()) {
             SmapUtil.installSmap(smap);
         }
     }

==================================================
