caf3ea15d39cf576596f9647ba7394d326855df7
==================================================
JSSESocketFactory is not a socket factory. Time for a rename.
==================================================
Mark Thomas
==================================================
Mon Jan 11 14:41:07 2016 +0000
==================================================
JSSEImplementation.java
JSSESocketFactory is not a socket factory. Time for a rename.

git-svn-id: https://svn.apache.org/repos/asf/tomcat/trunk@1724042 13f79535-47bb-0310-9956-ffa450edef68



==================================================
JSSEUtil.java
index 12ed6d15df..241b1fd45d 100644
--- a/java/org/apache/tomcat/util/net/jsse/JSSEImplementation.java
+++ b/java/org/apache/tomcat/util/net/jsse/JSSEImplementation.java
@@ -47,6 +47,6 @@ public class JSSEImplementation extends SSLImplementation {
 
     @Override
     public SSLUtil getSSLUtil(SSLHostConfig sslHostConfig, SSLHostConfigCertificate certificate) {
-        return new JSSESocketFactory(sslHostConfig, certificate);
+        return new JSSEUtil(sslHostConfig, certificate);
     }
 }

==================================================
OpenSSLUtil.java
similarity index 97%
rename from java/org/apache/tomcat/util/net/jsse/JSSESocketFactory.java
rename to java/org/apache/tomcat/util/net/jsse/JSSEUtil.java
index def81ca954..c52fb54cc3 100644
--- a/java/org/apache/tomcat/util/net/jsse/JSSESocketFactory.java
+++ b/java/org/apache/tomcat/util/net/jsse/JSSEUtil.java
@@ -61,21 +61,18 @@ import org.apache.tomcat.util.net.SSLUtil;
 import org.apache.tomcat.util.res.StringManager;
 
 /**
- * SSL server socket factory. It <b>requires</b> a valid RSA key and
- * JSSE.<br>
- * keytool -genkey -alias tomcat -keyalg RSA<br>
- * Use "changeit" as password (this is the default we use).
+ * SSLUtil implementation for JSSE.
  *
  * @author Harish Prabandham
  * @author Costin Manolache
  * @author Stefan Freyr Stefansson
- * @author EKR -- renamed to JSSESocketFactory
+ * @author EKR
  * @author Jan Luehe
  */
-public class JSSESocketFactory implements SSLUtil {
+public class JSSEUtil implements SSLUtil {
 
-    private static final Log log = LogFactory.getLog(JSSESocketFactory.class);
-    private static final StringManager sm = StringManager.getManager(JSSESocketFactory.class);
+    private static final Log log = LogFactory.getLog(JSSEUtil.class);
+    private static final StringManager sm = StringManager.getManager(JSSEUtil.class);
 
     private final SSLHostConfig sslHostConfig;
     private final SSLHostConfigCertificate certificate;
@@ -83,7 +80,7 @@ public class JSSESocketFactory implements SSLUtil {
     private final String[] defaultServerProtocols;
 
 
-    public JSSESocketFactory (SSLHostConfig sslHostConfig, SSLHostConfigCertificate certificate) {
+    public JSSEUtil (SSLHostConfig sslHostConfig, SSLHostConfigCertificate certificate) {
         this.sslHostConfig = sslHostConfig;
         this.certificate = certificate;
 

==================================================
