cb884592797a55a05504baf905c265ccc88a7437
==================================================
Implement the use of a useful executor, this executor will increase threads until it reaches max threads, then it starts queueing the connections. This yields in much better fairness.
==================================================
Filip Hanik
==================================================
Tue Mar 13 23:54:03 2007 +0000
==================================================
Http11NioProtocol.java
Implement the use of a useful executor, this executor will increase threads until it reaches max threads, then it starts queueing the connections. This yields in much better fairness.


git-svn-id: https://svn.apache.org/repos/asf/tomcat/tc6.0.x/trunk@517941 13f79535-47bb-0310-9956-ffa450edef68



==================================================
NioEndpoint.java
index 6afddaeca3..9b390aa7c3 100644
--- a/java/org/apache/coyote/http11/Http11NioProtocol.java
+++ b/java/org/apache/coyote/http11/Http11NioProtocol.java
@@ -256,6 +256,10 @@ public class Http11NioProtocol implements ProtocolHandler, MBeanRegistration
     public void setExecutor(Executor executor) {
         ep.setExecutor(executor);
     }
+    
+    public void setUseExecutor(boolean useexec) {
+        ep.setUseExecutor(useexec);
+    }
 
     public int getMaxThreads() {
         return ep.getMaxThreads();

==================================================
