d2262d764864345e351a7d43392307b3955f9039
==================================================
Aliases were broken if the context was reloaded
==================================================
Mark Emlyn
==================================================
Mon Dec 13 15:06:13 2010 +0000
==================================================
StandardContext.java
index 51472faa90..74d2dba7ad 100644
--- a/java/org/apache/catalina/core/LocalStrings.properties
+++ b/java/org/apache/catalina/core/LocalStrings.properties
@@ -149,6 +149,8 @@ standardContext.urlDecode=Cannot URL decode request path {0}
 standardContext.urlPattern.patternWarning=WARNING: URL pattern {0} must start with a ''/'' in Servlet 2.4
 standardContext.urlValidate=Cannot validate URL decoded request path {0}
 standardContext.workPath=Exception obtaining work path for context [{0}]
+standardContext.workCreateException=Failed to determine absolute work directory from directory [{0}] and CATALINA_HOME [{1}] for context [{2}]
+standardContext.workCreateFail=Failed to create work directory [{0}] for context [{1}]
 standardContext.wrapper.error=JSP file {0} must start with a ''/'
 standardContext.wrapper.warning=WARNING: JSP file {0} must start with a ''/'' in Servlet 2.4
 standardEngine.alreadyStarted=Engine has already been started

==================================================
