d2630df67e70888fc7118b4646e4f88d761cfd84
==================================================
Fix https://issues.apache.org/bugzilla/show_bug.cgi?id=54800
==================================================
Mark Emlyn
==================================================
Tue Apr 23 16:23:20 2013 +0000
==================================================
WsWebSocketContainer.java
index c10d924c13..dd9d601f7f 100644
--- a/java/org/apache/tomcat/websocket/LocalStrings.properties
+++ b/java/org/apache/tomcat/websocket/LocalStrings.properties
@@ -62,6 +62,8 @@ wsSession.invalidHandlerTypePong=A pong message handler must implement MessageHa
 wsSession.removeHandlerFailed=Unable to remove the handler [{0}] as it was not registered with this session
 wsSession.unknownHandler=Unable to add the message handler [{0}] as it was for the unrecognised type [{1}]
 
+wsWebSocketContainer.asynchronousChannelGroupFail=Unable to create dedicated AsynchronousChannelGroup for WebSocket clients which is required to prevent memory leaks in complex class loader environments like J2EE containers
+wsWebSocketContainer.asynchronousSocketChannelFail=Unable to open a connection to the server
 wsWebSocketContainer.defaultConfiguratorFaill=Failed to create the default configurator
 wsWebSocketContainer.endpointCreateFail=Failed to create a local endpoint of type [{0}]
 wsWebSocketContainer.httpRequestFailed=The HTTP request to initiate the WebSocket conenction failed
@@ -72,4 +74,5 @@ wsWebSocketContainer.invalidSubProtocol=The WebSocket server returned multiple v
 wsWebSocketContainer.maxBuffer=This implementation limits the maximum size of a buffer to Integer.MAX_VALUE
 wsWebSocketContainer.missingAnnotation=Cannot use POJO class [{0}] as it is not annotated with @ClientEndpoint
 wsWebSocketContainer.pathNoHost=No host was specified in URI
-wsWebSocketContainer.pathWrongScheme=The scheme [{0}] is not supported
\ No newline at end of file
+wsWebSocketContainer.pathWrongScheme=The scheme [{0}] is not supported
+wsWebSocketContainer.sslEngineFail=Unable to create SSLEngine to support SSL/TLS connections

==================================================
