d2a78d07fed8c0e71f0a81f6b7fdb591c20abdb8
==================================================
Code clean-up. No functional change.
==================================================
Mark Emlyn
==================================================
Mon May 19 13:24:00 2014 +0000
==================================================
ApplicationFilterChain.java
Code clean-up. No functional change.
Merge exception handling blocks were code is identical.
Spotted while reviewing use of ExceptionUtils.unwrapInvocationTargetException()

git-svn-id: https://svn.apache.org/repos/asf/tomcat/trunk@1595893 13f79535-47bb-0310-9956-ffa450edef68



==================================================
NamingResourcesImpl.java
index 8e9d7de301..fefcf75c84 100644
--- a/java/org/apache/catalina/core/ApplicationFilterChain.java
+++ b/java/org/apache/catalina/core/ApplicationFilterChain.java
@@ -241,17 +241,7 @@ final class ApplicationFilterChain implements FilterChain, CometFilterChain {
 
                 support.fireInstanceEvent(InstanceEvent.AFTER_FILTER_EVENT,
                                           filter, request, response);
-            } catch (IOException e) {
-                if (filter != null)
-                    support.fireInstanceEvent(InstanceEvent.AFTER_FILTER_EVENT,
-                                              filter, request, response, e);
-                throw e;
-            } catch (ServletException e) {
-                if (filter != null)
-                    support.fireInstanceEvent(InstanceEvent.AFTER_FILTER_EVENT,
-                                              filter, request, response, e);
-                throw e;
-            } catch (RuntimeException e) {
+            } catch (IOException | ServletException | RuntimeException e) {
                 if (filter != null)
                     support.fireInstanceEvent(InstanceEvent.AFTER_FILTER_EVENT,
                                               filter, request, response, e);

==================================================
