d59117ae650379f6a206ae2f9fbb59b38353c000
==================================================
Add the RemoteCIDRFilter and RemoteCIDRValve that can be used to allow/deny requests based on IPv4 and/or IPv6 client address where the IP ranges are defined using CIDR notation.
==================================================
Mark Thomas
==================================================
Thu May 24 19:41:06 2018 +0000
==================================================
RemoteCIDRFilter.java
index 3eb4c36220..1d565cb871 100644
--- a/java/org/apache/catalina/filters/LocalStrings.properties
+++ b/java/org/apache/catalina/filters/LocalStrings.properties
@@ -49,6 +49,9 @@ expiresFilter.invalidDurationUnit=Invalid duration unit (years|months|weeks|days
 httpHeaderSecurityFilter.committed=Unable to add HTTP headers since response is already committed on entry to the HTTP header security Filter
 httpHeaderSecurityFilter.clickjack.invalid=An invalid value [{0}] was specified for the anti click-jacking header
 
+remoteCidrFilter.invalid=Invalid configuration provided for [{0}]. See previous messages for details.
+remoteCidrFilter.noRemoteIp=Client does not have an IP address. Request denied.
+
 requestFilter.deny=Denied request for [{0}] based on property [{1}]
 
 restCsrfPreventionFilter.invalidNonce=CSRF nonce validation failed
\ No newline at end of file

==================================================
RemoteCIDRValve.java
index fbcbc1ebd5..fd1d616d79 100644
--- a/java/org/apache/catalina/valves/LocalStrings.properties
+++ b/java/org/apache/catalina/valves/LocalStrings.properties
@@ -47,6 +47,9 @@ errorReportValve.noDescription=No description available
 errorReportValve.errorPageIOException=Unable to display error page at [{0}] due to an exception
 errorReportValve.errorPageNotFound=Unable to find a static error page at [{0}]
 
+remoteCidrValve.invalid=Invalid configuration provided for [{0}]. See previous messages for details.
+remoteCidrValve.noRemoteIp=Client does not have an IP address. Request denied.
+
 # Remote IP valve
 remoteIpValve.invalidPortHeader=Invalid value [{0}] found for port in HTTP header [{1}]
 

==================================================
