d8d0fef1b6e477a93b2045bc284f00abe6b9e882
==================================================
Fix https://bz.apache.org/bugzilla/show_bug.cgi?id=53411
==================================================
Mark Thomas
==================================================
Thu Jun 28 12:13:34 2018 +0000
==================================================
StandardEngine.java
index d34d598012..93a0361373 100644
--- a/java/org/apache/catalina/core/LocalStrings_ja.properties
+++ b/java/org/apache/catalina/core/LocalStrings_ja.properties
@@ -60,7 +60,6 @@ standardContext.servletMap.pattern=\u30b5\u30fc\u30d6\u30ec\u30c3\u30c8\u30de\u3
 standardContext.startFailed=\u4ee5\u524d\u306e\u30a8\u30e9\u30fc\u306e\u305f\u3081\u306b\u30b3\u30f3\u30c6\u30ad\u30b9\u30c8\u306e\u8d77\u52d5\u304c\u5931\u6557\u3057\u307e\u3057\u305f [{0}]
 standardContext.stoppingContext=\u30ed\u30fc\u30c0\u3092\u505c\u6b62\u4e2d\u306e\u4f8b\u5916\u3067\u3059
 standardContext.urlPattern.patternWarning=\u8b66\u544a: Servlet 2.4\u3067\u306fURL\u30d1\u30bf\u30fc\u30f3 [{0}] \u306f''/''\u3067\u59cb\u307e\u3089\u306a\u3051\u308c\u3070\u3044\u3051\u307e\u305b\u3093
-standardEngine.noHost=\u30b5\u30fc\u30d0\u540d [{0}] \u306b\u4e00\u81f4\u3059\u308b\u30db\u30b9\u30c8\u304c\u5b58\u5728\u3057\u307e\u305b\u3093
 standardEngine.notHost=\u30a8\u30f3\u30b8\u30f3\u306e\u5b50\u4f9b\u306f\u30db\u30b9\u30c8\u3067\u306a\u3051\u308c\u3070\u3044\u3051\u307e\u305b\u3093
 standardEngine.notParent=\u30a8\u30f3\u30b8\u30f3\u306f\u89aa\u306e\u30b3\u30f3\u30c6\u30ca\u3092\u6301\u3064\u3053\u3068\u306f\u3067\u304d\u307e\u305b\u3093
 standardHost.clientAbort=\u30ea\u30e2\u30fc\u30c8\u30af\u30e9\u30a4\u30a2\u30f3\u30c8\u304c\u30ea\u30af\u30a8\u30b9\u30c8\u3092\u4e2d\u6b62\u3057\u307e\u3057\u305f, IOException: [{0}]

==================================================
StandardEngineValve.java
index 2522de60af..4e7881cd1f 100644
--- a/java/org/apache/catalina/core/StandardEngine.java
+++ b/java/org/apache/catalina/core/StandardEngine.java
@@ -149,6 +149,9 @@ public class StandardEngine extends ContainerBase implements Engine {
         } else {
             this.defaultHost = host.toLowerCase(Locale.ENGLISH);
         }
+        if (getState().isAvailable()) {
+            service.getMapper().setDefaultHostName(host);
+        }
         support.firePropertyChange("defaultHost", oldDefaultHost,
                                    this.defaultHost);
 

==================================================
Mapper.java
index 4ea19483d0..e500aaaa1a 100644
--- a/java/org/apache/catalina/mapper/LocalStrings.properties
+++ b/java/org/apache/catalina/mapper/LocalStrings.properties
@@ -21,7 +21,7 @@ mapper.removeWrapper=Removing wrapper from Context [{0}] with path [{1}]
 mapper.duplicateHost=Duplicate Host [{0}]. The name is already used by Host [{1}]. This Host will be ignored.
 mapper.duplicateHostAlias=Duplicate host Alias [{0}] in Host [{1}]. The name is already used by Host [{2}]. This Alias will be ignored.
 
-mapperListener.unknownDefaultHost=Unknown default host [{0}] for service [{1}]
+mapperListener.unknownDefaultHost=Unknown default host [{0}] for service [{1}]. Tomcat will not be able process HTTP/1.0 requests that do not specify a host name.
 mapperListener.registerHost=Register host [{0}] at domain [{1}] for service [{2}]
 mapperListener.unregisterHost=Unregister host [{0}] at domain [{1}] for service [{2}]
 mapperListener.registerContext=Register Context [{0}] for service [{1}]

==================================================
MapperListener.java
index f3dec67305..688880895a 100644
--- a/java/org/apache/catalina/mapper/Mapper.java
+++ b/java/org/apache/catalina/mapper/Mapper.java
@@ -692,12 +692,14 @@ public final class Mapper {
                     MappingData mappingData) throws IOException {
 
         if (host.isNull()) {
+            if (defaultHostName == null) {
+                return;
+            }
             host.getCharChunk().append(defaultHostName);
         }
         host.toChars();
         uri.toChars();
-        internalMap(host.getCharChunk(), uri.getCharChunk(), version,
-                mappingData);
+        internalMap(host.getCharChunk(), uri.getCharChunk(), version, mappingData);
     }
 
 

==================================================
