db143a2cf52e376492fb78472b297ea8a1151162
==================================================
Add a comment on TLD JARs since no distinction is made between
==================================================
Mark Emlyn
==================================================
Fri Jun 14 07:40:09 2013 +0000
==================================================
TldConfig.java
Add a comment on TLD JARs since no distinction is made between
TLDs provided by an application and by the container.

git-svn-id: https://svn.apache.org/repos/asf/tomcat/trunk@1492976 13f79535-47bb-0310-9956-ffa450edef68



==================================================
TldLocationsCache.java
index 84351b7332..a88673c55c 100644
--- a/java/org/apache/catalina/startup/TldConfig.java
+++ b/java/org/apache/catalina/startup/TldConfig.java
@@ -289,11 +289,15 @@ public final class TldConfig  implements LifecycleListener {
         @Override
         public void scan(JarURLConnection urlConn, boolean isWebapp)
                 throws IOException {
+            // Note: TLDs are processed the same way for application and
+            //       container provided JARs.
             tldScanJar(urlConn);
         }
 
         @Override
         public void scan(File file, boolean isWebapp) {
+            // Note: TLDs are processed the same way for application and
+            //       container provided JARs.
             File metaInf = new File(file, "META-INF");
             if (metaInf.isDirectory()) {
                 tldScanDir(metaInf);

==================================================
