dc33554f351cf661df5addb8c1a168bdaba6abfa
==================================================
Port fix bug 40524. request.getAuthType() now returns CLIENT_CERT rather than CLIENT-CERT as per the spec. Now only web.xml, o.a.c.deploy.LoginConfig and Authenticators.properties use CLIENT-CERT.
==================================================
Mark Emlyn
==================================================
Sat Jan 27 21:32:52 2007 +0000
==================================================
Constants.java
Port fix bug 40524. request.getAuthType() now returns CLIENT_CERT rather than CLIENT-CERT as per the spec. Now only web.xml, o.a.c.deploy.LoginConfig and Authenticators.properties use CLIENT-CERT.

git-svn-id: https://svn.apache.org/repos/asf/tomcat/tc6.0.x/trunk@500629 13f79535-47bb-0310-9956-ffa450edef68



==================================================
SSLAuthenticator.java
index 0ffcd8820c..4cf47ba6ad 100644
--- a/java/org/apache/catalina/authenticator/Constants.java
+++ b/java/org/apache/catalina/authenticator/Constants.java
@@ -25,7 +25,7 @@ public class Constants {
 
     // Authentication methods for login configuration
     public static final String BASIC_METHOD = "BASIC";
-    public static final String CERT_METHOD = "CLIENT-CERT";
+    public static final String CERT_METHOD = "CLIENT_CERT";
     public static final String DIGEST_METHOD = "DIGEST";
     public static final String FORM_METHOD = "FORM";
 
@@ -55,7 +55,7 @@ public class Constants {
      * or not any user has been authenticated:</p>
      * <ul>
      * <li><strong>request.getAuthType()</strong>
-     *     will return BASIC, CLIENT-CERT, DIGEST, FORM, or <code>null</code>
+     *     will return BASIC, CLIENT_CERT, DIGEST, FORM, or <code>null</code>
      *     if there is no authenticated user.</li>
      * <li><strong>request.getUserPrincipal()</strong>
      *     will return the authenticated <code>Principal</code> returned by the

==================================================
SingleSignOn.java
index 5c9a6665f4..9cfc6cb466 100644
--- a/java/org/apache/catalina/authenticator/SSLAuthenticator.java
+++ b/java/org/apache/catalina/authenticator/SSLAuthenticator.java
@@ -102,7 +102,7 @@ public class SSLAuthenticator
 
         // NOTE: We don't try to reauthenticate using any existing SSO session,
         // because that will only work if the original authentication was
-        // BASIC or FORM, which are less secure than the CLIENT-CERT auth-type
+        // BASIC or FORM, which are less secure than the CLIENT_CERT auth-type
         // specified for this webapp
         //
         // Uncomment below to allow previous FORM or BASIC authentications

==================================================
SingleSignOnEntry.java
index e399f4e2f6..00c212a36a 100644
--- a/java/org/apache/catalina/authenticator/SingleSignOn.java
+++ b/java/org/apache/catalina/authenticator/SingleSignOn.java
@@ -616,7 +616,7 @@ public class SingleSignOn
      * <p>
      * The purpose of this method is to allow an SSO entry that was
      * established without a username/password combination (i.e. established
-     * following DIGEST or CLIENT-CERT authentication) to be updated with
+     * following DIGEST or CLIENT_CERT authentication) to be updated with
      * a username and password if one becomes available through a subsequent
      * BASIC or FORM authentication.  The SSO entry will then be usable for
      * reauthentication.
@@ -630,7 +630,7 @@ public class SingleSignOn
      * @param ssoId     identifier of Single sign to be updated
      * @param principal the <code>Principal</code> returned by the latest
      *                  call to <code>Realm.authenticate</code>.
-     * @param authType  the type of authenticator used (BASIC, CLIENT-CERT,
+     * @param authType  the type of authenticator used (BASIC, CLIENT_CERT,
      *                  DIGEST or FORM)
      * @param username  the username (if any) used for the authentication
      * @param password  the password (if any) used for the authentication

==================================================
