dd7f4490e368fe218bb03a1eaaa9c8cdcb7f615c
==================================================
Avoid accidental fall-through in a later change.
==================================================
Mark Thomas
==================================================
Tue Mar 3 09:19:59 2015 +0000
==================================================
AjpProcessor.java
Avoid accidental fall-through in a later change.

git-svn-id: https://svn.apache.org/repos/asf/tomcat/trunk@1663566 13f79535-47bb-0310-9956-ffa450edef68



==================================================
Http11Processor.java
index 595eac6b11..46bc814309 100644
--- a/java/org/apache/coyote/ajp/AjpProcessor.java
+++ b/java/org/apache/coyote/ajp/AjpProcessor.java
@@ -602,6 +602,7 @@ public class AjpProcessor extends AbstractProcessor {
         }
         case END_REQUEST: {
             // NO-OP for AJP
+            break;
         }
         }
     }

==================================================
