ddb8956de187a56b1052fdf184473eac5bb79dad
==================================================
Add the ability to write byte[] when using upgrade
==================================================
Mark Emlyn
==================================================
Fri Feb 24 17:30:19 2012 +0000
==================================================
UpgradeAprProcessor.java
Add the ability to write byte[] when using upgrade

git-svn-id: https://svn.apache.org/repos/asf/tomcat/trunk@1293351 13f79535-47bb-0310-9956-ffa450edef68



==================================================
UpgradeBioProcessor.java
index d2684151d9..03be46103b 100644
--- a/java/org/apache/coyote/http11/upgrade/UpgradeAprProcessor.java
+++ b/java/org/apache/coyote/http11/upgrade/UpgradeAprProcessor.java
@@ -55,6 +55,12 @@ public class UpgradeAprProcessor extends UpgradeProcessor<Long> {
     }
 
 
+    @Override
+    public void write(byte[]b, int off, int len) throws IOException {
+        Socket.send(socket, b, off, len);
+    }
+
+
     /*
      * Input methods
      */

==================================================
UpgradeNioProcessor.java
index 592b0a2e0f..f8f5bc8c7c 100644
--- a/java/org/apache/coyote/http11/upgrade/UpgradeBioProcessor.java
+++ b/java/org/apache/coyote/http11/upgrade/UpgradeBioProcessor.java
@@ -58,6 +58,12 @@ public class UpgradeBioProcessor extends UpgradeProcessor<Socket> {
     }
 
 
+    @Override
+    public void write(byte[]b, int off, int len) throws IOException {
+        outputStream.write(b, off, len);
+    }
+
+
     /*
      * Input methods
      */

==================================================
UpgradeOutbound.java
index 5fa317278f..d82833c9d4 100644
--- a/java/org/apache/coyote/http11/upgrade/UpgradeNioProcessor.java
+++ b/java/org/apache/coyote/http11/upgrade/UpgradeNioProcessor.java
@@ -77,7 +77,12 @@ public class UpgradeNioProcessor extends UpgradeProcessor<NioChannel> {
 
     @Override
     public void write(int b) throws IOException {
-        writeToSocket(new byte[] {(byte) b});
+        writeToSocket(new byte[] {(byte) b}, 0, 1);
+    }
+
+    @Override
+    public void write(byte[]b, int off, int len) throws IOException {
+        writeToSocket(b, off, len);
     }
 
     /*
@@ -147,10 +152,11 @@ public class UpgradeNioProcessor extends UpgradeProcessor<NioChannel> {
     /*
      * Adapted from the NioOutputBuffer
      */
-    private synchronized int writeToSocket(byte[] bytes) throws IOException {
+    private synchronized int writeToSocket(byte[] bytes, int off, int len)
+            throws IOException {
 
         nioChannel.getBufHandler().getWriteBuffer().clear();
-        nioChannel.getBufHandler().getWriteBuffer().put(bytes);
+        nioChannel.getBufHandler().getWriteBuffer().put(bytes, off, len);
         nioChannel.getBufHandler().getWriteBuffer().flip();
 
         int written = 0;

==================================================
UpgradeProcessor.java
index 6504aaac26..fb5937e360 100644
--- a/java/org/apache/coyote/http11/upgrade/UpgradeOutbound.java
+++ b/java/org/apache/coyote/http11/upgrade/UpgradeOutbound.java
@@ -42,4 +42,9 @@ public class UpgradeOutbound extends OutputStream {
     public void write(int b) throws IOException {
         processor.write(b);
     }
+
+    @Override
+    public void write(byte[] b, int off, int len) throws IOException {
+        processor.write(b, off, len);
+    }
 }

==================================================
