de52b16fe5a925befc469072268962afdc2e040c
==================================================
fix typo
==================================================
KangZhiDong worldkzd@gmail.com
==================================================
Sun Sep 1 03:34:01 2019 +0800
==================================================
HttpServletRequest.java
fix typo



==================================================
JspConfig.java
index 6cc782e394..872b9b841c 100644
--- a/java/javax/servlet/http/HttpServletRequest.java
+++ b/java/javax/servlet/http/HttpServletRequest.java
@@ -353,7 +353,7 @@ public interface HttpServletRequest extends ServletRequest {
      * <td>/xyz
      * </table>
      * <p>
-     * To reconstruct an URL with a scheme and host, use
+     * To reconstruct a URL with a scheme and host, use
      * {@link #getRequestURL}.
      *
      * @return a <code>String</code> containing the part of the URL from the

==================================================
