defeda9492a54194ea56e4a8220069608a7aa8f0
==================================================
Followup to r1553833:
==================================================
Konstantin Kolinko
==================================================
Sat Dec 28 20:17:54 2013 +0000
==================================================
WebResourceRoot.java
Followup to r1553833:
A few more trace[d] -> track[ed] renaming.

git-svn-id: https://svn.apache.org/repos/asf/tomcat/trunk@1553906 13f79535-47bb-0310-9956-ffa450edef68



==================================================
StandardRoot.java
index 8c2c6c1c98..31089dea80 100644
--- a/java/org/apache/catalina/WebResourceRoot.java
+++ b/java/org/apache/catalina/WebResourceRoot.java
@@ -396,9 +396,9 @@ public interface WebResourceRoot extends Lifecycle {
      */
     void backgroundProcess();
 
-    void registerTrackedResource(TrackedWebResource traceWrapper);
+    void registerTrackedResource(TrackedWebResource trackedResource);
 
-    void deregisterTrackedResource(TrackedWebResource traceWrapperInputStream);
+    void deregisterTrackedResource(TrackedWebResource trackedResource);
 
     /**
      * Obtain the set of {@link WebResourceSet#getBaseUrl()} for all

==================================================
