df1cdae31196c05de369d316865c79ecc95f28da
==================================================
Various version updates:
==================================================
Mark Emlyn
==================================================
Wed Jun 12 19:49:56 2013 +0000
==================================================
FormAuthenticator.java
index 1fd3f9a6ff..c8a8ff4a13 100644
--- a/build.xml
+++ b/build.xml
@@ -657,7 +657,7 @@
       filesId="files.annotations-api"
       manifest="${tomcat.manifests}/annotations-api.jar.manifest" />
 
-    <!-- Servlet 3.0 Implementation JAR File -->
+    <!-- Servlet 3.1 Implementation JAR File -->
     <jarIt jarfile="${servlet-api.jar}"
       filesDir="${tomcat.classes}"
       filesId="files.servlet-api"
@@ -665,7 +665,7 @@
       notice="${tomcat.manifests}/servlet-api.jar.notice"
       license="${tomcat.manifests}/servlet-api.jar.license" />
 
-    <!-- JSP 2.2 Implementation JAR File -->
+    <!-- JSP 2.3 Implementation JAR File -->
     <jarIt jarfile="${jsp-api.jar}"
       filesDir="${tomcat.classes}"
       filesId="files.jsp-api"
@@ -673,7 +673,7 @@
       notice="${tomcat.manifests}/jsp-api.jar.notice"
       license="${tomcat.manifests}/jsp-api.jar.license" />
 
-    <!-- JSP 2.2 EL Implementation JAR File -->
+    <!-- EL 3.0 Implementation JAR File -->
     <jarIt jarfile="${el-api.jar}"
       filesDir="${tomcat.classes}"
       filesId="files.el-api"
@@ -1689,9 +1689,9 @@ Apache Tomcat ${version} native binaries for Win64 AMD64/EMT64 platform.
       sourcepath="${tomcat.dist}/src/java"
       destdir="${tomcat.dist}/webapps/docs/jspapi"
       version="true"
-      windowtitle="JSP 2.2 API Documentation - Apache Tomcat ${version}"
-      doctitle="JSP 2.2 API - Apache Tomcat ${version}"
-      header="&lt;b&gt;JSP 2.2 - Apache Tomcat ${version}&lt;/b&gt;"
+      windowtitle="JSP 2.3 API Documentation - Apache Tomcat ${version}"
+      doctitle="JSP 2.3 API - Apache Tomcat ${version}"
+      header="&lt;b&gt;JSP 2.3 - Apache Tomcat ${version}&lt;/b&gt;"
       bottom="Copyright &amp;#169; 2000-${year} Apache Software Foundation. All Rights Reserved."
       encoding="ISO-8859-1"
       additionalparam="-breakiterator"
@@ -1706,9 +1706,9 @@ Apache Tomcat ${version} native binaries for Win64 AMD64/EMT64 platform.
       sourcepath="${tomcat.dist}/src/java"
       destdir="${tomcat.dist}/webapps/docs/elapi"
       version="true"
-      windowtitle="EL 2.2 API Documentation - Apache Tomcat ${version}"
-      doctitle="EL 2.2 API - Apache Tomcat ${version}"
-      header="&lt;b&gt;EL 2.2 - Apache Tomcat ${version}&lt;/b&gt;"
+      windowtitle="EL 3.0 API Documentation - Apache Tomcat ${version}"
+      doctitle="EL 3.0 API - Apache Tomcat ${version}"
+      header="&lt;b&gt;EL 3.0 - Apache Tomcat ${version}&lt;/b&gt;"
       bottom="Copyright &amp;#169; 2000-${year} Apache Software Foundation. All Rights Reserved."
       encoding="ISO-8859-1"
       additionalparam="-breakiterator"
@@ -2297,7 +2297,7 @@ Apache Tomcat ${version} native binaries for Win64 AMD64/EMT64 platform.
       notice="${tomcat.manifests}/servlet-api.jar.notice"
       license="${tomcat.manifests}/servlet-api.jar.license" />
 
-    <!-- JSP 2.2 Implementation JAR File -->
+    <!-- JSP 2.3 Implementation JAR File -->
     <jarIt jarfile="${jsp-api-src.jar}"
       filesDir="java"
       filesId="files.jsp-api"
@@ -2305,7 +2305,7 @@ Apache Tomcat ${version} native binaries for Win64 AMD64/EMT64 platform.
       notice="${tomcat.manifests}/jsp-api.jar.notice"
       license="${tomcat.manifests}/jsp-api.jar.license" />
 
-    <!-- JSP 2.2 EL Implementation JAR File -->
+    <!-- JSP EL 3.0 Implementation JAR File -->
     <jarIt jarfile="${el-api-src.jar}"
       filesDir="java"
       filesId="files.el-api"

==================================================
CoyoteAdapter.java
index 95318fcaae..a82af276f6 100644
--- a/java/org/apache/catalina/authenticator/package.html
+++ b/java/org/apache/catalina/authenticator/package.html
@@ -48,7 +48,7 @@ following JavaBeans properties (with default values in square brackets):</p>
 <li><b>DigestAuthenticator</b> - Implements HTTP DIGEST authentication, as
     described in RFC 2617.</li>
 <li><b>FormAuthenticator</b> - Implements FORM-BASED authentication, as
-    described in the Servlet API Specification, version 2.2.</li>
+    described in the Servlet API Specification.</li>
 </ul>
 
 </body>

==================================================
Validator.java
index fdbb97e5bc..19cea8521e 100644
--- a/java/org/apache/catalina/realm/package.html
+++ b/java/org/apache/catalina/realm/package.html
@@ -22,7 +22,7 @@ identifying their associated roles.  The <code>Realm</code> that is
 associated with a web application's <code>Context</code> (or a hierarchically
 superior Container) is used to resolve authentication and role presence
 questions when a web application uses container managed security as described
-in the Servlet API Specification, version 2.2.</p>
+in the Servlet API Specification.</p>
 
 <p>The implementations share a common base class that supports basic
 functionality for all of the standard <code>Realm</code> implementations,

==================================================
TestMapperContextRoot.java
index 85247d1d0c..63fba29ebb 100644
--- a/res/META-INF/servlet-api.jar.manifest
+++ b/res/META-INF/servlet-api.jar.manifest
@@ -4,8 +4,8 @@ X-Compile-Target-JDK: @target.jdk@
 
 Name: javax/servlet/
 Specification-Title: Java API for Servlets
-Specification-Version: 3.0
+Specification-Version: 3.1
 Specification-Vendor: Sun Microsystems, Inc.
 Implementation-Title: javax.servlet
-Implementation-Version: 3.0.@servlet.revision@
+Implementation-Version: 3.1.@servlet.revision@
 Implementation-Vendor: Apache Software Foundation

==================================================
