e06c0a84d5ac078e537924e840c504045ebcdeda
==================================================
Remove unused code
==================================================
Mark Thomas
==================================================
Fri Oct 7 19:46:33 2016 +0000
==================================================
AbstractStream.java
Remove unused code

git-svn-id: https://svn.apache.org/repos/asf/tomcat/trunk@1763817 13f79535-47bb-0310-9956-ffa450edef68



==================================================
Http2UpgradeHandler.java
index 68b9506939..7ae2dc0ecf 100644
--- a/java/org/apache/coyote/http2/AbstractStream.java
+++ b/java/org/apache/coyote/http2/AbstractStream.java
@@ -149,6 +149,4 @@ abstract class AbstractStream {
     protected abstract String getConnectionId();
 
     protected abstract int getWeight();
-
-    protected abstract void doNotifyAll();
 }

==================================================
Stream.java
index bf4f25c2b0..024f1f39ed 100644
--- a/java/org/apache/coyote/http2/Http2UpgradeHandler.java
+++ b/java/org/apache/coyote/http2/Http2UpgradeHandler.java
@@ -821,13 +821,6 @@ public class Http2UpgradeHandler extends AbstractStream implements InternalHttpU
     }
 
 
-
-    @Override
-    protected synchronized void doNotifyAll() {
-        this.notifyAll();
-    }
-
-
     private int allocate(AbstractStream stream, int allocation) {
         if (log.isDebugEnabled()) {
             log.debug(sm.getString("upgradeHandler.allocate.debug", getConnectionId(),

==================================================
