e120e8b9fcf1d1adf7d1cda07c8a97ca01ac0ff7
==================================================
consolidate methods into one
==================================================
Filip Hanik
==================================================
Sat Apr 14 15:02:02 2007 +0000
==================================================
Http11NioProcessor.java
consolidate methods into one


git-svn-id: https://svn.apache.org/repos/asf/tomcat/tc6.0.x/trunk@528818 13f79535-47bb-0310-9956-ffa450edef68



==================================================
NioEndpoint.java
index f9212a9d14..8bb1ea91c7 100644
--- a/java/org/apache/coyote/http11/Http11NioProcessor.java
+++ b/java/org/apache/coyote/http11/Http11NioProcessor.java
@@ -950,14 +950,14 @@ public class Http11NioProcessor implements ActionHook {
 
 
             rp.setStage(org.apache.coyote.Constants.STAGE_KEEPALIVE);
-            if (!error && keepAlive && !comet) {
-                //we're at a keep alive stage,
-                openSocket = true;
-                //Add the socket to the poller
-                socket.getPoller().add(socket);
-                //free up the thread
-                break;
-            }
+//            if (!error && keepAlive && !comet) {
+//                //we're at a keep alive stage,
+//                openSocket = true;
+//                //Add the socket to the poller
+//                socket.getPoller().add(socket);
+//                //free up the thread
+//                break;
+//            }
         }
 
         rp.setStage(org.apache.coyote.Constants.STAGE_ENDED);

==================================================
