e2de5a39621bd3814fa918d030e9fa1c3d6fcb1b
==================================================
Add session ID to the exception message to aid debugging.
==================================================
Mark Emlyn
==================================================
Wed Apr 23 21:47:50 2014 +0000
==================================================
WsSession.java
index b2ac118dd8..4c5c982131 100644
--- a/java/org/apache/tomcat/websocket/LocalStrings.properties
+++ b/java/org/apache/tomcat/websocket/LocalStrings.properties
@@ -71,7 +71,7 @@ wsRemoteEndpoint.wrongState=The remote endpoint was in state [{0}] which is an i
 # as many as 4 bytes.
 wsSession.timeout=The WebSocket session timeout expired
 
-wsSession.closed=The WebSocket session has been closed and no method (apart from close()) may be called on a closed session
+wsSession.closed=The WebSocket session [{0}] has been closed and no method (apart from close()) may be called on a closed session
 wsSession.duplicateHandlerBinary=A binary message handler has already been configured
 wsSession.duplicateHandlerPong=A pong message handler has already been configured
 wsSession.duplicateHandlerText=A text message handler has already been configured

==================================================
