e34b164dee690680ac878342d3b0c7008c30c326
==================================================
Fixed bug 48692: Provide option to parse application/x-www-form-urlencoded PUT requests
==================================================
Christopher Schultz
==================================================
Fri Dec 3 16:07:50 2010 +0000
==================================================
Connector.java
Fixed bug 48692: Provide option to parse application/x-www-form-urlencoded PUT requests


git-svn-id: https://svn.apache.org/repos/asf/tomcat/trunk@1041892 13f79535-47bb-0310-9956-ffa450edef68



==================================================
Request.java
index 64e58463d9..6197ca378e 100644
--- a/java/org/apache/catalina/connector/Connector.java
+++ b/java/org/apache/catalina/connector/Connector.java
@@ -18,7 +18,9 @@
 
 package org.apache.catalina.connector;
 
+import java.util.Arrays;
 import java.util.HashMap;
+import java.util.HashSet;
 
 import javax.management.ObjectName;
 
@@ -38,7 +40,7 @@ import org.apache.tomcat.util.res.StringManager;
 
 
 /**
- * Implementation of a Coyote connector for Tomcat 5.x.
+ * Implementation of a Coyote connector.
  *
  * @author Craig R. McClanahan
  * @author Remy Maucherat
@@ -184,6 +186,11 @@ public class Connector extends LifecycleMBeanBase  {
     protected int maxSavePostSize = 4 * 1024;
 
 
+    protected String parseBodyMethods = "POST";
+
+    protected HashSet parseBodyMethodsSet;
+
+
     /**
      * Flag to use IP-based virtual hosting.
      */
@@ -449,6 +456,30 @@ public class Connector extends LifecycleMBeanBase  {
     }
 
 
+    public String getParseBodyMethods()
+    {
+        return (this.parseBodyMethods);
+    }
+
+    public void setParseBodyMethods(String methods)
+    {
+        HashSet methodSet = new HashSet();
+
+        if(null != methods)
+            methodSet.addAll(Arrays.asList(methods.split("\\s*,\\s*")));
+
+        if(methodSet.contains("TRACE"))
+            throw new IllegalArgumentException("TRACE method MUST NOT include an entity (see RFC 2616 Section 9.6)");
+
+        this.parseBodyMethods = methods;
+        this.parseBodyMethodsSet = methodSet;
+    }
+
+    public boolean isParseBodyMethod(String method)
+    {
+        return parseBodyMethodsSet.contains(method);
+    }
+
     /**
      * Return the port number on which we listen for requests.
      */
@@ -866,6 +897,10 @@ public class Connector extends LifecycleMBeanBase  {
         protocolHandler.setAdapter(adapter);
         protocolHandler.setDomain(getDomain());
 
+        // Make sure parseBodyMethodsSet has a default
+        if(null == parseBodyMethodsSet)
+            setParseBodyMethods(getParseBodyMethods());
+
         try {
             protocolHandler.init();
         } catch (Exception e) {

==================================================
TestRequest.java
index f2b4a97ff8..60936bee69 100644
--- a/java/org/apache/catalina/connector/Request.java
+++ b/java/org/apache/catalina/connector/Request.java
@@ -2798,7 +2798,7 @@ public class Request
         if (usingInputStream || usingReader)
             return;
 
-        if (!getMethod().equalsIgnoreCase("POST"))
+        if(!getConnector().isParseBodyMethod(getMethod()))
             return;
 
         String contentType = getContentType();

==================================================
