e423fc3c773d4a4ffe100cfbea82d50c9dbca903
==================================================
Fix some niggles with icons in web.xml processing. Nothing that will cause a problem, just errors spotted whilst preparing for Servlet 3.0 fragment proceessing
==================================================
Mark Emlyn
==================================================
Fri Sep 11 10:47:11 2009 +0000
==================================================
ContextService.java
Fix some niggles with icons in web.xml processing. Nothing that will cause a problem, just errors spotted whilst preparing for Servlet 3.0 fragment proceessing

git-svn-id: https://svn.apache.org/repos/asf/tomcat/trunk@813771 13f79535-47bb-0310-9956-ffa450edef68



==================================================
WebRuleSet.java
index b0849fc958..e73a2c6ce6 100644
--- a/java/org/apache/catalina/deploy/ContextService.java
+++ b/java/org/apache/catalina/deploy/ContextService.java
@@ -51,16 +51,29 @@ public class ContextService extends ResourceBase implements Serializable {
     }
 
     /**
-     * An icon for this WebService.
+     * A large icon for this WebService.
      */
-    private String icon = null;
+    private String largeIcon = null;
 
-    public String getIcon() {
-        return (this.icon);
+    public String getLargeIcon() {
+        return (this.largeIcon);
     }
 
-    public void setIcon(String icon) {
-        this.icon = icon;
+    public void setLargeIcon(String largeIcon) {
+        this.largeIcon = largeIcon;
+    }
+
+    /**
+     * A small icon for this WebService.
+     */
+    private String smallIcon = null;
+
+    public String getSmallIcon() {
+        return (this.smallIcon);
+    }
+
+    public void setSmallIcon(String smallIcon) {
+        this.smallIcon = smallIcon;
     }
 
     /**
@@ -200,9 +213,13 @@ public class ContextService extends ResourceBase implements Serializable {
             sb.append(", displayname=");
             sb.append(displayname);
         }
-        if (icon != null) {
-            sb.append(", icon=");
-            sb.append(icon);
+        if (largeIcon != null) {
+            sb.append(", largeIcon=");
+            sb.append(largeIcon);
+        }
+        if (smallIcon != null) {
+            sb.append(", smallIcon=");
+            sb.append(smallIcon);
         }
         if (wsdlfile != null) {
             sb.append(", wsdl-file=");

==================================================
