e61c9638ee9c459a619419b1350a37e68379beef
==================================================
Allow the OpenSSL implementation to use either the OpenSSL or JSSE type without a warning. If trying to use both, it might work, but IMO a warning is needed.
==================================================
Remy Maucherat
==================================================
Mon Nov 23 13:46:38 2015 +0000
==================================================
AbstractJsseEndpoint.java
Allow the OpenSSL implementation to use either the OpenSSL or JSSE type without a warning. If trying to use both, it might work, but IMO a warning is needed.

git-svn-id: https://svn.apache.org/repos/asf/tomcat/trunk@1715809 13f79535-47bb-0310-9956-ffa450edef68



==================================================
SSLHostConfig.java
index 8a60b35d05..ac985b2f73 100644
--- a/java/org/apache/tomcat/util/net/AbstractJsseEndpoint.java
+++ b/java/org/apache/tomcat/util/net/AbstractJsseEndpoint.java
@@ -68,7 +68,7 @@ public abstract class AbstractJsseEndpoint<S> extends AbstractEndpoint<S> {
         // TODO: Add configuration to allow the OpenSSLImplementation to optionally use the JSSE configuration
         // (it should still default to OpenSSL style since it is the most logical and straightforward)
         if (OpenSSLImplementation.IMPLEMENTATION_NAME.equals(sslImplementationName)) {
-            return SSLHostConfig.Type.OPENSSL;
+            return SSLHostConfig.Type.EITHER;
         } else {
             return SSLHostConfig.Type.JSSE;
         }

==================================================
