e6304ca9f0e08730efb630b498d975545d7ab754
==================================================
Fix test failures
==================================================
Mark Thomas
==================================================
Wed Sep 22 19:53:35 2021 +0100
==================================================
TestSchemaValidation.java
Fix test failures


==================================================
TestJspCServletContext.java
index 223e5be7e9..dd070fbc75 100644
--- a/test/jakarta/servlet/resources/TestSchemaValidation.java
+++ b/test/jakarta/servlet/resources/TestSchemaValidation.java
@@ -39,7 +39,7 @@ public class TestSchemaValidation {
         digester.push(new WebXml());
         WebXml desc = (WebXml) digester.parse(
                 new File("test/webapp/WEB-INF/web.xml"));
-        Assert.assertEquals("5.0", desc.getVersion());
+        Assert.assertEquals("6.0", desc.getVersion());
         Assert.assertEquals(0, handler.getErrors().size());
         Assert.assertEquals(0, handler.getWarnings().size());
     }

==================================================
TestWebXml.java
index 57cd4e9ada..f8d0adbd40 100644
--- a/test/org/apache/jasper/servlet/TestJspCServletContext.java
+++ b/test/org/apache/jasper/servlet/TestJspCServletContext.java
@@ -34,7 +34,7 @@ public class TestJspCServletContext {
         File appDir = new File("test/webapp");
         JspCServletContext context = new JspCServletContext(
                 null, appDir.toURI().toURL(), null, false, false);
-        Assert.assertEquals(5, context.getEffectiveMajorVersion());
+        Assert.assertEquals(6, context.getEffectiveMajorVersion());
         Assert.assertEquals(0, context.getEffectiveMinorVersion());
         JspConfigDescriptor jspConfigDescriptor =
                 context.getJspConfigDescriptor();
@@ -148,7 +148,7 @@ public class TestJspCServletContext {
         File appDir = new File("test/webresources/dir1");
         JspCServletContext context = new JspCServletContext(
                 null, appDir.toURI().toURL(), null, false, false);
-        Assert.assertEquals(5, context.getEffectiveMajorVersion());
+        Assert.assertEquals(6, context.getEffectiveMajorVersion());
         Assert.assertEquals(0, context.getEffectiveMinorVersion());
     }
 

==================================================
