ea102d1b0949a6605acc0fb120be099866330dd0
==================================================
Document JspAttribute.isDynamic() and correct wrong value of this flag for "omit" attribute of <jsp:attribute> action.
==================================================
Konstantin Kolinko
==================================================
Mon Apr 28 21:17:08 2014 +0000
==================================================
Node.java
Document JspAttribute.isDynamic() and correct wrong value of this flag for "omit" attribute of <jsp:attribute> action.

I think there were no observable consequences of this typo. The "dynamic" flag makes sense only for attributes of a CustomTag.

git-svn-id: https://svn.apache.org/repos/asf/tomcat/trunk@1590801 13f79535-47bb-0310-9956-ffa450edef68



==================================================
Validator.java
index a74bb5f80d..e5122e55e3 100644
--- a/java/org/apache/jasper/compiler/Node.java
+++ b/java/org/apache/jasper/compiler/Node.java
@@ -2292,7 +2292,9 @@ abstract class Node implements TagConstants {
         }
 
         /**
-         * XXX
+         * <code>true</code> if the attribute is a "dynamic" attribute of a
+         * custom tag that implements DynamicAttributes interface. That is,
+         * a random extra attribute that is not declared by the tag.
          */
         public boolean isDynamic() {
             return dynamic;

==================================================
