eb9a409476c5dcc724ef78cbe262db3dd3628e5e
==================================================
Switch to org.apache.coyote.ajp.AjpProtocol rather than org.apache.jk.server.JkCoyoteHandler
==================================================
Mark Emlyn
==================================================
Thu Apr 9 09:49:34 2009 +0000
==================================================
Connector.java
Switch to org.apache.coyote.ajp.AjpProtocol rather than org.apache.jk.server.JkCoyoteHandler

git-svn-id: https://svn.apache.org/repos/asf/tomcat/trunk@763580 13f79535-47bb-0310-9956-ffa450edef68



==================================================
Embedded.java
index 9df11b1432..33bfec6193 100644
--- a/java/org/apache/catalina/connector/Connector.java
+++ b/java/org/apache/catalina/connector/Connector.java
@@ -596,7 +596,7 @@ public class Connector
             || "org.apache.coyote.http11.Http11AprProtocol".equals
             (getProtocolHandlerClassName())) {
             return "HTTP/1.1";
-        } else if ("org.apache.jk.server.JkCoyoteHandler".equals
+        } else if ("org.apache.coyote.ajp.AjpProtocol".equals
                    (getProtocolHandlerClassName())
                    || "org.apache.coyote.ajp.AjpAprProtocol".equals
                    (getProtocolHandlerClassName())) {
@@ -684,7 +684,7 @@ public class Connector
                     ("org.apache.coyote.http11.Http11Protocol");
             } else if ("AJP/1.3".equals(protocol)) {
                 setProtocolHandlerClassName
-                    ("org.apache.jk.server.JkCoyoteHandler");
+                    ("org.apache.coyote.ajp.AjpProtocol");
             } else if (protocol != null) {
                 setProtocolHandlerClassName(protocol);
             }

==================================================
