eee5b5959dc0e5fd004f4774ff29b987e1b9af61
==================================================
Update package name
==================================================
Mark Emlyn
==================================================
Sun Apr 5 18:52:31 2009 +0000
==================================================
Generator.java
Update package name

git-svn-id: https://svn.apache.org/repos/asf/tomcat/trunk@762133 13f79535-47bb-0310-9956-ffa450edef68



==================================================
InstanceManagerFactory.java
index 9cb4033c62..7764270fb8 100644
--- a/java/org/apache/jasper/compiler/Generator.java
+++ b/java/org/apache/jasper/compiler/Generator.java
@@ -530,7 +530,7 @@ class Generator {
         out.printin("private javax.el.ExpressionFactory ");
         out.print(VAR_EXPRESSIONFACTORY);
         out.println(";");
-        out.printin("private org.apache.InstanceManager ");
+        out.printin("private org.apache.tomcat.InstanceManager ");
         out.print(VAR_INSTANCEMANAGER);
         out.println(";");
         out.println();

==================================================
