f0a0aec960536fc65e2e8bb4f87f01655b205463
==================================================
Fix https://issues.apache.org/bugzilla/show_bug.cgi?id=48285
==================================================
Mark Emlyn
==================================================
Fri Nov 27 18:01:12 2009 +0000
==================================================
ApplicationFilterFactory.java
Fix https://issues.apache.org/bugzilla/show_bug.cgi?id=48285
Add handling of Async dispatcher types

git-svn-id: https://svn.apache.org/repos/asf/tomcat/trunk@884926 13f79535-47bb-0310-9956-ffa450edef68



==================================================
FilterMap.java
index 8dc705f121..57fbf9866e 100644
--- a/java/org/apache/catalina/core/ApplicationFilterFactory.java
+++ b/java/org/apache/catalina/core/ApplicationFilterFactory.java
@@ -354,6 +354,12 @@ public final class ApplicationFilterFactory {
                 }
                 break;
             }
+            case ASYNC : {
+                if ((filterMap.getDispatcherMapping() & FilterMap.ASYNC) > 0) {
+                    return true;
+                }
+                break;
+            }
         }
         return false;
     }

==================================================
