f25bb8042a967f4e7c4f6778a6360a9ce7ad8a5a
==================================================
Checkstyle fix.
==================================================
Remy Maucherat
==================================================
Fri May 22 09:30:56 2015 +0000
==================================================
MessageDispatchInterceptor.java
index d7ff1ca8f9..4fc2da8658 100644
--- a/java/org/apache/catalina/tribes/group/interceptors/LocalStrings.properties
+++ b/java/org/apache/catalina/tribes/group/interceptors/LocalStrings.properties
@@ -54,5 +54,5 @@ throughputInterceptor.report=ThroughputInterceptor Report[\
   \n\tRx Msg:{7} messages\
   \n\tRx Speed:{8} MB/sec (since 1st msg)\
   \n\tReceived:{9} MB]\n
-twoPhaseCommitInterceptor.originalMessage.missing=Received a confirmation, but original message is missing. Id:{0} 
+twoPhaseCommitInterceptor.originalMessage.missing=Received a confirmation, but original message is missing. Id:{0}
 twoPhaseCommitInterceptor.heartbeat.failed=Unable to perform heartbeat on the TwoPhaseCommit interceptor.
\ No newline at end of file

==================================================
ThroughputInterceptor.java
index 5c1cf787e6..2172602bd8 100644
--- a/java/org/apache/catalina/tribes/group/interceptors/MessageDispatchInterceptor.java
+++ b/java/org/apache/catalina/tribes/group/interceptors/MessageDispatchInterceptor.java
@@ -41,7 +41,7 @@ import org.apache.juli.logging.LogFactory;
 public class MessageDispatchInterceptor extends ChannelInterceptorBase implements Runnable {
     private static final Log log = LogFactory.getLog(MessageDispatchInterceptor.class);
     protected static final StringManager sm = StringManager.getManager(MessageDispatchInterceptor.class);
-    
+
     protected long maxQueueSize = 1024*1024*64; //64MB
     protected final FastQueue queue = new FastQueue();
     protected volatile boolean run = false;

==================================================
