f5dc8626d2b211280dd04522d0e1925431d71f95
==================================================
Refactor: Access concurrency control directly from protocol
==================================================
Mark Thomas
==================================================
Tue Sep 5 09:43:59 2017 +0000
==================================================
Http2Protocol.java
Refactor: Access concurrency control directly from protocol

git-svn-id: https://svn.apache.org/repos/asf/tomcat/trunk@1807328 13f79535-47bb-0310-9956-ffa450edef68



==================================================
Http2UpgradeHandler.java
index b7b1b44033..e37e2d8e8e 100644
--- a/java/org/apache/coyote/http2/Http2Protocol.java
+++ b/java/org/apache/coyote/http2/Http2Protocol.java
@@ -105,7 +105,6 @@ public class Http2Protocol implements UpgradeProtocol {
                 ? new Http2AsyncUpgradeHandler(this, adapter, coyoteRequest)
                 : new Http2UpgradeHandler(this, adapter, coyoteRequest);
 
-        result.setMaxConcurrentStreamExecution(getMaxConcurrentStreamExecution());
         result.setAllowedTrailerHeaders(allowedTrailerHeaders);
         result.setMaxHeaderCount(getMaxHeaderCount());
         result.setMaxHeaderSize(getMaxHeaderSize());

==================================================
