f5eb35a53bb18df2130ae3b61c97a30e02338dc8
==================================================
bug 49159: Improve ThreadLocal memory leak clean-up 
==================================================
Sylvain Laurent
==================================================
Tue Dec 21 22:26:55 2010 +0000
==================================================
ThreadPoolExecutor.java
deleted file mode 100644
index b67afa5a8e..0000000000
--- a/java/org/apache/tomcat/util/threads/LocalStrings.properties
+++ /dev/null
@@ -1,16 +0,0 @@
-# Licensed to the Apache Software Foundation (ASF) under one or more
-# contributor license agreements.  See the NOTICE file distributed with
-# this work for additional information regarding copyright ownership.
-# The ASF licenses this file to You under the Apache License, Version 2.0
-# (the "License"); you may not use this file except in compliance with
-# the License.  You may obtain a copy of the License at
-#
-#     http://www.apache.org/licenses/LICENSE-2.0
-#
-# Unless required by applicable law or agreed to in writing, software
-# distributed under the License is distributed on an "AS IS" BASIS,
-# WITHOUT WARRANTIES OR CONDITIONS OF ANY KIND, either express or implied.
-# See the License for the specific language governing permissions and
-# limitations under the License.
-
-threadPoolExecutor.threadStoppedToAvoidPotentialLeak=Stopping thread {0} to avoid potential memory leaks after a context was stopped.

==================================================
