f721cffe4f2fca61b31c000dae1f35efb6f81059
==================================================
Fix logic error. No functional impact but the code would have been a little slower.
==================================================
Mark Emlyn
==================================================
Mon Aug 18 09:24:38 2014 +0000
==================================================
JasperELResolver.java
Fix logic error. No functional impact but the code would have been a little slower.
Based on a patch by martinschaef.
This closes #13

git-svn-id: https://svn.apache.org/repos/asf/tomcat/trunk@1618565 13f79535-47bb-0310-9956-ffa450edef68



==================================================
TestJasperELResolver.java
index d798b89232..3e2f43c456 100644
--- a/java/org/apache/jasper/el/JasperELResolver.java
+++ b/java/org/apache/jasper/el/JasperELResolver.java
@@ -69,7 +69,7 @@ public class JasperELResolver extends CompositeELResolver {
     public synchronized void add(ELResolver elResolver) {
         super.add(elResolver);
 
-        if (resolvers.length < size) {
+        if (resolvers.length > size) {
             resolvers[size] = elResolver;
         } else {
             ELResolver[] nr = new ELResolver[size + 1];

==================================================
