f8d199415143ffd4c1c6f5dae1852d0737672d71
==================================================

==================================================
Filip Hanik
==================================================
Thu Aug 6 22:44:35 2009 +0000
==================================================
Request.java

clarify name


git-svn-id: https://svn.apache.org/repos/asf/tomcat/trunk@801827 13f79535-47bb-0310-9956-ffa450edef68



==================================================
ApplicationDispatcher.java
index 46458db5f1..847d6f201b 100644
--- a/java/org/apache/catalina/connector/Request.java
+++ b/java/org/apache/catalina/connector/Request.java
@@ -849,7 +849,7 @@ public class Request
         }
         
         if (name.equals(Globals.ASYNC_SUPPORTED_ATTR)) {
-            return isAsyncSupported();
+            return asyncSupported;
         }
 
         Object attr=attributes.get(name);

==================================================
