fbd6b3bcd01cf5a49a1f3dc614f288e1a0dd79e5
==================================================
Implemented JASPIC module for DIGEST authentication
==================================================
Mark Thomas
==================================================
Tue Jun 23 10:03:20 2015 +0000
==================================================
TomcatAuthConfig.java
Implemented JASPIC module for DIGEST authentication
Patch by fjodorver

git-svn-id: https://svn.apache.org/repos/asf/tomcat/trunk@1687016 13f79535-47bb-0310-9956-ffa450edef68



==================================================
DigestAuthModule.java
index bc49b7e7e6..c34ae336ee 100644
--- a/java/org/apache/catalina/authenticator/jaspic/provider/TomcatAuthConfig.java
+++ b/java/org/apache/catalina/authenticator/jaspic/provider/TomcatAuthConfig.java
@@ -30,6 +30,7 @@ import javax.security.auth.message.config.ServerAuthContext;
 
 import org.apache.catalina.Realm;
 import org.apache.catalina.authenticator.jaspic.provider.modules.BasicAuthModule;
+import org.apache.catalina.authenticator.jaspic.provider.modules.DigestAuthModule;
 import org.apache.catalina.authenticator.jaspic.provider.modules.TomcatAuthModule;
 
 public class TomcatAuthConfig implements ServerAuthConfig {
@@ -94,6 +95,7 @@ public class TomcatAuthConfig implements ServerAuthConfig {
     private Collection<TomcatAuthModule> getModules() {
         List<TomcatAuthModule> modules = new ArrayList<>();
         modules.add(new BasicAuthModule());
+        modules.add(new DigestAuthModule(realm));
         return modules;
     }
 }

==================================================
