fd1ba74e9f19ac33ed2e4d1a1168f60547004a36
==================================================
Add another method found in spec
==================================================
Filip Hanik
==================================================
Thu Jun 28 15:22:48 2012 +0000
==================================================
ServletInputStream.java
Add another method found in spec


git-svn-id: https://svn.apache.org/repos/asf/tomcat/trunk@1355042 13f79535-47bb-0310-9956-ffa450edef68



==================================================
CoyoteInputStream.java
index 12eb578e3d..cead0f6da7 100644
--- a/java/javax/servlet/ServletInputStream.java
+++ b/java/javax/servlet/ServletInputStream.java
@@ -82,6 +82,13 @@ public abstract class ServletInputStream extends InputStream {
         return count > 0 ? count : -1;
     }
 
+    /**
+     * TODO SERVLET 3.1
+     * @return
+     */
+    public abstract int dataAvailable();
+
+
     /**
      * TODO SERVLET 3.1
      * @return

==================================================
