fdd0be321634fc60ac60903e9f062323014811b5
==================================================
Document more manager options, far from complete
==================================================
Filip Hanik
==================================================
Thu Oct 12 23:21:21 2006 +0000
==================================================
ClusterManager.java
Document more manager options, far from complete


git-svn-id: https://svn.apache.org/repos/asf/tomcat/tc6.0.x/trunk@463510 13f79535-47bb-0310-9956-ffa450edef68



==================================================
BackupManager.java
index 3f69cf13f6..9a05faf25c 100644
--- a/java/org/apache/catalina/ha/ClusterManager.java
+++ b/java/org/apache/catalina/ha/ClusterManager.java
@@ -82,13 +82,13 @@ public interface ClusterManager extends Manager {
     * @return Manager send only to same cluster domain.
     * @since 5.5.10
     */
-   public boolean isSendClusterDomainOnly();
+   public boolean doDomainReplication();
 
    /**
     * @param sendClusterDomainOnly Flag value.
     * @since 5.5.10
     */
-   public void setSendClusterDomainOnly(boolean sendClusterDomainOnly);
+   public void setDomainReplication(boolean domainReplication);
 
    /**
     * @param mode The mode

==================================================
DeltaManager.java
index 5461a52754..dbc04018d6 100644
--- a/java/org/apache/catalina/ha/session/BackupManager.java
+++ b/java/org/apache/catalina/ha/session/BackupManager.java
@@ -76,14 +76,14 @@ public class BackupManager extends StandardManager implements ClusterManager
     public void messageDataReceived(ClusterMessage msg) {
     }
 
-    public boolean isSendClusterDomainOnly() {
+    public boolean doDomainReplication() {
         return false;
     }
 
     /**
      * @param sendClusterDomainOnly The sendClusterDomainOnly to set.
      */
-    public void setSendClusterDomainOnly(boolean sendClusterDomainOnly) {
+    public void setDomainReplication(boolean sendClusterDomainOnly) {
     }
 
     /**

==================================================
JvmRouteBinderValve.java
index 7082963008..30d39e9eb1 100644
--- a/java/org/apache/catalina/ha/session/DeltaManager.java
+++ b/java/org/apache/catalina/ha/session/DeltaManager.java
@@ -358,14 +358,14 @@ public class DeltaManager extends ClusterManagerBase{
     /**
      * @return Returns the sendClusterDomainOnly.
      */
-    public boolean isSendClusterDomainOnly() {
+    public boolean doDomainReplication() {
         return sendClusterDomainOnly;
     }
     
     /**
      * @param sendClusterDomainOnly The sendClusterDomainOnly to set.
      */
-    public void setSendClusterDomainOnly(boolean sendClusterDomainOnly) {
+    public void setDomainReplication(boolean sendClusterDomainOnly) {
         this.sendClusterDomainOnly = sendClusterDomainOnly;
     }
 
@@ -581,7 +581,7 @@ public class DeltaManager extends ClusterManagerBase{
      */
     protected void send(SessionMessage msg) {
         if(cluster != null) {
-            if(isSendClusterDomainOnly())
+            if(doDomainReplication())
                 cluster.sendClusterDomain(msg);
             else
                 cluster.send(msg);
@@ -1280,7 +1280,7 @@ public class DeltaManager extends ClusterManagerBase{
      *            requesting node
      */
     protected void messageReceived(SessionMessage msg, Member sender) {
-        if(isSendClusterDomainOnly() && !checkSenderDomain(msg,sender)) {
+        if(doDomainReplication() && !checkSenderDomain(msg,sender)) {
             return;
         }
         ClassLoader contextLoader = Thread.currentThread().getContextClassLoader();

==================================================
SimpleTcpReplicationManager.java
index f35845182a..4577d34373 100644
--- a/java/org/apache/catalina/ha/session/JvmRouteBinderValve.java
+++ b/java/org/apache/catalina/ha/session/JvmRouteBinderValve.java
@@ -386,7 +386,7 @@ public class JvmRouteBinderValve extends ValveBase implements ClusterValve, Life
         Context context = request.getContext();
         msg.setContextPath(context.getPath());
         msg.setHost(context.getParent().getName());
-        if(manager.isSendClusterDomainOnly())
+        if(manager.doDomainReplication())
             cluster.sendClusterDomain(msg);
         else
             cluster.send(msg);

==================================================
ReplicationValve.java
index 36cabe1859..99ef6a8e98 100644
--- a/java/org/apache/catalina/ha/session/SimpleTcpReplicationManager.java
+++ b/java/org/apache/catalina/ha/session/SimpleTcpReplicationManager.java
@@ -112,14 +112,14 @@ public class SimpleTcpReplicationManager extends StandardManager implements Clus
         super();
     }
 
-    public boolean isSendClusterDomainOnly() {
+    public boolean doDomainReplication() {
         return sendClusterDomainOnly;
     }
     
     /**
      * @param sendClusterDomainOnly The sendClusterDomainOnly to set.
      */
-    public void setSendClusterDomainOnly(boolean sendClusterDomainOnly) {
+    public void setDomainReplication(boolean sendClusterDomainOnly) {
         this.sendClusterDomainOnly = sendClusterDomainOnly;
     }
   

==================================================
