fe924f1de1f7bc92e964ff36ae6650ee7f1ab247
==================================================
Use a BAOS
==================================================
remm remm@apache.org
==================================================
Wed Mar 4 14:31:05 2020 +0100
==================================================
Http2TestBase.java
Use a BAOS

Attempt to make the test avoid frame buffering.
Remove HTTP header output.


==================================================
TestLargeUpload.java
index f622569b19..3f65876c99 100644
--- a/test/org/apache/coyote/http2/Http2TestBase.java
+++ b/test/org/apache/coyote/http2/Http2TestBase.java
@@ -648,9 +648,6 @@ public abstract class Http2TestBase extends TomcatBaseTest {
 
     boolean readHttpUpgradeResponse() throws IOException {
         String[] responseHeaders = readHttpResponseHeaders();
-        for (String header : responseHeaders) {
-            System.out.println("HEADER: " + header);
-        }
 
         if (responseHeaders.length < 3) {
             return false;

==================================================
