ff4e1f3006c9be42ab134a72d2d788c1176c29b9
==================================================
Extract test to a test case
==================================================
Mark Emlyn
==================================================
Tue Jul 5 16:32:28 2011 +0000
==================================================
GzipInterceptor.java
Extract test to a test case

git-svn-id: https://svn.apache.org/repos/asf/tomcat/trunk@1143130 13f79535-47bb-0310-9956-ffa450edef68



==================================================
TestGzipInterceptor.java
index 2576c0ca85..d34d5394f2 100644
--- a/java/org/apache/catalina/tribes/group/interceptors/GzipInterceptor.java
+++ b/java/org/apache/catalina/tribes/group/interceptors/GzipInterceptor.java
@@ -20,7 +20,6 @@ package org.apache.catalina.tribes.group.interceptors;
 import java.io.ByteArrayInputStream;
 import java.io.ByteArrayOutputStream;
 import java.io.IOException;
-import java.util.Arrays;
 import java.util.zip.GZIPInputStream;
 import java.util.zip.GZIPOutputStream;
 
@@ -33,10 +32,7 @@ import org.apache.juli.logging.Log;
 import org.apache.juli.logging.LogFactory;
 
 
-
 /**
- *
- *
  * @author Filip Hanik
  * @version 1.0
  */
@@ -95,14 +91,4 @@ public class GzipInterceptor extends ChannelInterceptorBase {
         System.arraycopy(tmp,0,result,0,length);
         return result;
     }
-    
-    public static void main(String[] arg) throws Exception {
-        byte[] data = new byte[1024];
-        Arrays.fill(data,(byte)1);
-        byte[] compress = compress(data);
-        decompress(compress);
-        System.out.println("Debug test");
-        
-    }
-    
 }

==================================================
